<?xml version="1.0" encoding="UTF-8"?>
<coverage generated="1775469282303" clover="3.2.0">
  <project timestamp="1775469282303" name="All files">
    <metrics statements="255" coveredstatements="135" conditionals="195" coveredconditionals="98" methods="83" coveredmethods="41" elements="533" coveredelements="274" complexity="0" loc="255" ncloc="255" packages="1" files="1" classes="1"/>
    <file name="SchoolRegistrationForm.jsx" path="/media/koushik/New Volume/EEC-NIF/frontend/src/components/SchoolRegistrationForm.jsx">
      <metrics statements="255" coveredstatements="135" conditionals="195" coveredconditionals="98" methods="83" coveredmethods="41"/>
      <line num="11" count="1" type="stmt"/>
      <line num="14" count="1" type="stmt"/>
      <line num="15" count="6" type="stmt"/>
      <line num="16" count="6" type="stmt"/>
      <line num="19" count="1" type="stmt"/>
      <line num="20" count="3" type="stmt"/>
      <line num="23" count="1" type="stmt"/>
      <line num="24" count="0" type="stmt"/>
      <line num="25" count="0" type="cond" truecount="0" falsecount="2"/>
      <line num="26" count="0" type="stmt"/>
      <line num="28" count="0" type="stmt"/>
      <line num="32" count="1" type="stmt"/>
      <line num="39" count="1" type="stmt"/>
      <line num="40" count="1" type="stmt"/>
      <line num="41" count="1" type="stmt"/>
      <line num="42" count="1" type="stmt"/>
      <line num="48" count="1" type="stmt"/>
      <line num="51" count="1" type="stmt"/>
      <line num="52" count="1417" type="cond" truecount="2" falsecount="0"/>
      <line num="60" count="1" type="stmt"/>
      <line num="61" count="1735" type="stmt"/>
      <line num="69" count="1" type="stmt"/>
      <line num="70" count="271" type="stmt"/>
      <line num="86" count="1" type="stmt"/>
      <line num="87" count="38" type="stmt"/>
      <line num="102" count="1" type="stmt"/>
      <line num="103" count="195" type="stmt"/>
      <line num="104" count="195" type="stmt"/>
      <line num="105" count="195" type="stmt"/>
      <line num="107" count="195" type="stmt"/>
      <line num="126" count="195" type="stmt"/>
      <line num="127" count="195" type="stmt"/>
      <line num="128" count="195" type="stmt"/>
      <line num="129" count="195" type="stmt"/>
      <line num="130" count="195" type="stmt"/>
      <line num="131" count="195" type="stmt"/>
      <line num="133" count="195" type="cond" truecount="0" falsecount="1"/>
      <line num="134" count="0" type="stmt"/>
      <line num="135" count="0" type="stmt"/>
      <line num="137" count="0" type="stmt"/>
      <line num="138" count="0" type="cond" truecount="0" falsecount="2"/>
      <line num="139" count="0" type="stmt"/>
      <line num="140" count="0" type="stmt"/>
      <line num="143" count="0" type="stmt"/>
      <line num="146" count="195" type="cond" truecount="0" falsecount="1"/>
      <line num="147" count="0" type="cond" truecount="0" falsecount="2"/>
      <line num="148" count="0" type="stmt"/>
      <line num="149" count="0" type="stmt"/>
      <line num="150" count="0" type="stmt"/>
      <line num="151" count="0" type="stmt"/>
      <line num="153" count="0" type="cond" truecount="0" falsecount="2"/>
      <line num="154" count="0" type="cond" truecount="0" falsecount="2"/>
      <line num="155" count="0" type="cond" truecount="0" falsecount="2"/>
      <line num="156" count="0" type="cond" truecount="0" falsecount="4"/>
      <line num="157" count="0" type="stmt"/>
      <line num="161" count="195" type="stmt"/>
      <line num="162" count="2" type="stmt"/>
      <line num="167" count="195" type="stmt"/>
      <line num="168" count="1" type="cond" truecount="1" falsecount="1"/>
      <line num="169" count="2" type="stmt"/>
      <line num="170" count="1" type="stmt"/>
      <line num="171" count="1" type="stmt"/>
      <line num="172" count="1" type="stmt"/>
      <line num="173" count="1" type="stmt"/>
      <line num="177" count="195" type="stmt"/>
      <line num="178" count="37" type="stmt"/>
      <line num="180" count="37" type="cond" truecount="1" falsecount="1"/>
      <line num="182" count="37" type="stmt"/>
      <line num="183" count="37" type="cond" truecount="2" falsecount="0"/>
      <line num="187" count="195" type="stmt"/>
      <line num="188" count="81" type="stmt"/>
      <line num="189" count="81" type="stmt"/>
      <line num="190" count="81" type="cond" truecount="2" falsecount="0"/>
      <line num="194" count="195" type="stmt"/>
      <line num="195" count="24" type="stmt"/>
      <line num="196" count="24" type="cond" truecount="2" falsecount="0"/>
      <line num="197" count="20" type="cond" truecount="2" falsecount="0"/>
      <line num="199" count="24" type="cond" truecount="1" falsecount="1"/>
      <line num="200" count="0" type="stmt"/>
      <line num="202" count="24" type="stmt"/>
      <line num="203" count="24" type="cond" truecount="2" falsecount="0"/>
      <line num="204" count="6" type="stmt"/>
      <line num="205" count="24" type="cond" truecount="2" falsecount="0"/>
      <line num="206" count="7" type="stmt"/>
      <line num="207" count="17" type="cond" truecount="2" falsecount="0"/>
      <line num="208" count="1" type="stmt"/>
      <line num="209" count="24" type="cond" truecount="4" falsecount="0"/>
      <line num="210" count="1" type="stmt"/>
      <line num="214" count="24" type="cond" truecount="2" falsecount="0"/>
      <line num="215" count="9" type="stmt"/>
      <line num="217" count="24" type="cond" truecount="2" falsecount="0"/>
      <line num="218" count="10" type="stmt"/>
      <line num="219" count="14" type="cond" truecount="4" falsecount="0"/>
      <line num="220" count="1" type="stmt"/>
      <line num="222" count="24" type="cond" truecount="2" falsecount="0"/>
      <line num="223" count="12" type="stmt"/>
      <line num="225" count="24" type="stmt"/>
      <line num="226" count="24" type="stmt"/>
      <line num="229" count="195" type="stmt"/>
      <line num="230" count="9" type="stmt"/>
      <line num="231" count="9" type="cond" truecount="2" falsecount="0"/>
      <line num="232" count="1" type="stmt"/>
      <line num="233" count="8" type="cond" truecount="2" falsecount="0"/>
      <line num="234" count="1" type="stmt"/>
      <line num="235" count="7" type="cond" truecount="2" falsecount="0"/>
      <line num="236" count="1" type="stmt"/>
      <line num="238" count="9" type="cond" truecount="2" falsecount="0"/>
      <line num="239" count="4" type="stmt"/>
      <line num="240" count="5" type="cond" truecount="2" falsecount="0"/>
      <line num="241" count="1" type="stmt"/>
      <line num="243" count="9" type="cond" truecount="2" falsecount="0"/>
      <line num="244" count="6" type="stmt"/>
      <line num="245" count="3" type="cond" truecount="2" falsecount="0"/>
      <line num="246" count="1" type="stmt"/>
      <line num="248" count="9" type="cond" truecount="2" falsecount="0"/>
      <line num="249" count="8" type="stmt"/>
      <line num="250" count="1" type="cond" truecount="1" falsecount="1"/>
      <line num="251" count="1" type="stmt"/>
      <line num="253" count="9" type="stmt"/>
      <line num="254" count="9" type="stmt"/>
      <line num="257" count="195" type="stmt"/>
      <line num="258" count="0" type="stmt"/>
      <line num="259" count="0" type="cond" truecount="0" falsecount="4"/>
      <line num="260" count="0" type="stmt"/>
      <line num="261" count="0" type="cond" truecount="0" falsecount="2"/>
      <line num="262" count="0" type="stmt"/>
      <line num="263" count="0" type="stmt"/>
      <line num="264" count="0" type="stmt"/>
      <line num="267" count="195" type="stmt"/>
      <line num="268" count="0" type="stmt"/>
      <line num="269" count="0" type="cond" truecount="0" falsecount="2"/>
      <line num="270" count="0" type="stmt"/>
      <line num="271" count="0" type="cond" truecount="0" falsecount="2"/>
      <line num="272" count="0" type="stmt"/>
      <line num="273" count="0" type="stmt"/>
      <line num="274" count="0" type="stmt"/>
      <line num="278" count="195" type="stmt"/>
      <line num="279" count="0" type="stmt"/>
      <line num="280" count="0" type="cond" truecount="0" falsecount="2"/>
      <line num="281" count="0" type="stmt"/>
      <line num="282" count="0" type="cond" truecount="0" falsecount="2"/>
      <line num="283" count="0" type="stmt"/>
      <line num="285" count="0" type="cond" truecount="0" falsecount="2"/>
      <line num="286" count="0" type="stmt"/>
      <line num="288" count="0" type="stmt"/>
      <line num="289" count="0" type="stmt"/>
      <line num="290" count="0" type="stmt"/>
      <line num="291" count="0" type="stmt"/>
      <line num="292" count="0" type="stmt"/>
      <line num="293" count="0" type="stmt"/>
      <line num="294" count="0" type="stmt"/>
      <line num="295" count="0" type="cond" truecount="0" falsecount="2"/>
      <line num="296" count="0" type="stmt"/>
      <line num="297" count="0" type="stmt"/>
      <line num="298" count="0" type="stmt"/>
      <line num="299" count="0" type="stmt"/>
      <line num="300" count="0" type="stmt"/>
      <line num="302" count="0" type="stmt"/>
      <line num="303" count="0" type="stmt"/>
      <line num="305" count="0" type="stmt"/>
      <line num="309" count="195" type="stmt"/>
      <line num="310" count="0" type="stmt"/>
      <line num="311" count="0" type="cond" truecount="0" falsecount="2"/>
      <line num="312" count="0" type="cond" truecount="0" falsecount="2"/>
      <line num="313" count="0" type="stmt"/>
      <line num="315" count="0" type="stmt"/>
      <line num="316" count="0" type="stmt"/>
      <line num="317" count="0" type="cond" truecount="0" falsecount="2"/>
      <line num="318" count="0" type="cond" truecount="0" falsecount="2"/>
      <line num="320" count="0" type="stmt"/>
      <line num="321" count="0" type="stmt"/>
      <line num="322" count="0" type="stmt"/>
      <line num="323" count="0" type="stmt"/>
      <line num="324" count="0" type="stmt"/>
      <line num="325" count="0" type="stmt"/>
      <line num="326" count="0" type="stmt"/>
      <line num="327" count="0" type="cond" truecount="0" falsecount="2"/>
      <line num="328" count="0" type="stmt"/>
      <line num="329" count="0" type="stmt"/>
      <line num="330" count="0" type="stmt"/>
      <line num="331" count="0" type="stmt"/>
      <line num="332" count="0" type="cond" truecount="0" falsecount="2"/>
      <line num="334" count="0" type="stmt"/>
      <line num="335" count="0" type="stmt"/>
      <line num="337" count="0" type="stmt"/>
      <line num="341" count="195" type="stmt"/>
      <line num="342" count="0" type="stmt"/>
      <line num="343" count="0" type="stmt"/>
      <line num="347" count="195" type="stmt"/>
      <line num="349" count="195" type="stmt"/>
      <line num="350" count="33" type="cond" truecount="4" falsecount="0"/>
      <line num="351" count="12" type="stmt"/>
      <line num="352" count="12" type="stmt"/>
      <line num="356" count="195" type="stmt"/>
      <line num="357" count="2" type="cond" truecount="1" falsecount="1"/>
      <line num="358" count="2" type="stmt"/>
      <line num="359" count="2" type="stmt"/>
      <line num="364" count="195" type="stmt"/>
      <line num="365" count="0" type="stmt"/>
      <line num="366" count="0" type="cond" truecount="0" falsecount="2"/>
      <line num="367" count="0" type="stmt"/>
      <line num="368" count="0" type="stmt"/>
      <line num="369" count="0" type="stmt"/>
      <line num="374" count="0" type="stmt"/>
      <line num="375" count="0" type="cond" truecount="0" falsecount="2"/>
      <line num="376" count="0" type="cond" truecount="0" falsecount="2"/>
      <line num="377" count="0" type="stmt"/>
      <line num="378" count="0" type="cond" truecount="0" falsecount="4"/>
      <line num="379" count="0" type="stmt"/>
      <line num="380" count="0" type="cond" truecount="0" falsecount="2"/>
      <line num="382" count="0" type="cond" truecount="0" falsecount="2"/>
      <line num="384" count="0" type="stmt"/>
      <line num="386" count="0" type="cond" truecount="0" falsecount="2"/>
      <line num="387" count="0" type="stmt"/>
      <line num="388" count="0" type="stmt"/>
      <line num="389" count="0" type="stmt"/>
      <line num="390" count="0" type="stmt"/>
      <line num="392" count="0" type="cond" truecount="0" falsecount="2"/>
      <line num="393" count="0" type="stmt"/>
      <line num="395" count="0" type="stmt"/>
      <line num="396" count="0" type="stmt"/>
      <line num="397" count="0" type="stmt"/>
      <line num="399" count="0" type="cond" truecount="0" falsecount="2"/>
      <line num="401" count="0" type="stmt"/>
      <line num="406" count="195" type="stmt"/>
      <line num="407" count="471" type="stmt"/>
      <line num="416" count="195" type="stmt"/>
      <line num="417" count="195" type="cond" truecount="2" falsecount="3"/>
      <line num="420" count="157" type="stmt"/>
      <line num="456" count="159" type="stmt"/>
      <line num="466" count="1" type="stmt"/>
      <line num="481" count="19" type="stmt"/>
      <line num="495" count="0" type="stmt"/>
      <line num="498" count="318" type="stmt"/>
      <line num="507" count="17" type="stmt"/>
      <line num="523" count="0" type="stmt"/>
      <line num="533" count="1" type="stmt"/>
      <line num="554" count="628" type="stmt"/>
      <line num="562" count="1099" type="stmt"/>
      <line num="587" count="471" type="stmt"/>
      <line num="596" count="38" type="stmt"/>
      <line num="659" count="0" type="stmt"/>
      <line num="680" count="0" type="stmt"/>
      <line num="698" count="0" type="stmt"/>
      <line num="716" count="0" type="stmt"/>
      <line num="781" count="0" type="stmt"/>
      <line num="786" count="0" type="stmt"/>
      <line num="802" count="0" type="stmt"/>
      <line num="809" count="195" type="stmt"/>
      <line num="837" count="780" type="stmt"/>
      <line num="838" count="780" type="stmt"/>
      <line num="839" count="780" type="stmt"/>
      <line num="860" count="780" type="stmt"/>
      <line num="861" count="780" type="stmt"/>
      <line num="886" count="195" type="stmt"/>
    </file>
  </project>
</coverage>
