TN:
SF:src/App.jsx
FN:34,(anonymous_0)
FN:68,(anonymous_1)
FN:71,(anonymous_2)
FN:74,App
FN:100,(anonymous_4)
FNF:5
FNH:0
FNDA:0,(anonymous_0)
FNDA:0,(anonymous_1)
FNDA:0,(anonymous_2)
FNDA:0,App
FNDA:0,(anonymous_4)
DA:25,0
DA:34,0
DA:35,0
DA:37,0
DA:39,0
DA:67,0
DA:68,0
DA:71,0
DA:75,0
DA:101,0
LF:10
LH:0
BRF:0
BRH:0
end_of_record
TN:
SF:src/404/NotFound.jsx
FN:4,(anonymous_0)
FN:7,(anonymous_1)
FN:11,(anonymous_2)
FNF:3
FNH:0
FNDA:0,(anonymous_0)
FNDA:0,(anonymous_1)
FNDA:0,(anonymous_2)
DA:4,0
DA:5,0
DA:7,0
DA:8,0
DA:11,0
DA:12,0
DA:15,0
LF:7
LH:0
BRF:0
BRH:0
end_of_record
TN:
SF:src/Super Admin/SuperAdminApp.jsx
FN:24,(anonymous_0)
FN:34,(anonymous_1)
FN:39,(anonymous_2)
FN:41,(anonymous_3)
FN:58,(anonymous_4)
FN:83,(anonymous_5)
FN:121,(anonymous_6)
FN:132,(anonymous_7)
FN:133,(anonymous_8)
FN:144,(anonymous_9)
FN:165,(anonymous_10)
FN:179,(anonymous_11)
FN:197,(anonymous_12)
FN:229,(anonymous_13)
FN:235,(anonymous_14)
FN:242,(anonymous_15)
FN:246,(anonymous_16)
FN:265,(anonymous_17)
FN:266,(anonymous_18)
FN:268,(anonymous_19)
FN:269,(anonymous_20)
FN:278,(anonymous_21)
FN:286,(anonymous_22)
FN:314,(anonymous_23)
FN:342,(anonymous_24)
FN:366,(anonymous_25)
FN:384,(anonymous_26)
FN:393,(anonymous_27)
FN:412,(anonymous_28)
FN:422,(anonymous_29)
FN:457,(anonymous_30)
FN:460,(anonymous_31)
FN:464,(anonymous_32)
FN:475,(anonymous_33)
FN:492,(anonymous_34)
FN:505,(anonymous_35)
FN:523,(anonymous_36)
FN:537,(anonymous_37)
FN:538,(anonymous_38)
FN:539,(anonymous_39)
FN:566,(anonymous_40)
FN:567,(anonymous_41)
FN:577,(anonymous_42)
FN:578,(anonymous_43)
FN:580,(anonymous_44)
FN:594,(anonymous_45)
FN:598,(anonymous_46)
FN:602,(anonymous_47)
FN:606,(anonymous_48)
FN:610,(anonymous_49)
FN:614,(anonymous_50)
FN:618,(anonymous_51)
FN:619,(anonymous_52)
FN:621,(anonymous_53)
FN:624,(anonymous_54)
FN:628,(anonymous_55)
FN:638,(anonymous_56)
FN:655,(anonymous_57)
FN:659,(anonymous_58)
FN:697,(anonymous_59)
FN:712,(anonymous_60)
FN:733,(anonymous_61)
FN:734,(anonymous_62)
FN:735,(anonymous_63)
FN:767,(anonymous_64)
FN:776,(anonymous_65)
FN:831,(anonymous_66)
FN:848,(anonymous_67)
FN:849,(anonymous_68)
FN:850,(anonymous_69)
FN:889,(anonymous_70)
FN:889,(anonymous_71)
FN:900,(anonymous_72)
FN:901,(anonymous_73)
FN:902,(anonymous_74)
FN:918,(anonymous_75)
FN:968,(anonymous_76)
FN:969,(anonymous_77)
FN:979,(anonymous_78)
FN:989,(anonymous_79)
FN:993,(anonymous_80)
FN:994,(anonymous_81)
FN:995,(anonymous_82)
FN:1003,(anonymous_83)
FN:1011,(anonymous_84)
FN:1013,(anonymous_85)
FN:1024,(anonymous_86)
FN:1025,(anonymous_87)
FN:1035,(anonymous_88)
FN:1036,(anonymous_89)
FN:1049,(anonymous_90)
FN:1066,(anonymous_91)
FN:1066,(anonymous_92)
FNF:93
FNH:0
FNDA:0,(anonymous_0)
FNDA:0,(anonymous_1)
FNDA:0,(anonymous_2)
FNDA:0,(anonymous_3)
FNDA:0,(anonymous_4)
FNDA:0,(anonymous_5)
FNDA:0,(anonymous_6)
FNDA:0,(anonymous_7)
FNDA:0,(anonymous_8)
FNDA:0,(anonymous_9)
FNDA:0,(anonymous_10)
FNDA:0,(anonymous_11)
FNDA:0,(anonymous_12)
FNDA:0,(anonymous_13)
FNDA:0,(anonymous_14)
FNDA:0,(anonymous_15)
FNDA:0,(anonymous_16)
FNDA:0,(anonymous_17)
FNDA:0,(anonymous_18)
FNDA:0,(anonymous_19)
FNDA:0,(anonymous_20)
FNDA:0,(anonymous_21)
FNDA:0,(anonymous_22)
FNDA:0,(anonymous_23)
FNDA:0,(anonymous_24)
FNDA:0,(anonymous_25)
FNDA:0,(anonymous_26)
FNDA:0,(anonymous_27)
FNDA:0,(anonymous_28)
FNDA:0,(anonymous_29)
FNDA:0,(anonymous_30)
FNDA:0,(anonymous_31)
FNDA:0,(anonymous_32)
FNDA:0,(anonymous_33)
FNDA:0,(anonymous_34)
FNDA:0,(anonymous_35)
FNDA:0,(anonymous_36)
FNDA:0,(anonymous_37)
FNDA:0,(anonymous_38)
FNDA:0,(anonymous_39)
FNDA:0,(anonymous_40)
FNDA:0,(anonymous_41)
FNDA:0,(anonymous_42)
FNDA:0,(anonymous_43)
FNDA:0,(anonymous_44)
FNDA:0,(anonymous_45)
FNDA:0,(anonymous_46)
FNDA:0,(anonymous_47)
FNDA:0,(anonymous_48)
FNDA:0,(anonymous_49)
FNDA:0,(anonymous_50)
FNDA:0,(anonymous_51)
FNDA:0,(anonymous_52)
FNDA:0,(anonymous_53)
FNDA:0,(anonymous_54)
FNDA:0,(anonymous_55)
FNDA:0,(anonymous_56)
FNDA:0,(anonymous_57)
FNDA:0,(anonymous_58)
FNDA:0,(anonymous_59)
FNDA:0,(anonymous_60)
FNDA:0,(anonymous_61)
FNDA:0,(anonymous_62)
FNDA:0,(anonymous_63)
FNDA:0,(anonymous_64)
FNDA:0,(anonymous_65)
FNDA:0,(anonymous_66)
FNDA:0,(anonymous_67)
FNDA:0,(anonymous_68)
FNDA:0,(anonymous_69)
FNDA:0,(anonymous_70)
FNDA:0,(anonymous_71)
FNDA:0,(anonymous_72)
FNDA:0,(anonymous_73)
FNDA:0,(anonymous_74)
FNDA:0,(anonymous_75)
FNDA:0,(anonymous_76)
FNDA:0,(anonymous_77)
FNDA:0,(anonymous_78)
FNDA:0,(anonymous_79)
FNDA:0,(anonymous_80)
FNDA:0,(anonymous_81)
FNDA:0,(anonymous_82)
FNDA:0,(anonymous_83)
FNDA:0,(anonymous_84)
FNDA:0,(anonymous_85)
FNDA:0,(anonymous_86)
FNDA:0,(anonymous_87)
FNDA:0,(anonymous_88)
FNDA:0,(anonymous_89)
FNDA:0,(anonymous_90)
FNDA:0,(anonymous_91)
FNDA:0,(anonymous_92)
DA:21,0
DA:22,0
DA:24,0
DA:25,0
DA:26,0
DA:28,0
DA:29,0
DA:31,0
DA:34,0
DA:35,0
DA:36,0
DA:39,0
DA:40,0
DA:41,0
DA:42,0
DA:43,0
DA:45,0
DA:46,0
DA:47,0
DA:49,0
DA:50,0
DA:51,0
DA:53,0
DA:54,0
DA:58,0
DA:59,0
DA:60,0
DA:83,0
DA:84,0
DA:90,0
DA:91,0
DA:92,0
DA:93,0
DA:94,0
DA:95,0
DA:96,0
DA:97,0
DA:98,0
DA:99,0
DA:100,0
DA:101,0
DA:102,0
DA:103,0
DA:104,0
DA:105,0
DA:106,0
DA:107,0
DA:108,0
DA:109,0
DA:110,0
DA:111,0
DA:118,0
DA:119,0
DA:120,0
DA:121,0
DA:122,0
DA:123,0
DA:124,0
DA:125,0
DA:126,0
DA:128,0
DA:129,0
DA:132,0
DA:133,0
DA:134,0
DA:140,0
DA:144,0
DA:145,0
DA:146,0
DA:165,0
DA:166,0
DA:167,0
DA:179,0
DA:180,0
DA:181,0
DA:197,0
DA:198,0
DA:199,0
DA:200,0
DA:206,0
DA:211,0
DA:229,0
DA:230,0
DA:231,0
DA:232,0
DA:233,0
DA:234,0
DA:235,0
DA:236,0
DA:237,0
DA:238,0
DA:240,0
DA:242,0
DA:246,0
DA:247,0
DA:248,0
DA:249,0
DA:251,0
DA:252,0
DA:254,0
DA:255,0
DA:257,0
DA:265,0
DA:266,0
DA:267,0
DA:268,0
DA:269,0
DA:271,0
DA:278,0
DA:279,0
DA:280,0
DA:282,0
DA:286,0
DA:287,0
DA:288,0
DA:289,0
DA:290,0
DA:292,0
DA:293,0
DA:294,0
DA:295,0
DA:300,0
DA:301,0
DA:303,0
DA:304,0
DA:305,0
DA:307,0
DA:308,0
DA:310,0
DA:314,0
DA:315,0
DA:316,0
DA:317,0
DA:318,0
DA:320,0
DA:321,0
DA:322,0
DA:323,0
DA:328,0
DA:329,0
DA:331,0
DA:332,0
DA:333,0
DA:335,0
DA:336,0
DA:338,0
DA:342,0
DA:343,0
DA:344,0
DA:345,0
DA:346,0
DA:348,0
DA:349,0
DA:350,0
DA:355,0
DA:356,0
DA:358,0
DA:359,0
DA:361,0
DA:362,0
DA:366,0
DA:367,0
DA:368,0
DA:369,0
DA:370,0
DA:372,0
DA:373,0
DA:374,0
DA:375,0
DA:380,0
DA:381,0
DA:383,0
DA:384,0
DA:386,0
DA:387,0
DA:389,0
DA:393,0
DA:394,0
DA:395,0
DA:396,0
DA:397,0
DA:399,0
DA:400,0
DA:401,0
DA:402,0
DA:407,0
DA:408,0
DA:410,0
DA:411,0
DA:412,0
DA:415,0
DA:416,0
DA:418,0
DA:422,0
DA:423,0
DA:424,0
DA:425,0
DA:426,0
DA:428,0
DA:429,0
DA:430,0
DA:431,0
DA:444,0
DA:445,0
DA:447,0
DA:448,0
DA:451,0
DA:456,0
DA:457,0
DA:459,0
DA:460,0
DA:463,0
DA:464,0
DA:466,0
DA:468,0
DA:469,0
DA:471,0
DA:475,0
DA:476,0
DA:477,0
DA:478,0
DA:480,0
DA:481,0
DA:482,0
DA:483,0
DA:488,0
DA:489,0
DA:491,0
DA:492,0
DA:498,0
DA:499,0
DA:501,0
DA:505,0
DA:506,0
DA:507,0
DA:508,0
DA:509,0
DA:510,0
DA:511,0
DA:519,0
DA:520,0
DA:522,0
DA:523,0
DA:529,0
DA:530,0
DA:532,0
DA:536,0
DA:538,0
DA:539,0
DA:540,0
DA:549,0
DA:550,0
DA:551,0
DA:553,0
DA:554,0
DA:562,0
DA:563,0
DA:565,0
DA:566,0
DA:567,0
DA:570,0
DA:571,0
DA:577,0
DA:578,0
DA:579,0
DA:580,0
DA:581,0
DA:582,0
DA:590,0
DA:594,0
DA:595,0
DA:598,0
DA:599,0
DA:602,0
DA:603,0
DA:606,0
DA:607,0
DA:610,0
DA:611,0
DA:614,0
DA:615,0
DA:618,0
DA:619,0
DA:620,0
DA:621,0
DA:624,0
DA:625,0
DA:628,0
DA:629,0
DA:634,0
DA:635,0
DA:638,0
DA:639,0
DA:640,0
DA:641,0
DA:642,0
DA:643,0
DA:644,0
DA:650,0
DA:651,0
DA:653,0
DA:655,0
DA:659,0
DA:660,0
DA:661,0
DA:662,0
DA:664,0
DA:665,0
DA:677,0
DA:685,0
DA:686,0
DA:687,0
DA:688,0
DA:689,0
DA:693,0
DA:697,0
DA:698,0
DA:699,0
DA:700,0
DA:701,0
DA:702,0
DA:703,0
DA:712,0
DA:713,0
DA:714,0
DA:715,0
DA:716,0
DA:724,0
DA:725,0
DA:727,0
DA:728,0
DA:730,0
DA:733,0
DA:734,0
DA:735,0
DA:736,0
DA:746,0
DA:747,0
DA:748,0
DA:749,0
DA:751,0
DA:755,0
DA:758,0
DA:766,0
DA:767,0
DA:768,0
DA:771,0
DA:772,0
DA:775,0
DA:776,0
DA:777,0
DA:778,0
DA:779,0
DA:781,0
DA:784,0
DA:786,0
DA:787,0
DA:788,0
DA:790,0
DA:794,0
DA:795,0
DA:802,0
DA:803,0
DA:804,0
DA:806,0
DA:807,0
DA:811,0
DA:812,0
DA:813,0
DA:817,0
DA:818,0
DA:819,0
DA:820,0
DA:821,0
DA:831,0
DA:841,0
DA:847,0
DA:849,0
DA:850,0
DA:851,0
DA:861,0
DA:862,0
DA:863,0
DA:866,0
DA:867,0
DA:868,0
DA:869,0
DA:871,0
DA:872,0
DA:875,0
DA:883,0
DA:884,0
DA:886,0
DA:887,0
DA:888,0
DA:889,0
DA:892,0
DA:893,0
DA:899,0
DA:901,0
DA:902,0
DA:903,0
DA:913,0
DA:914,0
DA:915,0
DA:918,0
DA:919,0
DA:921,0
DA:922,0
DA:923,0
DA:928,0
DA:933,0
DA:941,0
DA:942,0
DA:944,0
DA:945,0
DA:948,0
DA:956,0
DA:957,0
DA:959,0
DA:961,0
DA:962,0
DA:968,0
DA:969,0
DA:979,0
DA:980,0
DA:989,0
DA:990,0
DA:993,0
DA:994,0
DA:995,0
DA:996,0
DA:1003,0
DA:1004,0
DA:1005,0
DA:1007,0
DA:1011,0
DA:1012,0
DA:1013,0
DA:1024,0
DA:1025,0
DA:1035,0
DA:1036,0
DA:1037,0
DA:1038,0
DA:1039,0
DA:1040,0
DA:1047,0
DA:1048,0
DA:1049,0
DA:1056,0
DA:1060,0
DA:1063,0
DA:1066,0
LF:454
LH:0
BRDA:24,0,0,0
BRDA:25,1,0,0
BRDA:25,1,1,0
BRDA:25,2,0,0
BRDA:25,2,1,0
BRDA:28,3,0,0
BRDA:28,3,1,0
BRDA:34,4,0,0
BRDA:34,5,0,0
BRDA:35,6,0,0
BRDA:35,6,1,0
BRDA:35,6,2,0
BRDA:35,6,3,0
BRDA:35,6,4,0
BRDA:39,7,0,0
BRDA:40,8,0,0
BRDA:40,8,1,0
BRDA:40,9,0,0
BRDA:40,9,1,0
BRDA:42,10,0,0
BRDA:42,10,1,0
BRDA:42,11,0,0
BRDA:42,11,1,0
BRDA:45,12,0,0
BRDA:45,12,1,0
BRDA:45,13,0,0
BRDA:45,13,1,0
BRDA:49,14,0,0
BRDA:49,14,1,0
BRDA:49,15,0,0
BRDA:49,15,1,0
BRDA:58,16,0,0
BRDA:61,17,0,0
BRDA:61,17,1,0
BRDA:61,17,2,0
BRDA:62,18,0,0
BRDA:62,18,1,0
BRDA:63,19,0,0
BRDA:63,19,1,0
BRDA:63,19,2,0
BRDA:64,20,0,0
BRDA:64,20,1,0
BRDA:65,21,0,0
BRDA:65,21,1,0
BRDA:65,21,2,0
BRDA:66,22,0,0
BRDA:66,22,1,0
BRDA:66,22,2,0
BRDA:68,23,0,0
BRDA:68,23,1,0
BRDA:68,23,2,0
BRDA:69,24,0,0
BRDA:69,24,1,0
BRDA:70,25,0,0
BRDA:70,25,1,0
BRDA:70,25,2,0
BRDA:71,26,0,0
BRDA:71,26,1,0
BRDA:71,26,2,0
BRDA:122,27,0,0
BRDA:122,27,1,0
BRDA:125,28,0,0
BRDA:125,28,1,0
BRDA:126,29,0,0
BRDA:126,29,1,0
BRDA:126,30,0,0
BRDA:126,30,1,0
BRDA:145,31,0,0
BRDA:145,31,1,0
BRDA:147,32,0,0
BRDA:147,32,1,0
BRDA:149,33,0,0
BRDA:149,33,1,0
BRDA:150,34,0,0
BRDA:150,34,1,0
BRDA:151,35,0,0
BRDA:151,35,1,0
BRDA:151,35,2,0
BRDA:152,36,0,0
BRDA:152,36,1,0
BRDA:153,37,0,0
BRDA:153,37,1,0
BRDA:154,38,0,0
BRDA:154,38,1,0
BRDA:155,39,0,0
BRDA:155,39,1,0
BRDA:157,40,0,0
BRDA:157,40,1,0
BRDA:166,41,0,0
BRDA:166,41,1,0
BRDA:168,42,0,0
BRDA:168,42,1,0
BRDA:169,43,0,0
BRDA:169,43,1,0
BRDA:169,43,2,0
BRDA:170,44,0,0
BRDA:170,44,1,0
BRDA:171,45,0,0
BRDA:171,45,1,0
BRDA:171,45,2,0
BRDA:172,46,0,0
BRDA:172,46,1,0
BRDA:173,47,0,0
BRDA:173,47,1,0
BRDA:174,48,0,0
BRDA:174,48,1,0
BRDA:174,48,2,0
BRDA:175,49,0,0
BRDA:175,49,1,0
BRDA:180,50,0,0
BRDA:180,50,1,0
BRDA:182,51,0,0
BRDA:182,51,1,0
BRDA:183,52,0,0
BRDA:183,52,1,0
BRDA:184,53,0,0
BRDA:184,53,1,0
BRDA:185,54,0,0
BRDA:185,54,1,0
BRDA:185,54,2,0
BRDA:186,55,0,0
BRDA:186,55,1,0
BRDA:186,55,2,0
BRDA:187,56,0,0
BRDA:187,56,1,0
BRDA:187,56,2,0
BRDA:188,57,0,0
BRDA:188,57,1,0
BRDA:189,58,0,0
BRDA:189,58,1,0
BRDA:190,59,0,0
BRDA:190,59,1,0
BRDA:191,60,0,0
BRDA:191,60,1,0
BRDA:193,61,0,0
BRDA:193,61,1,0
BRDA:198,62,0,0
BRDA:198,62,1,0
BRDA:199,63,0,0
BRDA:199,63,1,0
BRDA:212,64,0,0
BRDA:212,64,1,0
BRDA:214,65,0,0
BRDA:214,65,1,0
BRDA:215,66,0,0
BRDA:215,66,1,0
BRDA:215,66,2,0
BRDA:216,67,0,0
BRDA:216,67,1,0
BRDA:217,68,0,0
BRDA:217,68,1,0
BRDA:218,69,0,0
BRDA:218,69,1,0
BRDA:219,70,0,0
BRDA:219,70,1,0
BRDA:219,70,2,0
BRDA:220,71,0,0
BRDA:220,71,1,0
BRDA:221,72,0,0
BRDA:221,72,1,0
BRDA:222,73,0,0
BRDA:222,73,1,0
BRDA:222,73,2,0
BRDA:223,74,0,0
BRDA:223,74,1,0
BRDA:225,75,0,0
BRDA:225,75,1,0
BRDA:247,76,0,0
BRDA:247,76,1,0
BRDA:248,77,0,0
BRDA:248,77,1,0
BRDA:248,78,0,0
BRDA:248,78,1,0
BRDA:251,79,0,0
BRDA:251,79,1,0
BRDA:251,80,0,0
BRDA:251,80,1,0
BRDA:254,81,0,0
BRDA:254,81,1,0
BRDA:259,82,0,0
BRDA:259,82,1,0
BRDA:259,82,2,0
BRDA:272,83,0,0
BRDA:272,83,1,0
BRDA:275,84,0,0
BRDA:275,84,1,0
BRDA:288,85,0,0
BRDA:288,85,1,0
BRDA:288,86,0,0
BRDA:288,86,1,0
BRDA:300,87,0,0
BRDA:300,87,1,0
BRDA:304,88,0,0
BRDA:304,88,1,0
BRDA:308,89,0,0
BRDA:308,89,1,0
BRDA:316,90,0,0
BRDA:316,90,1,0
BRDA:316,91,0,0
BRDA:316,91,1,0
BRDA:328,92,0,0
BRDA:328,92,1,0
BRDA:332,93,0,0
BRDA:332,93,1,0
BRDA:336,94,0,0
BRDA:336,94,1,0
BRDA:344,95,0,0
BRDA:344,95,1,0
BRDA:344,96,0,0
BRDA:344,96,1,0
BRDA:355,97,0,0
BRDA:355,97,1,0
BRDA:359,98,0,0
BRDA:359,98,1,0
BRDA:362,99,0,0
BRDA:362,99,1,0
BRDA:368,100,0,0
BRDA:368,100,1,0
BRDA:368,101,0,0
BRDA:368,101,1,0
BRDA:380,102,0,0
BRDA:380,102,1,0
BRDA:384,103,0,0
BRDA:384,103,1,0
BRDA:387,104,0,0
BRDA:387,104,1,0
BRDA:395,105,0,0
BRDA:395,105,1,0
BRDA:395,106,0,0
BRDA:395,106,1,0
BRDA:407,107,0,0
BRDA:407,107,1,0
BRDA:412,108,0,0
BRDA:412,108,1,0
BRDA:416,109,0,0
BRDA:416,109,1,0
BRDA:424,110,0,0
BRDA:424,110,1,0
BRDA:424,111,0,0
BRDA:424,111,1,0
BRDA:444,112,0,0
BRDA:444,112,1,0
BRDA:447,113,0,0
BRDA:447,113,1,0
BRDA:456,114,0,0
BRDA:456,114,1,0
BRDA:459,115,0,0
BRDA:459,115,1,0
BRDA:464,116,0,0
BRDA:464,116,1,0
BRDA:464,117,0,0
BRDA:464,117,1,0
BRDA:469,118,0,0
BRDA:469,118,1,0
BRDA:477,119,0,0
BRDA:477,119,1,0
BRDA:477,120,0,0
BRDA:477,120,1,0
BRDA:488,121,0,0
BRDA:488,121,1,0
BRDA:494,122,0,0
BRDA:494,122,1,0
BRDA:499,123,0,0
BRDA:499,123,1,0
BRDA:505,124,0,0
BRDA:507,125,0,0
BRDA:507,125,1,0
BRDA:507,126,0,0
BRDA:507,126,1,0
BRDA:519,127,0,0
BRDA:519,127,1,0
BRDA:525,128,0,0
BRDA:525,128,1,0
BRDA:530,129,0,0
BRDA:530,129,1,0
BRDA:537,130,0,0
BRDA:540,131,0,0
BRDA:540,131,1,0
BRDA:550,132,0,0
BRDA:550,132,1,0
BRDA:550,133,0,0
BRDA:550,133,1,0
BRDA:562,134,0,0
BRDA:562,134,1,0
BRDA:567,135,0,0
BRDA:567,135,1,0
BRDA:581,136,0,0
BRDA:581,136,1,0
BRDA:628,137,0,0
BRDA:659,138,0,0
BRDA:659,139,0,0
BRDA:661,140,0,0
BRDA:661,140,1,0
BRDA:661,141,0,0
BRDA:661,141,1,0
BRDA:664,142,0,0
BRDA:664,142,1,0
BRDA:664,142,2,0
BRDA:668,143,0,0
BRDA:668,143,1,0
BRDA:669,144,0,0
BRDA:669,144,1,0
BRDA:669,144,2,0
BRDA:670,145,0,0
BRDA:670,145,1,0
BRDA:670,145,2,0
BRDA:671,146,0,0
BRDA:671,146,1,0
BRDA:685,147,0,0
BRDA:685,147,1,0
BRDA:689,148,0,0
BRDA:689,148,1,0
BRDA:697,149,0,0
BRDA:697,150,0,0
BRDA:698,151,0,0
BRDA:698,151,1,0
BRDA:699,152,0,0
BRDA:699,152,1,0
BRDA:701,153,0,0
BRDA:701,153,1,0
BRDA:707,154,0,0
BRDA:707,154,1,0
BRDA:709,155,0,0
BRDA:709,155,1,0
BRDA:710,156,0,0
BRDA:710,156,1,0
BRDA:710,156,2,0
BRDA:713,157,0,0
BRDA:713,157,1,0
BRDA:713,158,0,0
BRDA:713,158,1,0
BRDA:714,159,0,0
BRDA:714,159,1,0
BRDA:714,160,0,0
BRDA:714,160,1,0
BRDA:728,161,0,0
BRDA:728,161,1,0
BRDA:736,162,0,0
BRDA:736,162,1,0
BRDA:740,163,0,0
BRDA:740,163,1,0
BRDA:747,164,0,0
BRDA:747,164,1,0
BRDA:747,165,0,0
BRDA:747,165,1,0
BRDA:748,166,0,0
BRDA:748,166,1,0
BRDA:748,167,0,0
BRDA:748,167,1,0
BRDA:751,168,0,0
BRDA:751,168,1,0
BRDA:755,169,0,0
BRDA:755,169,1,0
BRDA:756,170,0,0
BRDA:756,170,1,0
BRDA:757,171,0,0
BRDA:757,171,1,0
BRDA:766,172,0,0
BRDA:766,172,1,0
BRDA:768,173,0,0
BRDA:768,173,1,0
BRDA:772,174,0,0
BRDA:772,174,1,0
BRDA:775,175,0,0
BRDA:775,175,1,0
BRDA:777,176,0,0
BRDA:777,176,1,0
BRDA:779,177,0,0
BRDA:779,177,1,0
BRDA:781,178,0,0
BRDA:781,178,1,0
BRDA:781,179,0,0
BRDA:781,179,1,0
BRDA:790,180,0,0
BRDA:790,180,1,0
BRDA:790,180,2,0
BRDA:792,181,0,0
BRDA:792,181,1,0
BRDA:792,182,0,0
BRDA:792,182,1,0
BRDA:792,182,2,0
BRDA:794,183,0,0
BRDA:794,183,1,0
BRDA:794,184,0,0
BRDA:794,184,1,0
BRDA:798,185,0,0
BRDA:798,185,1,0
BRDA:798,185,2,0
BRDA:799,186,0,0
BRDA:799,186,1,0
BRDA:799,186,2,0
BRDA:800,187,0,0
BRDA:800,187,1,0
BRDA:800,187,2,0
BRDA:800,187,3,0
BRDA:807,188,0,0
BRDA:807,188,1,0
BRDA:812,189,0,0
BRDA:812,189,1,0
BRDA:817,190,0,0
BRDA:817,190,1,0
BRDA:820,191,0,0
BRDA:820,191,1,0
BRDA:820,192,0,0
BRDA:820,192,1,0
BRDA:828,193,0,0
BRDA:828,193,1,0
BRDA:829,194,0,0
BRDA:829,194,1,0
BRDA:830,195,0,0
BRDA:830,195,1,0
BRDA:848,196,0,0
BRDA:851,197,0,0
BRDA:851,197,1,0
BRDA:862,198,0,0
BRDA:862,198,1,0
BRDA:862,199,0,0
BRDA:862,199,1,0
BRDA:868,200,0,0
BRDA:868,200,1,0
BRDA:871,201,0,0
BRDA:871,201,1,0
BRDA:883,202,0,0
BRDA:883,202,1,0
BRDA:888,203,0,0
BRDA:888,203,1,0
BRDA:889,204,0,0
BRDA:889,204,1,0
BRDA:900,205,0,0
BRDA:903,206,0,0
BRDA:903,206,1,0
BRDA:914,207,0,0
BRDA:914,207,1,0
BRDA:914,208,0,0
BRDA:914,208,1,0
BRDA:919,209,0,0
BRDA:919,209,1,0
BRDA:922,210,0,0
BRDA:922,210,1,0
BRDA:929,211,0,0
BRDA:929,211,1,0
BRDA:929,212,0,0
BRDA:929,212,1,0
BRDA:941,213,0,0
BRDA:941,213,1,0
BRDA:956,214,0,0
BRDA:956,214,1,0
BRDA:996,215,0,0
BRDA:996,215,1,0
BRDA:1004,216,0,0
BRDA:1004,216,1,0
BRDA:1038,217,0,0
BRDA:1038,217,1,0
BRDA:1047,218,0,0
BRDA:1047,218,1,0
BRDA:1051,219,0,0
BRDA:1051,219,1,0
BRDA:1051,219,2,0
BRDA:1052,220,0,0
BRDA:1052,220,1,0
BRDA:1052,220,2,0
BRDA:1053,221,0,0
BRDA:1053,221,1,0
BRDA:1148,222,0,0
BRDA:1148,222,1,0
BRF:465
BRH:0
end_of_record
TN:
SF:src/Super Admin/SuperAdminLayout.jsx
FN:32,(anonymous_0)
FN:36,(anonymous_1)
FN:42,(anonymous_2)
FN:44,(anonymous_3)
FN:45,(anonymous_4)
FN:52,(anonymous_5)
FN:195,(anonymous_6)
FN:241,(anonymous_7)
FNF:8
FNH:0
FNDA:0,(anonymous_0)
FNDA:0,(anonymous_1)
FNDA:0,(anonymous_2)
FNDA:0,(anonymous_3)
FNDA:0,(anonymous_4)
FNDA:0,(anonymous_5)
FNDA:0,(anonymous_6)
FNDA:0,(anonymous_7)
DA:20,0
DA:32,0
DA:33,0
DA:34,0
DA:36,0
DA:37,0
DA:40,0
DA:42,0
DA:44,0
DA:45,0
DA:46,0
DA:53,0
DA:67,0
DA:195,0
DA:242,0
DA:248,0
DA:254,0
DA:261,0
LF:18
LH:0
BRDA:40,0,0,0
BRDA:40,0,1,0
BRDA:44,1,0,0
BRDA:56,2,0,0
BRDA:56,2,1,0
BRDA:60,3,0,0
BRDA:60,3,1,0
BRDA:61,4,0,0
BRDA:61,4,1,0
BRDA:72,5,0,0
BRDA:72,5,1,0
BRDA:80,6,0,0
BRDA:80,6,1,0
BRDA:81,7,0,0
BRDA:81,7,1,0
BRDA:83,8,0,0
BRDA:83,8,1,0
BRDA:93,9,0,0
BRDA:93,9,1,0
BRDA:94,10,0,0
BRDA:94,10,1,0
BRDA:95,11,0,0
BRDA:95,11,1,0
BRDA:97,12,0,0
BRDA:97,12,1,0
BRDA:98,13,0,0
BRDA:98,13,1,0
BRDA:108,14,0,0
BRDA:108,14,1,0
BRDA:109,15,0,0
BRDA:109,15,1,0
BRDA:112,16,0,0
BRDA:112,16,1,0
BRDA:122,17,0,0
BRDA:122,17,1,0
BRDA:125,18,0,0
BRDA:125,18,1,0
BRDA:128,19,0,0
BRDA:128,19,1,0
BRDA:139,20,0,0
BRDA:139,20,1,0
BRDA:168,21,0,0
BRDA:168,21,1,0
BRDA:171,22,0,0
BRDA:171,22,1,0
BRDA:180,23,0,0
BRDA:180,23,1,0
BRDA:181,24,0,0
BRDA:181,24,1,0
BRDA:186,25,0,0
BRDA:186,25,1,0
BRDA:215,26,0,0
BRDA:215,26,1,0
BRDA:218,27,0,0
BRDA:218,27,1,0
BRDA:227,28,0,0
BRDA:227,28,1,0
BRDA:228,29,0,0
BRDA:228,29,1,0
BRDA:268,30,0,0
BRDA:268,30,1,0
BRDA:271,31,0,0
BRDA:271,31,1,0
BRF:63
BRH:0
end_of_record
TN:
SF:src/Super Admin/mockData.js
FNF:0
FNH:0
DA:1,0
DA:73,0
DA:105,0
DA:138,0
DA:171,0
DA:192,0
DA:216,0
LF:7
LH:0
BRF:0
BRH:0
end_of_record
TN:
SF:src/Super Admin/pages/ActiveSchools.jsx
FN:4,(anonymous_0)
FN:17,(anonymous_1)
FN:22,(anonymous_2)
FN:24,(anonymous_3)
FN:35,(anonymous_4)
FN:38,(anonymous_5)
FN:47,(anonymous_6)
FN:51,(anonymous_7)
FN:62,(anonymous_8)
FN:68,(anonymous_9)
FN:75,(anonymous_10)
FN:87,(anonymous_11)
FN:91,(anonymous_12)
FN:94,(anonymous_13)
FN:128,(anonymous_14)
FN:167,(anonymous_15)
FN:169,(anonymous_16)
FN:190,(anonymous_17)
FN:204,(anonymous_18)
FN:239,(anonymous_19)
FN:260,(anonymous_20)
FN:280,(anonymous_21)
FN:301,(anonymous_22)
FNF:23
FNH:0
FNDA:0,(anonymous_0)
FNDA:0,(anonymous_1)
FNDA:0,(anonymous_2)
FNDA:0,(anonymous_3)
FNDA:0,(anonymous_4)
FNDA:0,(anonymous_5)
FNDA:0,(anonymous_6)
FNDA:0,(anonymous_7)
FNDA:0,(anonymous_8)
FNDA:0,(anonymous_9)
FNDA:0,(anonymous_10)
FNDA:0,(anonymous_11)
FNDA:0,(anonymous_12)
FNDA:0,(anonymous_13)
FNDA:0,(anonymous_14)
FNDA:0,(anonymous_15)
FNDA:0,(anonymous_16)
FNDA:0,(anonymous_17)
FNDA:0,(anonymous_18)
FNDA:0,(anonymous_19)
FNDA:0,(anonymous_20)
FNDA:0,(anonymous_21)
FNDA:0,(anonymous_22)
DA:4,0
DA:12,0
DA:13,0
DA:14,0
DA:15,0
DA:17,0
DA:18,0
DA:19,0
DA:22,0
DA:23,0
DA:24,0
DA:25,0
DA:26,0
DA:27,0
DA:28,0
DA:29,0
DA:32,0
DA:35,0
DA:36,0
DA:37,0
DA:38,0
DA:39,0
DA:47,0
DA:51,0
DA:52,0
DA:53,0
DA:54,0
DA:56,0
DA:57,0
DA:59,0
DA:62,0
DA:63,0
DA:64,0
DA:65,0
DA:68,0
DA:69,0
DA:70,0
DA:71,0
DA:72,0
DA:73,0
DA:74,0
DA:75,0
DA:76,0
DA:77,0
DA:78,0
DA:86,0
DA:87,0
DA:88,0
DA:90,0
DA:91,0
DA:93,0
DA:94,0
DA:95,0
DA:96,0
DA:97,0
DA:100,0
DA:104,0
DA:128,0
DA:168,0
DA:170,0
DA:171,0
DA:191,0
DA:192,0
DA:204,0
DA:239,0
DA:261,0
DA:281,0
DA:301,0
LF:68
LH:0
BRDA:9,0,0,0
BRDA:10,1,0,0
BRDA:25,2,0,0
BRDA:25,2,1,0
BRDA:26,3,0,0
BRDA:26,3,1,0
BRDA:28,4,0,0
BRDA:28,4,1,0
BRDA:36,5,0,0
BRDA:36,5,1,0
BRDA:52,6,0,0
BRDA:52,6,1,0
BRDA:53,7,0,0
BRDA:53,7,1,0
BRDA:53,8,0,0
BRDA:53,8,1,0
BRDA:56,9,0,0
BRDA:56,9,1,0
BRDA:63,10,0,0
BRDA:63,10,1,0
BRDA:64,11,0,0
BRDA:64,11,1,0
BRDA:64,11,2,0
BRDA:65,12,0,0
BRDA:65,12,1,0
BRDA:65,12,2,0
BRDA:69,13,0,0
BRDA:69,13,1,0
BRDA:71,14,0,0
BRDA:71,14,1,0
BRDA:73,15,0,0
BRDA:73,15,1,0
BRDA:74,16,0,0
BRDA:74,16,1,0
BRDA:74,16,2,0
BRDA:78,17,0,0
BRDA:78,17,1,0
BRDA:86,18,0,0
BRDA:86,18,1,0
BRDA:88,19,0,0
BRDA:88,19,1,0
BRDA:91,20,0,0
BRDA:91,20,1,0
BRDA:133,21,0,0
BRDA:133,21,1,0
BRDA:145,22,0,0
BRDA:145,22,1,0
BRDA:151,23,0,0
BRDA:151,23,1,0
BRDA:168,24,0,0
BRDA:168,24,1,0
BRDA:174,25,0,0
BRDA:174,25,1,0
BRDA:175,26,0,0
BRDA:175,26,1,0
BRDA:176,27,0,0
BRDA:176,27,1,0
BRDA:177,28,0,0
BRDA:177,28,1,0
BRDA:180,29,0,0
BRDA:180,29,1,0
BRDA:184,30,0,0
BRDA:184,30,1,0
BRDA:191,31,0,0
BRDA:191,31,1,0
BRDA:191,32,0,0
BRDA:191,32,1,0
BRDA:199,33,0,0
BRDA:199,33,1,0
BRDA:204,34,0,0
BRDA:204,34,1,0
BRDA:206,35,0,0
BRDA:206,35,1,0
BRDA:214,36,0,0
BRDA:214,36,1,0
BRDA:227,37,0,0
BRDA:227,37,1,0
BRDA:249,38,0,0
BRDA:249,38,1,0
BRDA:250,39,0,0
BRDA:250,39,1,0
BRDA:251,40,0,0
BRDA:251,40,1,0
BRDA:252,41,0,0
BRDA:252,41,1,0
BRDA:255,42,0,0
BRDA:255,42,1,0
BRDA:258,43,0,0
BRDA:258,43,1,0
BRDA:261,44,0,0
BRDA:261,44,1,0
BRDA:262,45,0,0
BRDA:262,45,1,0
BRDA:263,46,0,0
BRDA:263,46,1,0
BRDA:264,47,0,0
BRDA:264,47,1,0
BRDA:265,48,0,0
BRDA:265,48,1,0
BRDA:266,49,0,0
BRDA:266,49,1,0
BRDA:275,50,0,0
BRDA:275,50,1,0
BRDA:275,51,0,0
BRDA:275,51,1,0
BRDA:278,52,0,0
BRDA:278,52,1,0
BRDA:278,53,0,0
BRDA:278,53,1,0
BRDA:280,54,0,0
BRDA:280,54,1,0
BRDA:281,55,0,0
BRDA:281,55,1,0
BRDA:282,56,0,0
BRDA:282,56,1,0
BRDA:283,57,0,0
BRDA:283,57,1,0
BRDA:285,58,0,0
BRDA:285,58,1,0
BRDA:286,59,0,0
BRDA:286,59,1,0
BRDA:287,60,0,0
BRDA:287,60,1,0
BRDA:288,61,0,0
BRDA:288,61,1,0
BRDA:296,62,0,0
BRDA:296,62,1,0
BRDA:301,63,0,0
BRDA:301,63,1,0
BRDA:303,64,0,0
BRDA:303,64,1,0
BRF:131
BRH:0
end_of_record
TN:
SF:src/Super Admin/pages/Credentials.jsx
FN:10,(anonymous_0)
FN:14,(anonymous_1)
FN:15,(anonymous_2)
FN:26,(anonymous_3)
FN:31,(anonymous_4)
FN:32,(anonymous_5)
FN:37,(anonymous_6)
FN:38,(anonymous_7)
FN:41,(anonymous_8)
FN:77,(anonymous_9)
FN:87,(anonymous_10)
FN:126,(anonymous_11)
FN:135,(anonymous_12)
FN:147,(anonymous_13)
FN:154,(anonymous_14)
FNF:15
FNH:0
FNDA:0,(anonymous_0)
FNDA:0,(anonymous_1)
FNDA:0,(anonymous_2)
FNDA:0,(anonymous_3)
FNDA:0,(anonymous_4)
FNDA:0,(anonymous_5)
FNDA:0,(anonymous_6)
FNDA:0,(anonymous_7)
FNDA:0,(anonymous_8)
FNDA:0,(anonymous_9)
FNDA:0,(anonymous_10)
FNDA:0,(anonymous_11)
FNDA:0,(anonymous_12)
FNDA:0,(anonymous_13)
FNDA:0,(anonymous_14)
DA:4,0
DA:10,0
DA:11,0
DA:12,0
DA:14,0
DA:15,0
DA:26,0
DA:27,0
DA:31,0
DA:32,0
DA:33,0
DA:34,0
DA:37,0
DA:38,0
DA:41,0
DA:42,0
DA:43,0
DA:44,0
DA:46,0
DA:50,0
DA:77,0
DA:88,0
DA:89,0
DA:90,0
DA:92,0
DA:126,0
DA:135,0
DA:147,0
DA:154,0
LF:29
LH:0
BRDA:17,0,0,0
BRDA:17,0,1,0
BRDA:27,1,0,0
BRDA:27,1,1,0
BRDA:33,2,0,0
BRDA:33,2,1,0
BRDA:42,3,0,0
BRDA:42,3,1,0
BRDA:88,4,0,0
BRDA:88,4,1,0
BRDA:90,5,0,0
BRDA:90,5,1,0
BRDA:90,6,0,0
BRDA:90,6,1,0
BRDA:103,7,0,0
BRDA:103,7,1,0
BRDA:108,8,0,0
BRDA:108,8,1,0
BRDA:121,9,0,0
BRDA:121,9,1,0
BRDA:123,10,0,0
BRDA:123,10,1,0
BRDA:127,11,0,0
BRDA:127,11,1,0
BRDA:129,12,0,0
BRDA:129,12,1,0
BRDA:132,13,0,0
BRDA:132,13,1,0
BRDA:165,14,0,0
BRDA:165,14,1,0
BRF:30
BRH:0
end_of_record
TN:
SF:src/Super Admin/pages/Feedback.jsx
FN:17,(anonymous_0)
FN:17,(anonymous_1)
FN:20,(anonymous_2)
FN:20,(anonymous_3)
FN:24,(anonymous_4)
FN:25,(anonymous_5)
FN:28,(anonymous_6)
FN:36,(anonymous_7)
FN:68,(anonymous_8)
FN:101,(anonymous_9)
FN:106,(anonymous_10)
FN:113,(anonymous_11)
FNF:12
FNH:0
FNDA:0,(anonymous_0)
FNDA:0,(anonymous_1)
FNDA:0,(anonymous_2)
FNDA:0,(anonymous_3)
FNDA:0,(anonymous_4)
FNDA:0,(anonymous_5)
FNDA:0,(anonymous_6)
FNDA:0,(anonymous_7)
FNDA:0,(anonymous_8)
FNDA:0,(anonymous_9)
FNDA:0,(anonymous_10)
FNDA:0,(anonymous_11)
DA:4,0
DA:10,0
DA:17,0
DA:18,0
DA:19,0
DA:20,0
DA:24,0
DA:25,0
DA:28,0
DA:29,0
DA:30,0
DA:32,0
DA:36,0
DA:39,0
DA:69,0
DA:101,0
DA:106,0
DA:113,0
LF:18
LH:0
BRDA:17,0,0,0
BRDA:17,1,0,0
BRDA:17,2,0,0
BRDA:29,3,0,0
BRDA:29,3,1,0
BRDA:29,4,0,0
BRDA:29,4,1,0
BRDA:34,5,0,0
BRDA:34,5,1,0
BRDA:48,6,0,0
BRDA:48,6,1,0
BRDA:55,7,0,0
BRDA:55,7,1,0
BRDA:60,8,0,0
BRDA:60,8,1,0
BRDA:87,9,0,0
BRDA:87,9,1,0
BRDA:100,10,0,0
BRDA:100,10,1,0
BRDA:118,11,0,0
BRDA:118,11,1,0
BRDA:128,12,0,0
BRDA:128,12,1,0
BRF:23
BRH:0
end_of_record
TN:
SF:src/Super Admin/pages/IDPass.jsx
FN:5,(anonymous_0)
FN:15,(anonymous_1)
FN:16,(anonymous_2)
FN:19,(anonymous_3)
FN:23,(anonymous_4)
FN:27,(anonymous_5)
FN:39,(anonymous_6)
FN:135,(anonymous_7)
FN:142,(anonymous_8)
FNF:9
FNH:0
FNDA:0,(anonymous_0)
FNDA:0,(anonymous_1)
FNDA:0,(anonymous_2)
FNDA:0,(anonymous_3)
FNDA:0,(anonymous_4)
FNDA:0,(anonymous_5)
FNDA:0,(anonymous_6)
FNDA:0,(anonymous_7)
FNDA:0,(anonymous_8)
DA:5,0
DA:6,0
DA:7,0
DA:8,0
DA:15,0
DA:16,0
DA:17,0
DA:18,0
DA:19,0
DA:23,0
DA:24,0
DA:27,0
DA:28,0
DA:29,0
DA:33,0
DA:34,0
DA:35,0
DA:36,0
DA:39,0
DA:40,0
DA:41,0
DA:43,0
DA:47,0
DA:135,0
DA:142,0
LF:25
LH:0
BRDA:28,0,0,0
BRDA:28,0,1,0
BRF:2
BRH:0
end_of_record
TN:
SF:src/Super Admin/pages/Issues.jsx
FN:16,(anonymous_0)
FN:18,(anonymous_1)
FN:19,(anonymous_2)
FN:22,(anonymous_3)
FN:26,(anonymous_4)
FN:42,(anonymous_5)
FN:48,(anonymous_6)
FN:58,(anonymous_7)
FN:92,(anonymous_8)
FN:95,(anonymous_9)
FN:107,(anonymous_10)
FN:114,(anonymous_11)
FNF:12
FNH:0
FNDA:0,(anonymous_0)
FNDA:0,(anonymous_1)
FNDA:0,(anonymous_2)
FNDA:0,(anonymous_3)
FNDA:0,(anonymous_4)
FNDA:0,(anonymous_5)
FNDA:0,(anonymous_6)
FNDA:0,(anonymous_7)
FNDA:0,(anonymous_8)
FNDA:0,(anonymous_9)
FNDA:0,(anonymous_10)
FNDA:0,(anonymous_11)
DA:4,0
DA:10,0
DA:16,0
DA:17,0
DA:18,0
DA:19,0
DA:22,0
DA:23,0
DA:26,0
DA:27,0
DA:28,0
DA:29,0
DA:33,0
DA:43,0
DA:48,0
DA:59,0
DA:92,0
DA:96,0
DA:107,0
DA:114,0
LF:20
LH:0
BRDA:19,0,0,0
BRDA:19,0,1,0
BRDA:28,1,0,0
BRDA:28,1,1,0
BRDA:46,2,0,0
BRDA:46,2,1,0
BRDA:50,3,0,0
BRDA:50,3,1,0
BRDA:68,4,0,0
BRDA:68,4,1,0
BRDA:82,5,0,0
BRDA:82,5,1,0
BRDA:122,6,0,0
BRDA:122,6,1,0
BRF:14
BRH:0
end_of_record
TN:
SF:src/Super Admin/pages/Operations.jsx
FN:10,(anonymous_0)
FN:37,(anonymous_1)
FN:37,(anonymous_2)
FN:41,(anonymous_3)
FN:52,(anonymous_4)
FN:56,(anonymous_5)
FN:63,(anonymous_6)
FN:90,(anonymous_7)
FN:121,(anonymous_8)
FN:121,(anonymous_9)
FN:133,(anonymous_10)
FN:133,(anonymous_11)
FN:144,(anonymous_12)
FN:144,(anonymous_13)
FN:155,(anonymous_14)
FN:155,(anonymous_15)
FN:166,(anonymous_16)
FN:167,(anonymous_17)
FN:201,(anonymous_18)
FN:201,(anonymous_19)
FN:214,(anonymous_20)
FN:214,(anonymous_21)
FN:224,(anonymous_22)
FN:224,(anonymous_23)
FN:249,(anonymous_24)
FN:263,(anonymous_25)
FN:269,(anonymous_26)
FN:291,(anonymous_27)
FN:331,(anonymous_28)
FNF:29
FNH:0
FNDA:0,(anonymous_0)
FNDA:0,(anonymous_1)
FNDA:0,(anonymous_2)
FNDA:0,(anonymous_3)
FNDA:0,(anonymous_4)
FNDA:0,(anonymous_5)
FNDA:0,(anonymous_6)
FNDA:0,(anonymous_7)
FNDA:0,(anonymous_8)
FNDA:0,(anonymous_9)
FNDA:0,(anonymous_10)
FNDA:0,(anonymous_11)
FNDA:0,(anonymous_12)
FNDA:0,(anonymous_13)
FNDA:0,(anonymous_14)
FNDA:0,(anonymous_15)
FNDA:0,(anonymous_16)
FNDA:0,(anonymous_17)
FNDA:0,(anonymous_18)
FNDA:0,(anonymous_19)
FNDA:0,(anonymous_20)
FNDA:0,(anonymous_21)
FNDA:0,(anonymous_22)
FNDA:0,(anonymous_23)
FNDA:0,(anonymous_24)
FNDA:0,(anonymous_25)
FNDA:0,(anonymous_26)
FNDA:0,(anonymous_27)
FNDA:0,(anonymous_28)
DA:4,0
DA:10,0
DA:22,0
DA:27,0
DA:28,0
DA:36,0
DA:37,0
DA:41,0
DA:42,0
DA:43,0
DA:52,0
DA:53,0
DA:54,0
DA:55,0
DA:56,0
DA:57,0
DA:58,0
DA:59,0
DA:63,0
DA:64,0
DA:65,0
DA:74,0
DA:90,0
DA:121,0
DA:133,0
DA:144,0
DA:155,0
DA:167,0
DA:201,0
DA:214,0
DA:224,0
DA:250,0
DA:263,0
DA:269,0
DA:292,0
DA:332,0
LF:36
LH:0
BRDA:42,0,0,0
BRDA:42,0,1,0
BRDA:44,1,0,0
BRDA:44,1,1,0
BRDA:45,2,0,0
BRDA:45,2,1,0
BRDA:46,3,0,0
BRDA:46,3,1,0
BRDA:47,4,0,0
BRDA:47,4,1,0
BRDA:54,5,0,0
BRDA:54,5,1,0
BRDA:54,6,0,0
BRDA:54,6,1,0
BRDA:108,7,0,0
BRDA:108,7,1,0
BRDA:165,8,0,0
BRDA:165,8,1,0
BRDA:177,9,0,0
BRDA:177,9,1,0
BRDA:180,10,0,0
BRDA:180,10,1,0
BRDA:233,11,0,0
BRDA:233,11,1,0
BRDA:256,12,0,0
BRDA:256,12,1,0
BRDA:302,13,0,0
BRDA:302,13,1,0
BRDA:305,14,0,0
BRDA:305,14,1,0
BRDA:308,15,0,0
BRDA:308,15,1,0
BRDA:311,16,0,0
BRDA:311,16,1,0
BRDA:341,17,0,0
BRDA:341,17,1,0
BRF:36
BRH:0
end_of_record
TN:
SF:src/Super Admin/pages/Overview.jsx
FN:3,(anonymous_0)
FN:17,(anonymous_1)
FN:27,(anonymous_2)
FN:28,(anonymous_3)
FN:29,(anonymous_4)
FN:30,(anonymous_5)
FN:33,(anonymous_6)
FN:53,(anonymous_7)
FN:74,(anonymous_8)
FN:80,(anonymous_9)
FN:102,(anonymous_10)
FN:133,(anonymous_11)
FN:149,(anonymous_12)
FN:155,(anonymous_13)
FN:183,(anonymous_14)
FN:204,(anonymous_15)
FN:210,(anonymous_16)
FN:235,(anonymous_17)
FN:243,(anonymous_18)
FN:249,(anonymous_19)
FNF:20
FNH:0
FNDA:0,(anonymous_0)
FNDA:0,(anonymous_1)
FNDA:0,(anonymous_2)
FNDA:0,(anonymous_3)
FNDA:0,(anonymous_4)
FNDA:0,(anonymous_5)
FNDA:0,(anonymous_6)
FNDA:0,(anonymous_7)
FNDA:0,(anonymous_8)
FNDA:0,(anonymous_9)
FNDA:0,(anonymous_10)
FNDA:0,(anonymous_11)
FNDA:0,(anonymous_12)
FNDA:0,(anonymous_13)
FNDA:0,(anonymous_14)
FNDA:0,(anonymous_15)
FNDA:0,(anonymous_16)
FNDA:0,(anonymous_17)
FNDA:0,(anonymous_18)
FNDA:0,(anonymous_19)
DA:3,0
DA:4,0
DA:11,0
DA:17,0
DA:27,0
DA:28,0
DA:29,0
DA:30,0
DA:32,0
DA:33,0
DA:36,0
DA:54,0
DA:74,0
DA:80,0
DA:103,0
DA:134,0
DA:149,0
DA:155,0
DA:184,0
DA:204,0
DA:210,0
DA:236,0
DA:243,0
DA:249,0
LF:24
LH:0
BRDA:48,0,0,0
BRDA:48,0,1,0
BRDA:109,1,0,0
BRDA:109,1,1,0
BRDA:113,2,0,0
BRDA:113,2,1,0
BRDA:129,3,0,0
BRDA:129,3,1,0
BRDA:138,4,0,0
BRDA:138,4,1,0
BRDA:179,5,0,0
BRDA:179,5,1,0
BRDA:191,6,0,0
BRDA:191,6,1,0
BRDA:193,7,0,0
BRDA:193,7,1,0
BRDA:231,8,0,0
BRDA:231,8,1,0
BRF:18
BRH:0
end_of_record
TN:
SF:src/Super Admin/pages/Requests.jsx
FN:11,(anonymous_0)
FN:23,(anonymous_1)
FN:24,(anonymous_2)
FN:34,(anonymous_3)
FN:42,(anonymous_4)
FN:61,(anonymous_5)
FN:81,(anonymous_6)
FN:91,(anonymous_7)
FN:101,(anonymous_8)
FN:111,(anonymous_9)
FN:126,(anonymous_10)
FN:159,(anonymous_11)
FN:196,(anonymous_12)
FN:228,(anonymous_13)
FN:242,(anonymous_14)
FN:253,(anonymous_15)
FN:267,(anonymous_16)
FN:274,(anonymous_17)
FN:281,(anonymous_18)
FNF:19
FNH:0
FNDA:0,(anonymous_0)
FNDA:0,(anonymous_1)
FNDA:0,(anonymous_2)
FNDA:0,(anonymous_3)
FNDA:0,(anonymous_4)
FNDA:0,(anonymous_5)
FNDA:0,(anonymous_6)
FNDA:0,(anonymous_7)
FNDA:0,(anonymous_8)
FNDA:0,(anonymous_9)
FNDA:0,(anonymous_10)
FNDA:0,(anonymous_11)
FNDA:0,(anonymous_12)
FNDA:0,(anonymous_13)
FNDA:0,(anonymous_14)
FNDA:0,(anonymous_15)
FNDA:0,(anonymous_16)
FNDA:0,(anonymous_17)
FNDA:0,(anonymous_18)
DA:4,0
DA:11,0
DA:20,0
DA:21,0
DA:23,0
DA:24,0
DA:26,0
DA:29,0
DA:30,0
DA:34,0
DA:36,0
DA:39,0
DA:42,0
DA:43,0
DA:44,0
DA:45,0
DA:47,0
DA:48,0
DA:50,0
DA:51,0
DA:53,0
DA:61,0
DA:62,0
DA:63,0
DA:66,0
DA:81,0
DA:91,0
DA:101,0
DA:111,0
DA:126,0
DA:160,0
DA:161,0
DA:162,0
DA:197,0
DA:198,0
DA:200,0
DA:203,0
DA:228,0
DA:242,0
DA:253,0
DA:267,0
DA:274,0
DA:281,0
LF:43
LH:0
BRDA:14,0,0,0
BRDA:15,1,0,0
BRDA:17,2,0,0
BRDA:26,3,0,0
BRDA:26,3,1,0
BRDA:26,3,2,0
BRDA:29,4,0,0
BRDA:29,4,1,0
BRDA:30,5,0,0
BRDA:30,5,1,0
BRDA:36,6,0,0
BRDA:36,6,1,0
BRDA:43,7,0,0
BRDA:43,7,1,0
BRDA:44,8,0,0
BRDA:44,8,1,0
BRDA:44,9,0,0
BRDA:44,9,1,0
BRDA:47,10,0,0
BRDA:47,10,1,0
BRDA:47,11,0,0
BRDA:47,11,1,0
BRDA:50,12,0,0
BRDA:50,12,1,0
BRDA:55,13,0,0
BRDA:55,13,1,0
BRDA:55,13,2,0
BRDA:61,14,0,0
BRDA:62,15,0,0
BRDA:62,15,1,0
BRDA:62,15,2,0
BRDA:62,15,3,0
BRDA:62,15,4,0
BRDA:77,16,0,0
BRDA:77,16,1,0
BRDA:87,17,0,0
BRDA:87,17,1,0
BRDA:97,18,0,0
BRDA:97,18,1,0
BRDA:107,19,0,0
BRDA:107,19,1,0
BRDA:136,20,0,0
BRDA:136,20,1,0
BRDA:139,21,0,0
BRDA:139,21,1,0
BRDA:150,22,0,0
BRDA:150,22,1,0
BRDA:157,23,0,0
BRDA:157,23,1,0
BRDA:183,24,0,0
BRDA:183,24,1,0
BRDA:198,25,0,0
BRDA:198,25,1,0
BRDA:200,26,0,0
BRDA:200,26,1,0
BRDA:200,26,2,0
BRDA:202,27,0,0
BRDA:202,27,1,0
BRDA:202,28,0,0
BRDA:202,28,1,0
BRDA:208,29,0,0
BRDA:208,29,1,0
BRDA:211,30,0,0
BRDA:211,30,1,0
BRDA:213,31,0,0
BRDA:213,31,1,0
BRDA:223,32,0,0
BRDA:223,32,1,0
BRDA:225,33,0,0
BRDA:225,33,1,0
BRDA:237,34,0,0
BRDA:237,34,1,0
BRDA:239,35,0,0
BRDA:239,35,1,0
BRDA:255,36,0,0
BRDA:255,36,1,0
BRDA:289,37,0,0
BRDA:289,37,1,0
BRF:78
BRH:0
end_of_record
TN:
SF:src/Super Admin/pages/Tickets.jsx
FN:16,(anonymous_0)
FN:16,(anonymous_1)
FN:18,(anonymous_2)
FN:19,(anonymous_3)
FN:22,(anonymous_4)
FN:26,(anonymous_5)
FN:33,(anonymous_6)
FN:57,(anonymous_7)
FN:63,(anonymous_8)
FN:100,(anonymous_9)
FN:111,(anonymous_10)
FN:152,(anonymous_11)
FN:165,(anonymous_12)
FN:172,(anonymous_13)
FN:180,(anonymous_14)
FNF:15
FNH:0
FNDA:0,(anonymous_0)
FNDA:0,(anonymous_1)
FNDA:0,(anonymous_2)
FNDA:0,(anonymous_3)
FNDA:0,(anonymous_4)
FNDA:0,(anonymous_5)
FNDA:0,(anonymous_6)
FNDA:0,(anonymous_7)
FNDA:0,(anonymous_8)
FNDA:0,(anonymous_9)
FNDA:0,(anonymous_10)
FNDA:0,(anonymous_11)
FNDA:0,(anonymous_12)
FNDA:0,(anonymous_13)
FNDA:0,(anonymous_14)
DA:4,0
DA:10,0
DA:16,0
DA:17,0
DA:18,0
DA:19,0
DA:22,0
DA:23,0
DA:26,0
DA:27,0
DA:28,0
DA:29,0
DA:33,0
DA:34,0
DA:35,0
DA:38,0
DA:39,0
DA:41,0
DA:48,0
DA:58,0
DA:63,0
DA:101,0
DA:113,0
DA:114,0
DA:152,0
DA:165,0
DA:172,0
DA:180,0
LF:28
LH:0
BRDA:16,0,0,0
BRDA:16,1,0,0
BRDA:16,2,0,0
BRDA:19,3,0,0
BRDA:19,3,1,0
BRDA:28,4,0,0
BRDA:28,4,1,0
BRDA:34,5,0,0
BRDA:34,5,1,0
BRDA:34,5,2,0
BRDA:36,6,0,0
BRDA:36,6,1,0
BRDA:38,7,0,0
BRDA:38,7,1,0
BRDA:44,8,0,0
BRDA:44,8,1,0
BRDA:61,9,0,0
BRDA:61,9,1,0
BRDA:65,10,0,0
BRDA:65,10,1,0
BRDA:72,11,0,0
BRDA:72,11,1,0
BRDA:80,12,0,0
BRDA:80,12,1,0
BRDA:85,13,0,0
BRDA:85,13,1,0
BRDA:93,14,0,0
BRDA:93,14,1,0
BRDA:99,15,0,0
BRDA:99,15,1,0
BRDA:104,16,0,0
BRDA:104,16,1,0
BRDA:113,17,0,0
BRDA:113,17,1,0
BRDA:122,18,0,0
BRDA:122,18,1,0
BRDA:127,19,0,0
BRDA:127,19,1,0
BRDA:130,20,0,0
BRDA:130,20,1,0
BRDA:132,21,0,0
BRDA:132,21,1,0
BRDA:142,22,0,0
BRDA:142,22,1,0
BRDA:145,23,0,0
BRDA:145,23,1,0
BRDA:177,24,0,0
BRDA:177,24,1,0
BRDA:189,25,0,0
BRDA:189,25,1,0
BRDA:189,25,2,0
BRF:51
BRH:0
end_of_record
TN:
SF:src/admin/AdminApp.jsx
FN:39,(anonymous_0)
FN:48,(anonymous_1)
FN:53,(anonymous_2)
FN:61,(anonymous_3)
FN:62,(anonymous_4)
FN:90,(anonymous_5)
FN:115,(anonymous_6)
FN:123,(anonymous_7)
FN:125,(anonymous_8)
FN:143,(anonymous_9)
FNF:10
FNH:0
FNDA:0,(anonymous_0)
FNDA:0,(anonymous_1)
FNDA:0,(anonymous_2)
FNDA:0,(anonymous_3)
FNDA:0,(anonymous_4)
FNDA:0,(anonymous_5)
FNDA:0,(anonymous_6)
FNDA:0,(anonymous_7)
FNDA:0,(anonymous_8)
FNDA:0,(anonymous_9)
DA:37,0
DA:39,0
DA:40,0
DA:41,0
DA:42,0
DA:43,0
DA:45,0
DA:48,0
DA:49,0
DA:50,0
DA:51,0
DA:53,0
DA:54,0
DA:58,0
DA:59,0
DA:61,0
DA:62,0
DA:63,0
DA:64,0
DA:65,0
DA:66,0
DA:73,0
DA:74,0
DA:75,0
DA:77,0
DA:78,0
DA:79,0
DA:86,0
DA:87,0
DA:88,0
DA:90,0
DA:92,0
DA:93,0
DA:100,0
DA:104,0
DA:105,0
DA:106,0
DA:108,0
DA:112,0
DA:115,0
DA:116,0
DA:117,0
DA:121,0
DA:123,0
DA:124,0
DA:125,0
DA:128,0
DA:138,0
DA:143,0
LF:49
LH:0
BRDA:40,0,0,0
BRDA:40,0,1,0
BRDA:41,1,0,0
BRDA:41,1,1,0
BRDA:42,2,0,0
BRDA:42,2,1,0
BRDA:43,3,0,0
BRDA:43,3,1,0
BRDA:43,3,2,0
BRDA:43,3,3,0
BRDA:64,4,0,0
BRDA:64,4,1,0
BRDA:73,5,0,0
BRDA:73,5,1,0
BRDA:77,6,0,0
BRDA:77,6,1,0
BRDA:86,7,0,0
BRDA:86,7,1,0
BRDA:88,8,0,0
BRDA:88,8,1,0
BRDA:90,9,0,0
BRDA:90,9,1,0
BRDA:92,10,0,0
BRDA:92,10,1,0
BRDA:94,11,0,0
BRDA:94,11,1,0
BRDA:116,12,0,0
BRDA:116,12,1,0
BRDA:124,13,0,0
BRDA:124,13,1,0
BRDA:129,14,0,0
BRDA:129,14,1,0
BRDA:130,15,0,0
BRDA:130,15,1,0
BRDA:131,16,0,0
BRDA:131,16,1,0
BRDA:132,17,0,0
BRDA:132,17,1,0
BRDA:133,18,0,0
BRDA:133,18,1,0
BRDA:134,19,0,0
BRDA:134,19,1,0
BRDA:135,20,0,0
BRDA:135,20,1,0
BRF:44
BRH:0
end_of_record
TN:
SF:src/admin/AdminCongratulationsCard.jsx
FN:5,(anonymous_0)
FN:20,(anonymous_1)
FNF:2
FNH:0
FNDA:0,(anonymous_0)
FNDA:0,(anonymous_1)
DA:5,0
DA:6,0
DA:21,0
LF:3
LH:0
BRDA:24,0,0,0
BRDA:24,0,1,0
BRDA:26,1,0,0
BRDA:26,1,1,0
BRF:4
BRH:0
end_of_record
TN:
SF:src/admin/AdminDashboard.jsx
FN:16,(anonymous_0)
FN:77,(anonymous_1)
FN:108,(anonymous_2)
FNF:3
FNH:0
FNDA:0,(anonymous_0)
FNDA:0,(anonymous_1)
FNDA:0,(anonymous_2)
DA:16,0
DA:17,0
DA:41,0
DA:78,0
DA:79,0
DA:109,0
LF:6
LH:0
BRF:0
BRH:0
end_of_record
TN:
SF:src/admin/AdminHeader.jsx
FN:19,(anonymous_0)
FN:29,(anonymous_1)
FN:30,(anonymous_2)
FN:31,(anonymous_3)
FN:34,(anonymous_4)
FN:93,(anonymous_5)
FN:126,(anonymous_6)
FN:154,(anonymous_7)
FNF:8
FNH:0
FNDA:0,(anonymous_0)
FNDA:0,(anonymous_1)
FNDA:0,(anonymous_2)
FNDA:0,(anonymous_3)
FNDA:0,(anonymous_4)
FNDA:0,(anonymous_5)
FNDA:0,(anonymous_6)
FNDA:0,(anonymous_7)
DA:19,0
DA:20,0
DA:21,0
DA:22,0
DA:23,0
DA:24,0
DA:25,0
DA:26,0
DA:27,0
DA:29,0
DA:30,0
DA:31,0
DA:34,0
DA:35,0
DA:38,0
DA:93,0
DA:126,0
DA:155,0
DA:156,0
LF:19
LH:0
BRDA:24,0,0,0
BRDA:24,0,1,0
BRDA:25,1,0,0
BRDA:25,1,1,0
BRDA:26,2,0,0
BRDA:26,2,1,0
BRDA:27,3,0,0
BRDA:27,3,1,0
BRDA:75,4,0,0
BRDA:75,4,1,0
BRDA:75,4,2,0
BRDA:75,4,3,0
BRDA:78,5,0,0
BRDA:78,5,1,0
BRDA:79,6,0,0
BRDA:79,6,1,0
BRDA:82,7,0,0
BRDA:82,7,1,0
BRDA:99,8,0,0
BRDA:99,8,1,0
BRDA:129,9,0,0
BRDA:129,9,1,0
BRDA:129,10,0,0
BRDA:129,10,1,0
BRDA:132,11,0,0
BRDA:132,11,1,0
BRDA:143,12,0,0
BRDA:143,12,1,0
BRDA:145,13,0,0
BRDA:145,13,1,0
BRDA:150,14,0,0
BRDA:150,14,1,0
BRF:32
BRH:0
end_of_record
TN:
SF:src/admin/AdminLayout.jsx
FN:6,(anonymous_0)
FNF:1
FNH:0
FNDA:0,(anonymous_0)
DA:6,0
DA:18,0
DA:24,0
DA:26,0
LF:4
LH:0
BRDA:14,0,0,0
BRDA:16,1,0,0
BRDA:24,2,0,0
BRDA:24,2,1,0
BRDA:38,3,0,0
BRDA:38,3,1,0
BRDA:43,4,0,0
BRDA:43,4,1,0
BRF:8
BRH:0
end_of_record
TN:
SF:src/admin/AdminSidebar.jsx
FN:6,(anonymous_0)
FN:17,(anonymous_1)
FN:19,(anonymous_2)
FN:74,(anonymous_3)
FN:83,(anonymous_4)
FN:104,(anonymous_5)
FN:106,(anonymous_6)
FN:124,(anonymous_7)
FN:130,(anonymous_8)
FN:132,(anonymous_9)
FNF:10
FNH:0
FNDA:0,(anonymous_0)
FNDA:0,(anonymous_1)
FNDA:0,(anonymous_2)
FNDA:0,(anonymous_3)
FNDA:0,(anonymous_4)
FNDA:0,(anonymous_5)
FNDA:0,(anonymous_6)
FNDA:0,(anonymous_7)
FNDA:0,(anonymous_8)
FNDA:0,(anonymous_9)
DA:6,0
DA:13,0
DA:14,0
DA:15,0
DA:17,0
DA:18,0
DA:19,0
DA:25,0
DA:75,0
DA:76,0
DA:78,0
DA:83,0
DA:104,0
DA:107,0
DA:125,0
DA:126,0
DA:130,0
DA:133,0
LF:18
LH:0
BRDA:8,0,0,0
BRDA:10,1,0,0
BRDA:14,2,0,0
BRDA:14,2,1,0
BRDA:15,3,0,0
BRDA:15,3,1,0
BRDA:18,4,0,0
BRDA:18,4,1,0
BRDA:28,5,0,0
BRDA:28,5,1,0
BRDA:35,6,0,0
BRDA:35,6,1,0
BRDA:38,7,0,0
BRDA:38,7,1,0
BRDA:39,8,0,0
BRDA:39,8,1,0
BRDA:42,9,0,0
BRDA:42,9,1,0
BRDA:49,10,0,0
BRDA:49,10,1,0
BRDA:51,11,0,0
BRDA:51,11,1,0
BRDA:54,12,0,0
BRDA:54,12,1,0
BRDA:55,13,0,0
BRDA:55,13,1,0
BRDA:56,14,0,0
BRDA:56,14,1,0
BRDA:62,15,0,0
BRDA:62,15,1,0
BRDA:63,16,0,0
BRDA:63,16,1,0
BRDA:64,17,0,0
BRDA:64,17,1,0
BRDA:66,18,0,0
BRDA:66,18,1,0
BRDA:67,19,0,0
BRDA:67,19,1,0
BRDA:81,20,0,0
BRDA:81,20,1,0
BRDA:92,21,0,0
BRDA:92,21,1,0
BRDA:93,22,0,0
BRDA:93,22,1,0
BRDA:94,23,0,0
BRDA:94,23,1,0
BRDA:110,24,0,0
BRDA:110,24,1,0
BRDA:114,25,0,0
BRDA:114,25,1,0
BRDA:115,26,0,0
BRDA:115,26,1,0
BRDA:122,27,0,0
BRDA:122,27,1,0
BRDA:122,27,2,0
BRDA:122,27,3,0
BRDA:136,28,0,0
BRDA:136,28,1,0
BRDA:140,29,0,0
BRDA:140,29,1,0
BRDA:156,30,0,0
BRDA:156,30,1,0
BRDA:158,31,0,0
BRDA:158,31,1,0
BRDA:161,32,0,0
BRDA:161,32,1,0
BRDA:170,33,0,0
BRDA:170,33,1,0
BRDA:173,34,0,0
BRDA:173,34,1,0
BRDA:176,35,0,0
BRDA:176,35,1,0
BRF:72
BRH:0
end_of_record
TN:
SF:src/admin/Analytics.jsx
FN:36,(anonymous_0)
FN:38,(anonymous_1)
FN:44,(anonymous_2)
FN:46,(anonymous_3)
FN:52,(anonymous_4)
FN:54,(anonymous_5)
FN:67,(anonymous_6)
FN:68,(anonymous_7)
FN:79,(anonymous_8)
FN:86,(anonymous_9)
FN:104,(anonymous_10)
FN:120,(anonymous_11)
FN:124,(anonymous_12)
FN:129,(anonymous_13)
FN:131,(anonymous_14)
FN:145,(anonymous_15)
FN:161,(anonymous_16)
FN:164,(anonymous_17)
FN:166,(anonymous_18)
FN:174,(anonymous_19)
FN:190,(anonymous_20)
FN:193,(anonymous_21)
FN:195,(anonymous_22)
FN:203,(anonymous_23)
FN:219,(anonymous_24)
FN:222,(anonymous_25)
FN:224,(anonymous_26)
FN:232,(anonymous_27)
FN:248,(anonymous_28)
FN:251,(anonymous_29)
FN:258,(anonymous_30)
FN:261,(anonymous_31)
FN:266,(anonymous_32)
FN:269,(anonymous_33)
FN:281,(anonymous_34)
FN:288,(anonymous_35)
FN:299,(anonymous_36)
FN:302,(anonymous_37)
FN:309,(anonymous_38)
FN:310,(anonymous_39)
FN:318,(anonymous_40)
FN:321,(anonymous_41)
FN:330,(anonymous_42)
FN:332,(anonymous_43)
FN:335,(anonymous_44)
FN:345,(anonymous_45)
FN:391,(anonymous_46)
FN:425,(anonymous_47)
FN:436,(anonymous_48)
FN:443,(anonymous_49)
FN:451,(anonymous_50)
FN:461,(anonymous_51)
FN:472,(anonymous_52)
FN:493,(anonymous_53)
FN:514,(anonymous_54)
FN:524,(anonymous_55)
FN:534,(anonymous_56)
FN:540,(anonymous_57)
FN:546,(anonymous_58)
FN:577,(anonymous_59)
FN:601,(anonymous_60)
FN:681,(anonymous_61)
FN:684,(anonymous_62)
FN:690,(anonymous_63)
FN:693,(anonymous_64)
FN:755,(anonymous_65)
FN:762,(anonymous_66)
FN:782,(anonymous_67)
FN:820,(anonymous_68)
FN:843,(anonymous_69)
FN:869,(anonymous_70)
FNF:71
FNH:0
FNDA:0,(anonymous_0)
FNDA:0,(anonymous_1)
FNDA:0,(anonymous_2)
FNDA:0,(anonymous_3)
FNDA:0,(anonymous_4)
FNDA:0,(anonymous_5)
FNDA:0,(anonymous_6)
FNDA:0,(anonymous_7)
FNDA:0,(anonymous_8)
FNDA:0,(anonymous_9)
FNDA:0,(anonymous_10)
FNDA:0,(anonymous_11)
FNDA:0,(anonymous_12)
FNDA:0,(anonymous_13)
FNDA:0,(anonymous_14)
FNDA:0,(anonymous_15)
FNDA:0,(anonymous_16)
FNDA:0,(anonymous_17)
FNDA:0,(anonymous_18)
FNDA:0,(anonymous_19)
FNDA:0,(anonymous_20)
FNDA:0,(anonymous_21)
FNDA:0,(anonymous_22)
FNDA:0,(anonymous_23)
FNDA:0,(anonymous_24)
FNDA:0,(anonymous_25)
FNDA:0,(anonymous_26)
FNDA:0,(anonymous_27)
FNDA:0,(anonymous_28)
FNDA:0,(anonymous_29)
FNDA:0,(anonymous_30)
FNDA:0,(anonymous_31)
FNDA:0,(anonymous_32)
FNDA:0,(anonymous_33)
FNDA:0,(anonymous_34)
FNDA:0,(anonymous_35)
FNDA:0,(anonymous_36)
FNDA:0,(anonymous_37)
FNDA:0,(anonymous_38)
FNDA:0,(anonymous_39)
FNDA:0,(anonymous_40)
FNDA:0,(anonymous_41)
FNDA:0,(anonymous_42)
FNDA:0,(anonymous_43)
FNDA:0,(anonymous_44)
FNDA:0,(anonymous_45)
FNDA:0,(anonymous_46)
FNDA:0,(anonymous_47)
FNDA:0,(anonymous_48)
FNDA:0,(anonymous_49)
FNDA:0,(anonymous_50)
FNDA:0,(anonymous_51)
FNDA:0,(anonymous_52)
FNDA:0,(anonymous_53)
FNDA:0,(anonymous_54)
FNDA:0,(anonymous_55)
FNDA:0,(anonymous_56)
FNDA:0,(anonymous_57)
FNDA:0,(anonymous_58)
FNDA:0,(anonymous_59)
FNDA:0,(anonymous_60)
FNDA:0,(anonymous_61)
FNDA:0,(anonymous_62)
FNDA:0,(anonymous_63)
FNDA:0,(anonymous_64)
FNDA:0,(anonymous_65)
FNDA:0,(anonymous_66)
FNDA:0,(anonymous_67)
FNDA:0,(anonymous_68)
FNDA:0,(anonymous_69)
FNDA:0,(anonymous_70)
DA:32,0
DA:33,0
DA:34,0
DA:36,0
DA:38,0
DA:39,0
DA:40,0
DA:41,0
DA:44,0
DA:46,0
DA:47,0
DA:52,0
DA:54,0
DA:55,0
DA:56,0
DA:57,0
DA:58,0
DA:59,0
DA:60,0
DA:67,0
DA:68,0
DA:69,0
DA:70,0
DA:71,0
DA:72,0
DA:73,0
DA:74,0
DA:75,0
DA:76,0
DA:77,0
DA:79,0
DA:86,0
DA:87,0
DA:88,0
DA:89,0
DA:90,0
DA:91,0
DA:92,0
DA:93,0
DA:94,0
DA:95,0
DA:96,0
DA:97,0
DA:98,0
DA:99,0
DA:100,0
DA:101,0
DA:104,0
DA:105,0
DA:106,0
DA:107,0
DA:108,0
DA:109,0
DA:110,0
DA:111,0
DA:112,0
DA:113,0
DA:114,0
DA:115,0
DA:116,0
DA:117,0
DA:118,0
DA:120,0
DA:121,0
DA:124,0
DA:125,0
DA:126,0
DA:129,0
DA:130,0
DA:131,0
DA:132,0
DA:133,0
DA:134,0
DA:135,0
DA:136,0
DA:137,0
DA:138,0
DA:139,0
DA:140,0
DA:141,0
DA:145,0
DA:146,0
DA:147,0
DA:149,0
DA:151,0
DA:152,0
DA:155,0
DA:156,0
DA:160,0
DA:161,0
DA:164,0
DA:165,0
DA:166,0
DA:167,0
DA:168,0
DA:169,0
DA:170,0
DA:174,0
DA:175,0
DA:176,0
DA:178,0
DA:180,0
DA:181,0
DA:184,0
DA:185,0
DA:189,0
DA:190,0
DA:193,0
DA:194,0
DA:195,0
DA:196,0
DA:197,0
DA:198,0
DA:199,0
DA:203,0
DA:204,0
DA:205,0
DA:207,0
DA:209,0
DA:210,0
DA:213,0
DA:214,0
DA:218,0
DA:219,0
DA:222,0
DA:223,0
DA:224,0
DA:225,0
DA:226,0
DA:227,0
DA:228,0
DA:232,0
DA:233,0
DA:234,0
DA:236,0
DA:238,0
DA:239,0
DA:242,0
DA:243,0
DA:247,0
DA:248,0
DA:251,0
DA:252,0
DA:253,0
DA:254,0
DA:255,0
DA:258,0
DA:259,0
DA:260,0
DA:261,0
DA:266,0
DA:269,0
DA:270,0
DA:271,0
DA:281,0
DA:288,0
DA:289,0
DA:290,0
DA:291,0
DA:292,0
DA:296,0
DA:297,0
DA:299,0
DA:302,0
DA:303,0
DA:304,0
DA:309,0
DA:310,0
DA:318,0
DA:319,0
DA:320,0
DA:321,0
DA:322,0
DA:323,0
DA:324,0
DA:325,0
DA:326,0
DA:330,0
DA:332,0
DA:333,0
DA:334,0
DA:335,0
DA:345,0
DA:346,0
DA:347,0
DA:348,0
DA:349,0
DA:350,0
DA:351,0
DA:391,0
DA:392,0
DA:422,0
DA:425,0
DA:426,0
DA:427,0
DA:428,0
DA:429,0
DA:430,0
DA:431,0
DA:432,0
DA:433,0
DA:434,0
DA:436,0
DA:437,0
DA:438,0
DA:439,0
DA:443,0
DA:444,0
DA:445,0
DA:446,0
DA:447,0
DA:448,0
DA:451,0
DA:452,0
DA:453,0
DA:454,0
DA:455,0
DA:456,0
DA:457,0
DA:458,0
DA:461,0
DA:462,0
DA:463,0
DA:464,0
DA:465,0
DA:466,0
DA:467,0
DA:468,0
DA:469,0
DA:470,0
DA:472,0
DA:473,0
DA:474,0
DA:475,0
DA:476,0
DA:477,0
DA:481,0
DA:482,0
DA:483,0
DA:484,0
DA:485,0
DA:486,0
DA:487,0
DA:488,0
DA:489,0
DA:490,0
DA:492,0
DA:493,0
DA:494,0
DA:497,0
DA:498,0
DA:499,0
DA:500,0
DA:501,0
DA:502,0
DA:503,0
DA:505,0
DA:506,0
DA:507,0
DA:508,0
DA:509,0
DA:511,0
DA:512,0
DA:514,0
DA:521,0
DA:522,0
DA:524,0
DA:531,0
DA:532,0
DA:534,0
DA:537,0
DA:538,0
DA:540,0
DA:543,0
DA:544,0
DA:546,0
DA:549,0
DA:550,0
DA:551,0
DA:552,0
DA:554,0
DA:557,0
DA:559,0
DA:563,0
DA:578,0
DA:602,0
DA:603,0
DA:604,0
DA:606,0
DA:681,0
DA:685,0
DA:690,0
DA:694,0
DA:756,0
DA:763,0
DA:783,0
DA:821,0
DA:844,0
DA:870,0
DA:871,0
LF:300
LH:0
BRDA:32,0,0,0
BRDA:32,0,1,0
BRDA:39,1,0,0
BRDA:39,1,1,0
BRDA:39,2,0,0
BRDA:39,2,1,0
BRDA:41,3,0,0
BRDA:41,3,1,0
BRDA:44,4,0,0
BRDA:44,4,1,0
BRDA:51,5,0,0
BRDA:51,5,1,0
BRDA:52,6,0,0
BRDA:52,6,1,0
BRDA:69,7,0,0
BRDA:69,7,1,0
BRDA:70,8,0,0
BRDA:70,8,1,0
BRDA:72,9,0,0
BRDA:72,9,1,0
BRDA:75,10,0,0
BRDA:75,10,1,0
BRDA:76,11,0,0
BRDA:76,11,1,0
BRDA:77,12,0,0
BRDA:77,12,1,0
BRDA:87,13,0,0
BRDA:87,13,1,0
BRDA:90,14,0,0
BRDA:90,14,1,0
BRDA:91,15,0,0
BRDA:91,15,1,0
BRDA:93,16,0,0
BRDA:93,16,1,0
BRDA:95,17,0,0
BRDA:95,17,1,0
BRDA:97,18,0,0
BRDA:97,18,1,0
BRDA:99,19,0,0
BRDA:99,19,1,0
BRDA:126,20,0,0
BRDA:126,20,1,0
BRDA:138,21,0,0
BRDA:138,21,1,0
BRDA:139,22,0,0
BRDA:139,22,1,0
BRDA:140,23,0,0
BRDA:140,23,1,0
BRDA:146,24,0,0
BRDA:146,24,1,0
BRDA:147,25,0,0
BRDA:147,25,1,0
BRDA:151,26,0,0
BRDA:151,26,1,0
BRDA:152,27,0,0
BRDA:152,27,1,0
BRDA:155,28,0,0
BRDA:155,28,1,0
BRDA:175,29,0,0
BRDA:175,29,1,0
BRDA:176,30,0,0
BRDA:176,30,1,0
BRDA:180,31,0,0
BRDA:180,31,1,0
BRDA:181,32,0,0
BRDA:181,32,1,0
BRDA:184,33,0,0
BRDA:184,33,1,0
BRDA:204,34,0,0
BRDA:204,34,1,0
BRDA:205,35,0,0
BRDA:205,35,1,0
BRDA:207,36,0,0
BRDA:207,36,1,0
BRDA:209,37,0,0
BRDA:209,37,1,0
BRDA:210,38,0,0
BRDA:210,38,1,0
BRDA:213,39,0,0
BRDA:213,39,1,0
BRDA:233,40,0,0
BRDA:233,40,1,0
BRDA:234,41,0,0
BRDA:234,41,1,0
BRDA:236,42,0,0
BRDA:236,42,1,0
BRDA:238,43,0,0
BRDA:238,43,1,0
BRDA:239,44,0,0
BRDA:239,44,1,0
BRDA:242,45,0,0
BRDA:242,45,1,0
BRDA:252,46,0,0
BRDA:252,46,1,0
BRDA:253,47,0,0
BRDA:253,48,0,0
BRDA:254,49,0,0
BRDA:254,49,1,0
BRDA:259,50,0,0
BRDA:259,50,1,0
BRDA:263,51,0,0
BRDA:263,51,1,0
BRDA:264,52,0,0
BRDA:264,52,1,0
BRDA:270,53,0,0
BRDA:270,53,1,0
BRDA:284,54,0,0
BRDA:284,54,1,0
BRDA:289,55,0,0
BRDA:289,55,1,0
BRDA:290,56,0,0
BRDA:290,57,0,0
BRDA:290,58,0,0
BRDA:296,59,0,0
BRDA:296,59,1,0
BRDA:303,60,0,0
BRDA:303,60,1,0
BRDA:312,61,0,0
BRDA:312,61,1,0
BRDA:314,62,0,0
BRDA:314,62,1,0
BRDA:322,63,0,0
BRDA:322,63,1,0
BRDA:322,64,0,0
BRDA:322,64,1,0
BRDA:323,65,0,0
BRDA:323,65,1,0
BRDA:324,66,0,0
BRDA:324,66,1,0
BRDA:325,67,0,0
BRDA:325,67,1,0
BRDA:326,68,0,0
BRDA:326,68,1,0
BRDA:333,69,0,0
BRDA:333,69,1,0
BRDA:336,70,0,0
BRDA:336,70,1,0
BRDA:337,71,0,0
BRDA:337,71,1,0
BRDA:337,71,2,0
BRDA:338,72,0,0
BRDA:338,72,1,0
BRDA:339,73,0,0
BRDA:339,73,1,0
BRDA:339,73,2,0
BRDA:346,74,0,0
BRDA:346,74,1,0
BRDA:346,74,2,0
BRDA:347,75,0,0
BRDA:347,75,1,0
BRDA:348,76,0,0
BRDA:348,76,1,0
BRDA:349,77,0,0
BRDA:349,77,1,0
BRDA:350,78,0,0
BRDA:350,78,1,0
BRDA:354,79,0,0
BRDA:354,79,1,0
BRDA:355,80,0,0
BRDA:355,80,1,0
BRDA:363,81,0,0
BRDA:363,81,1,0
BRDA:364,82,0,0
BRDA:364,82,1,0
BRDA:364,83,0,0
BRDA:364,83,1,0
BRDA:365,84,0,0
BRDA:365,84,1,0
BRDA:372,85,0,0
BRDA:372,85,1,0
BRDA:372,86,0,0
BRDA:372,86,1,0
BRDA:373,87,0,0
BRDA:373,87,1,0
BRDA:374,88,0,0
BRDA:374,88,1,0
BRDA:381,89,0,0
BRDA:381,89,1,0
BRDA:381,90,0,0
BRDA:381,90,1,0
BRDA:382,91,0,0
BRDA:382,91,1,0
BRDA:382,92,0,0
BRDA:382,92,1,0
BRDA:383,93,0,0
BRDA:383,93,1,0
BRDA:383,94,0,0
BRDA:383,94,1,0
BRDA:383,95,0,0
BRDA:383,95,1,0
BRDA:422,96,0,0
BRDA:422,96,1,0
BRDA:436,97,0,0
BRDA:437,98,0,0
BRDA:437,98,1,0
BRDA:451,99,0,0
BRDA:468,100,0,0
BRDA:468,100,1,0
BRDA:489,101,0,0
BRDA:489,101,1,0
BRDA:494,102,0,0
BRDA:494,102,1,0
BRDA:498,103,0,0
BRDA:498,103,1,0
BRDA:499,104,0,0
BRDA:499,104,1,0
BRDA:500,105,0,0
BRDA:500,105,1,0
BRDA:501,106,0,0
BRDA:501,106,1,0
BRDA:502,107,0,0
BRDA:502,107,1,0
BRDA:502,107,2,0
BRDA:503,108,0,0
BRDA:503,108,1,0
BRDA:506,109,0,0
BRDA:506,109,1,0
BRDA:507,110,0,0
BRDA:507,110,1,0
BRDA:508,111,0,0
BRDA:508,111,1,0
BRDA:508,112,0,0
BRDA:508,112,1,0
BRDA:559,113,0,0
BRDA:559,113,1,0
BRDA:559,113,2,0
BRDA:559,113,3,0
BRDA:566,114,0,0
BRDA:566,114,1,0
BRDA:575,115,0,0
BRDA:575,115,1,0
BRDA:604,116,0,0
BRDA:604,116,1,0
BRDA:612,117,0,0
BRDA:612,117,1,0
BRDA:614,118,0,0
BRDA:614,118,1,0
BRDA:639,119,0,0
BRDA:639,119,1,0
BRDA:639,120,0,0
BRDA:639,120,1,0
BRDA:641,121,0,0
BRDA:641,121,1,0
BRDA:695,122,0,0
BRDA:695,122,1,0
BRDA:701,123,0,0
BRDA:701,123,1,0
BRDA:701,124,0,0
BRDA:701,124,1,0
BRDA:703,125,0,0
BRDA:703,125,1,0
BRDA:737,126,0,0
BRDA:737,126,1,0
BRDA:740,127,0,0
BRDA:740,127,1,0
BRDA:740,128,0,0
BRDA:740,128,1,0
BRDA:742,129,0,0
BRDA:742,129,1,0
BRDA:796,130,0,0
BRDA:796,130,1,0
BRDA:805,131,0,0
BRDA:805,131,1,0
BRDA:842,132,0,0
BRDA:842,132,1,0
BRDA:865,133,0,0
BRDA:865,133,1,0
BRDA:865,134,0,0
BRDA:865,134,1,0
BRDA:867,135,0,0
BRDA:867,135,1,0
BRDA:878,136,0,0
BRDA:878,136,1,0
BRF:273
BRH:0
end_of_record
TN:
SF:src/admin/ArchivedStudents.jsx
FN:7,(anonymous_0)
FN:11,(anonymous_1)
FN:30,(anonymous_2)
FN:34,(anonymous_3)
FN:79,(anonymous_4)
FNF:5
FNH:0
FNDA:0,(anonymous_0)
FNDA:0,(anonymous_1)
FNDA:0,(anonymous_2)
FNDA:0,(anonymous_3)
FNDA:0,(anonymous_4)
DA:5,0
DA:7,0
DA:8,0
DA:9,0
DA:11,0
DA:12,0
DA:13,0
DA:14,0
DA:20,0
DA:21,0
DA:23,0
DA:24,0
DA:26,0
DA:30,0
DA:31,0
DA:34,0
DA:35,0
DA:38,0
DA:80,0
LF:19
LH:0
BRDA:21,0,0,0
BRDA:21,0,1,0
BRDA:70,1,0,0
BRDA:70,1,1,0
BRDA:78,2,0,0
BRDA:78,2,1,0
BRDA:87,3,0,0
BRDA:87,3,1,0
BRDA:94,4,0,0
BRDA:94,4,1,0
BRDA:94,4,2,0
BRF:11
BRH:0
end_of_record
TN:
SF:src/admin/Avatar.jsx
FN:3,(anonymous_0)
FNF:1
FNH:0
FNDA:0,(anonymous_0)
DA:3,0
DA:4,0
DA:10,0
LF:3
LH:0
BRDA:3,0,0,0
BRDA:3,1,0,0
BRDA:12,2,0,0
BRDA:12,2,1,0
BRDA:12,3,0,0
BRDA:12,3,1,0
BRF:6
BRH:0
end_of_record
TN:
SF:src/admin/Dashboard.jsx
FN:37,(anonymous_0)
FN:44,(anonymous_1)
FN:53,(anonymous_2)
FN:56,(anonymous_3)
FN:68,(anonymous_4)
FN:70,(anonymous_5)
FN:77,(anonymous_6)
FN:87,(anonymous_7)
FN:90,(anonymous_8)
FN:91,(anonymous_9)
FN:93,(anonymous_10)
FN:101,(anonymous_11)
FN:108,(anonymous_12)
FN:109,(anonymous_13)
FN:121,(anonymous_14)
FN:124,(anonymous_15)
FN:133,(anonymous_16)
FN:147,(anonymous_17)
FN:170,(anonymous_18)
FN:186,(anonymous_19)
FN:205,(anonymous_20)
FN:210,(anonymous_21)
FN:222,(anonymous_22)
FN:240,(anonymous_23)
FN:241,(anonymous_24)
FN:242,(anonymous_25)
FN:245,(anonymous_26)
FN:247,(anonymous_27)
FN:250,(anonymous_28)
FN:255,(anonymous_29)
FN:256,(anonymous_30)
FN:274,(anonymous_31)
FN:276,(anonymous_32)
FN:285,(anonymous_33)
FN:286,(anonymous_34)
FN:311,(anonymous_35)
FN:315,(anonymous_36)
FN:317,(anonymous_37)
FN:322,(anonymous_38)
FN:335,(anonymous_39)
FN:444,(anonymous_40)
FN:515,(anonymous_41)
FN:539,(anonymous_42)
FN:569,(anonymous_43)
FN:598,(anonymous_44)
FN:604,(anonymous_45)
FN:630,(anonymous_46)
FN:641,(anonymous_47)
FN:678,(anonymous_48)
FN:689,(anonymous_49)
FNF:50
FNH:0
FNDA:0,(anonymous_0)
FNDA:0,(anonymous_1)
FNDA:0,(anonymous_2)
FNDA:0,(anonymous_3)
FNDA:0,(anonymous_4)
FNDA:0,(anonymous_5)
FNDA:0,(anonymous_6)
FNDA:0,(anonymous_7)
FNDA:0,(anonymous_8)
FNDA:0,(anonymous_9)
FNDA:0,(anonymous_10)
FNDA:0,(anonymous_11)
FNDA:0,(anonymous_12)
FNDA:0,(anonymous_13)
FNDA:0,(anonymous_14)
FNDA:0,(anonymous_15)
FNDA:0,(anonymous_16)
FNDA:0,(anonymous_17)
FNDA:0,(anonymous_18)
FNDA:0,(anonymous_19)
FNDA:0,(anonymous_20)
FNDA:0,(anonymous_21)
FNDA:0,(anonymous_22)
FNDA:0,(anonymous_23)
FNDA:0,(anonymous_24)
FNDA:0,(anonymous_25)
FNDA:0,(anonymous_26)
FNDA:0,(anonymous_27)
FNDA:0,(anonymous_28)
FNDA:0,(anonymous_29)
FNDA:0,(anonymous_30)
FNDA:0,(anonymous_31)
FNDA:0,(anonymous_32)
FNDA:0,(anonymous_33)
FNDA:0,(anonymous_34)
FNDA:0,(anonymous_35)
FNDA:0,(anonymous_36)
FNDA:0,(anonymous_37)
FNDA:0,(anonymous_38)
FNDA:0,(anonymous_39)
FNDA:0,(anonymous_40)
FNDA:0,(anonymous_41)
FNDA:0,(anonymous_42)
FNDA:0,(anonymous_43)
FNDA:0,(anonymous_44)
FNDA:0,(anonymous_45)
FNDA:0,(anonymous_46)
FNDA:0,(anonymous_47)
FNDA:0,(anonymous_48)
FNDA:0,(anonymous_49)
DA:37,0
DA:38,0
DA:44,0
DA:45,0
DA:46,0
DA:47,0
DA:48,0
DA:49,0
DA:50,0
DA:53,0
DA:54,0
DA:56,0
DA:57,0
DA:58,0
DA:59,0
DA:60,0
DA:61,0
DA:68,0
DA:70,0
DA:71,0
DA:72,0
DA:73,0
DA:74,0
DA:77,0
DA:78,0
DA:79,0
DA:80,0
DA:81,0
DA:84,0
DA:87,0
DA:88,0
DA:89,0
DA:90,0
DA:91,0
DA:93,0
DA:101,0
DA:102,0
DA:103,0
DA:104,0
DA:105,0
DA:108,0
DA:109,0
DA:121,0
DA:122,0
DA:123,0
DA:125,0
DA:126,0
DA:127,0
DA:128,0
DA:129,0
DA:133,0
DA:134,0
DA:147,0
DA:148,0
DA:170,0
DA:171,0
DA:186,0
DA:187,0
DA:192,0
DA:197,0
DA:205,0
DA:206,0
DA:207,0
DA:211,0
DA:222,0
DA:223,0
DA:224,0
DA:225,0
DA:226,0
DA:227,0
DA:232,0
DA:233,0
DA:234,0
DA:235,0
DA:236,0
DA:237,0
DA:240,0
DA:241,0
DA:242,0
DA:245,0
DA:246,0
DA:247,0
DA:250,0
DA:251,0
DA:255,0
DA:256,0
DA:257,0
DA:258,0
DA:261,0
DA:262,0
DA:263,0
DA:265,0
DA:267,0
DA:270,0
DA:274,0
DA:275,0
DA:276,0
DA:277,0
DA:278,0
DA:279,0
DA:280,0
DA:281,0
DA:285,0
DA:286,0
DA:287,0
DA:288,0
DA:289,0
DA:290,0
DA:298,0
DA:299,0
DA:300,0
DA:307,0
DA:310,0
DA:311,0
DA:315,0
DA:316,0
DA:317,0
DA:318,0
DA:319,0
DA:320,0
DA:321,0
DA:322,0
DA:323,0
DA:324,0
DA:326,0
DA:327,0
DA:328,0
DA:331,0
DA:334,0
DA:335,0
DA:340,0
DA:341,0
DA:342,0
DA:343,0
DA:344,0
DA:345,0
DA:346,0
DA:347,0
DA:349,0
DA:350,0
DA:352,0
DA:387,0
DA:423,0
DA:444,0
DA:445,0
DA:446,0
DA:447,0
DA:448,0
DA:453,0
DA:516,0
DA:540,0
DA:569,0
DA:599,0
DA:604,0
DA:631,0
DA:642,0
DA:679,0
DA:690,0
LF:158
LH:0
BRDA:37,0,0,0
BRDA:44,1,0,0
BRDA:45,2,0,0
BRDA:45,2,1,0
BRDA:46,3,0,0
BRDA:46,3,1,0
BRDA:47,4,0,0
BRDA:47,4,1,0
BRDA:48,5,0,0
BRDA:48,5,1,0
BRDA:49,6,0,0
BRDA:49,6,1,0
BRDA:56,7,0,0
BRDA:56,8,0,0
BRDA:56,9,0,0
BRDA:71,10,0,0
BRDA:71,10,1,0
BRDA:72,11,0,0
BRDA:72,11,1,0
BRDA:74,12,0,0
BRDA:74,12,1,0
BRDA:74,13,0,0
BRDA:74,13,1,0
BRDA:78,14,0,0
BRDA:78,14,1,0
BRDA:79,15,0,0
BRDA:79,15,1,0
BRDA:81,16,0,0
BRDA:81,16,1,0
BRDA:87,17,0,0
BRDA:90,18,0,0
BRDA:90,18,1,0
BRDA:90,18,2,0
BRDA:94,19,0,0
BRDA:94,19,1,0
BRDA:96,20,0,0
BRDA:96,20,1,0
BRDA:101,21,0,0
BRDA:103,22,0,0
BRDA:103,22,1,0
BRDA:103,23,0,0
BRDA:103,23,1,0
BRDA:103,23,2,0
BRDA:104,24,0,0
BRDA:104,24,1,0
BRDA:104,25,0,0
BRDA:104,25,1,0
BRDA:104,25,2,0
BRDA:108,26,0,0
BRDA:110,27,0,0
BRDA:110,27,1,0
BRDA:111,28,0,0
BRDA:111,28,1,0
BRDA:112,29,0,0
BRDA:112,29,1,0
BRDA:113,30,0,0
BRDA:113,30,1,0
BRDA:114,31,0,0
BRDA:114,31,1,0
BRDA:116,32,0,0
BRDA:116,32,1,0
BRDA:117,33,0,0
BRDA:117,33,1,0
BRDA:117,33,2,0
BRDA:118,34,0,0
BRDA:118,34,1,0
BRDA:121,35,0,0
BRDA:121,36,0,0
BRDA:127,37,0,0
BRDA:127,37,1,0
BRDA:127,38,0,0
BRDA:127,38,1,0
BRDA:127,38,2,0
BRDA:133,39,0,0
BRDA:133,39,1,0
BRDA:159,40,0,0
BRDA:159,40,1,0
BRDA:164,41,0,0
BRDA:164,41,1,0
BRDA:174,42,0,0
BRDA:174,42,1,0
BRDA:179,43,0,0
BRDA:179,43,1,0
BRDA:180,44,0,0
BRDA:180,44,1,0
BRDA:182,45,0,0
BRDA:182,45,1,0
BRDA:198,46,0,0
BRDA:198,46,1,0
BRDA:199,47,0,0
BRDA:199,47,1,0
BRDA:206,48,0,0
BRDA:206,48,1,0
BRDA:206,49,0,0
BRDA:206,49,1,0
BRDA:262,50,0,0
BRDA:262,50,1,0
BRDA:262,51,0,0
BRDA:262,51,1,0
BRDA:265,52,0,0
BRDA:265,52,1,0
BRDA:287,53,0,0
BRDA:287,53,1,0
BRDA:287,54,0,0
BRDA:287,54,1,0
BRDA:288,55,0,0
BRDA:288,55,1,0
BRDA:288,56,0,0
BRDA:288,56,1,0
BRDA:289,57,0,0
BRDA:289,57,1,0
BRDA:292,58,0,0
BRDA:292,58,1,0
BRDA:293,59,0,0
BRDA:293,59,1,0
BRDA:298,60,0,0
BRDA:298,60,1,0
BRDA:299,61,0,0
BRDA:299,61,1,0
BRDA:307,62,0,0
BRDA:307,62,1,0
BRDA:323,63,0,0
BRDA:323,63,1,0
BRDA:323,64,0,0
BRDA:323,64,1,0
BRDA:324,65,0,0
BRDA:324,65,1,0
BRDA:324,66,0,0
BRDA:324,66,1,0
BRDA:326,67,0,0
BRDA:326,67,1,0
BRDA:327,68,0,0
BRDA:327,68,1,0
BRDA:331,69,0,0
BRDA:331,69,1,0
BRDA:340,70,0,0
BRDA:340,70,1,0
BRDA:341,71,0,0
BRDA:341,71,1,0
BRDA:342,72,0,0
BRDA:342,72,1,0
BRDA:343,73,0,0
BRDA:343,73,1,0
BRDA:344,74,0,0
BRDA:344,74,1,0
BRDA:345,75,0,0
BRDA:345,75,1,0
BRDA:346,76,0,0
BRDA:346,76,1,0
BRDA:347,77,0,0
BRDA:347,77,1,0
BRDA:446,78,0,0
BRDA:446,78,1,0
BRDA:447,79,0,0
BRDA:447,79,1,0
BRDA:475,80,0,0
BRDA:475,80,1,0
BRDA:506,81,0,0
BRDA:506,81,1,0
BRDA:537,82,0,0
BRDA:537,82,1,0
BRDA:537,82,2,0
BRDA:549,83,0,0
BRDA:549,83,1,0
BRDA:557,84,0,0
BRDA:557,84,1,0
BRDA:561,85,0,0
BRDA:561,85,1,0
BRDA:610,86,0,0
BRDA:610,86,1,0
BRDA:628,87,0,0
BRDA:628,87,1,0
BRDA:634,88,0,0
BRDA:634,88,1,0
BRDA:643,89,0,0
BRDA:643,89,1,0
BRDA:671,90,0,0
BRDA:671,90,1,0
BRDA:676,91,0,0
BRDA:676,91,1,0
BRDA:682,92,0,0
BRDA:682,92,1,0
BRDA:691,93,0,0
BRDA:691,93,1,0
BRDA:692,94,0,0
BRDA:692,94,1,0
BRDA:697,95,0,0
BRDA:697,95,1,0
BRF:188
BRH:0
end_of_record
TN:
SF:src/admin/EmployeeTaskCard.jsx
FN:3,(anonymous_0)
FNF:1
FNH:0
FNDA:0,(anonymous_0)
DA:3,0
DA:4,0
LF:2
LH:0
BRF:0
BRH:0
end_of_record
TN:
SF:src/admin/MeetingCard.jsx
FN:3,(anonymous_0)
FNF:1
FNH:0
FNDA:0,(anonymous_0)
DA:3,0
DA:4,0
LF:2
LH:0
BRF:0
BRH:0
end_of_record
TN:
SF:src/admin/ProfileCard.jsx
FN:3,(anonymous_0)
FNF:1
FNH:0
FNDA:0,(anonymous_0)
DA:3,0
DA:4,0
LF:2
LH:0
BRF:0
BRH:0
end_of_record
TN:
SF:src/admin/ProgressBar.jsx
FN:3,(anonymous_0)
FNF:1
FNH:0
FNDA:0,(anonymous_0)
DA:3,0
DA:10,0
LF:2
LH:0
BRDA:5,0,0,0
BRDA:6,1,0,0
BRDA:7,2,0,0
BRDA:8,3,0,0
BRDA:14,4,0,0
BRDA:14,4,1,0
BRDA:18,5,0,0
BRDA:18,5,1,0
BRF:8
BRH:0
end_of_record
TN:
SF:src/admin/Routines.jsx
FN:59,(anonymous_0)
FN:61,(anonymous_1)
FN:63,(anonymous_2)
FN:72,(anonymous_3)
FN:74,(anonymous_4)
FN:81,(anonymous_5)
FN:86,(anonymous_6)
FN:87,(anonymous_7)
FN:103,(anonymous_8)
FN:105,(anonymous_9)
FN:110,(anonymous_10)
FN:144,(anonymous_11)
FN:146,(anonymous_12)
FN:184,(anonymous_13)
FN:186,(anonymous_14)
FN:187,(anonymous_15)
FN:192,(anonymous_16)
FN:198,(anonymous_17)
FN:199,(anonymous_18)
FN:201,(anonymous_19)
FN:211,(anonymous_20)
FN:211,(anonymous_21)
FN:215,(anonymous_22)
FN:217,(anonymous_23)
FN:221,(anonymous_24)
FN:223,(anonymous_25)
FN:226,(anonymous_26)
FN:228,(anonymous_27)
FN:232,(anonymous_28)
FN:239,(anonymous_29)
FN:245,(anonymous_30)
FN:251,(anonymous_31)
FN:257,(anonymous_32)
FN:263,(anonymous_33)
FN:302,(anonymous_34)
FN:307,(anonymous_35)
FN:311,(anonymous_36)
FN:317,(anonymous_37)
FN:354,(anonymous_38)
FN:354,(anonymous_39)
FN:355,(anonymous_40)
FN:356,(anonymous_41)
FN:358,(anonymous_42)
FN:359,(anonymous_43)
FN:361,(anonymous_44)
FN:363,(anonymous_45)
FN:366,(anonymous_46)
FN:381,(anonymous_47)
FN:384,(anonymous_48)
FN:395,(anonymous_49)
FN:405,(anonymous_50)
FN:407,(anonymous_51)
FN:411,(anonymous_52)
FN:413,(anonymous_53)
FN:415,(anonymous_54)
FN:420,(anonymous_55)
FN:421,(anonymous_56)
FN:434,(anonymous_57)
FN:446,(anonymous_58)
FN:465,(anonymous_59)
FN:501,(anonymous_60)
FN:510,(anonymous_61)
FN:516,(anonymous_62)
FN:518,(anonymous_63)
FN:527,(anonymous_64)
FN:554,(anonymous_65)
FN:568,(anonymous_66)
FN:590,(anonymous_67)
FN:595,(anonymous_68)
FN:596,(anonymous_69)
FN:605,(anonymous_70)
FN:609,(anonymous_71)
FN:610,(anonymous_72)
FN:610,(anonymous_73)
FN:613,(anonymous_74)
FN:614,(anonymous_75)
FN:616,(anonymous_76)
FN:617,(anonymous_77)
FN:638,(anonymous_78)
FN:640,(anonymous_79)
FN:643,(anonymous_80)
FN:648,(anonymous_81)
FN:649,(anonymous_82)
FN:655,(anonymous_83)
FN:656,(anonymous_84)
FN:658,(anonymous_85)
FN:666,(anonymous_86)
FN:667,(anonymous_87)
FN:669,(anonymous_88)
FN:678,(anonymous_89)
FN:679,(anonymous_90)
FN:697,(anonymous_91)
FN:698,(anonymous_92)
FN:718,(anonymous_93)
FN:719,(anonymous_94)
FN:721,(anonymous_95)
FN:727,(anonymous_96)
FN:733,(anonymous_97)
FN:734,(anonymous_98)
FN:743,(anonymous_99)
FN:751,(anonymous_100)
FN:761,(anonymous_101)
FN:762,(anonymous_102)
FN:763,(anonymous_103)
FN:768,(anonymous_104)
FN:772,(anonymous_105)
FN:828,(anonymous_106)
FN:832,(anonymous_107)
FN:838,(anonymous_108)
FN:839,(anonymous_109)
FN:841,(anonymous_110)
FN:851,(anonymous_111)
FN:854,(anonymous_112)
FN:855,(anonymous_113)
FN:870,(anonymous_114)
FN:888,(anonymous_115)
FN:895,(anonymous_116)
FN:898,(anonymous_117)
FN:992,(anonymous_118)
FN:1033,(anonymous_119)
FN:1036,(anonymous_120)
FN:1044,(anonymous_121)
FN:1048,(anonymous_122)
FN:1050,(anonymous_123)
FN:1053,(anonymous_124)
FN:1089,(anonymous_125)
FN:1092,(anonymous_126)
FN:1097,(anonymous_127)
FN:1122,(anonymous_128)
FN:1122,(anonymous_129)
FN:1126,(anonymous_130)
FN:1132,(anonymous_131)
FN:1132,(anonymous_132)
FN:1136,(anonymous_133)
FN:1142,(anonymous_134)
FN:1142,(anonymous_135)
FN:1155,(anonymous_136)
FN:1169,(anonymous_137)
FN:1173,(anonymous_138)
FN:1180,(anonymous_139)
FN:1198,(anonymous_140)
FN:1206,(anonymous_141)
FN:1215,(anonymous_142)
FN:1223,(anonymous_143)
FN:1232,(anonymous_144)
FN:1233,(anonymous_145)
FN:1256,(anonymous_146)
FN:1265,(anonymous_147)
FN:1299,(anonymous_148)
FN:1300,(anonymous_149)
FN:1300,(anonymous_150)
FN:1307,(anonymous_151)
FN:1308,(anonymous_152)
FN:1308,(anonymous_153)
FN:1308,(anonymous_154)
FN:1315,(anonymous_155)
FN:1316,(anonymous_156)
FN:1316,(anonymous_157)
FN:1316,(anonymous_158)
FN:1323,(anonymous_159)
FN:1330,(anonymous_160)
FN:1331,(anonymous_161)
FN:1331,(anonymous_162)
FN:1338,(anonymous_163)
FN:1339,(anonymous_164)
FN:1339,(anonymous_165)
FN:1340,(anonymous_166)
FN:1363,(anonymous_167)
FN:1400,(anonymous_168)
FN:1408,(anonymous_169)
FN:1420,(anonymous_170)
FN:1422,(anonymous_171)
FN:1427,(anonymous_172)
FN:1437,(anonymous_173)
FN:1437,(anonymous_174)
FN:1442,(anonymous_175)
FN:1443,(anonymous_176)
FN:1446,(anonymous_177)
FN:1456,(anonymous_178)
FN:1456,(anonymous_179)
FN:1459,(anonymous_180)
FN:1471,(anonymous_181)
FN:1475,(anonymous_182)
FN:1491,(anonymous_183)
FN:1495,(anonymous_184)
FN:1565,(anonymous_185)
FN:1584,(anonymous_186)
FN:1593,(anonymous_187)
FN:1603,(anonymous_188)
FN:1609,(anonymous_189)
FN:1620,(anonymous_190)
FN:1624,(anonymous_191)
FN:1629,(anonymous_192)
FN:1641,(anonymous_193)
FN:1644,(anonymous_194)
FN:1649,(anonymous_195)
FN:1662,(anonymous_196)
FN:1665,(anonymous_197)
FN:1675,(anonymous_198)
FN:1708,(anonymous_199)
FN:1728,(anonymous_200)
FN:1739,(anonymous_201)
FN:1750,(anonymous_202)
FN:1762,(anonymous_203)
FNF:204
FNH:0
FNDA:0,(anonymous_0)
FNDA:0,(anonymous_1)
FNDA:0,(anonymous_2)
FNDA:0,(anonymous_3)
FNDA:0,(anonymous_4)
FNDA:0,(anonymous_5)
FNDA:0,(anonymous_6)
FNDA:0,(anonymous_7)
FNDA:0,(anonymous_8)
FNDA:0,(anonymous_9)
FNDA:0,(anonymous_10)
FNDA:0,(anonymous_11)
FNDA:0,(anonymous_12)
FNDA:0,(anonymous_13)
FNDA:0,(anonymous_14)
FNDA:0,(anonymous_15)
FNDA:0,(anonymous_16)
FNDA:0,(anonymous_17)
FNDA:0,(anonymous_18)
FNDA:0,(anonymous_19)
FNDA:0,(anonymous_20)
FNDA:0,(anonymous_21)
FNDA:0,(anonymous_22)
FNDA:0,(anonymous_23)
FNDA:0,(anonymous_24)
FNDA:0,(anonymous_25)
FNDA:0,(anonymous_26)
FNDA:0,(anonymous_27)
FNDA:0,(anonymous_28)
FNDA:0,(anonymous_29)
FNDA:0,(anonymous_30)
FNDA:0,(anonymous_31)
FNDA:0,(anonymous_32)
FNDA:0,(anonymous_33)
FNDA:0,(anonymous_34)
FNDA:0,(anonymous_35)
FNDA:0,(anonymous_36)
FNDA:0,(anonymous_37)
FNDA:0,(anonymous_38)
FNDA:0,(anonymous_39)
FNDA:0,(anonymous_40)
FNDA:0,(anonymous_41)
FNDA:0,(anonymous_42)
FNDA:0,(anonymous_43)
FNDA:0,(anonymous_44)
FNDA:0,(anonymous_45)
FNDA:0,(anonymous_46)
FNDA:0,(anonymous_47)
FNDA:0,(anonymous_48)
FNDA:0,(anonymous_49)
FNDA:0,(anonymous_50)
FNDA:0,(anonymous_51)
FNDA:0,(anonymous_52)
FNDA:0,(anonymous_53)
FNDA:0,(anonymous_54)
FNDA:0,(anonymous_55)
FNDA:0,(anonymous_56)
FNDA:0,(anonymous_57)
FNDA:0,(anonymous_58)
FNDA:0,(anonymous_59)
FNDA:0,(anonymous_60)
FNDA:0,(anonymous_61)
FNDA:0,(anonymous_62)
FNDA:0,(anonymous_63)
FNDA:0,(anonymous_64)
FNDA:0,(anonymous_65)
FNDA:0,(anonymous_66)
FNDA:0,(anonymous_67)
FNDA:0,(anonymous_68)
FNDA:0,(anonymous_69)
FNDA:0,(anonymous_70)
FNDA:0,(anonymous_71)
FNDA:0,(anonymous_72)
FNDA:0,(anonymous_73)
FNDA:0,(anonymous_74)
FNDA:0,(anonymous_75)
FNDA:0,(anonymous_76)
FNDA:0,(anonymous_77)
FNDA:0,(anonymous_78)
FNDA:0,(anonymous_79)
FNDA:0,(anonymous_80)
FNDA:0,(anonymous_81)
FNDA:0,(anonymous_82)
FNDA:0,(anonymous_83)
FNDA:0,(anonymous_84)
FNDA:0,(anonymous_85)
FNDA:0,(anonymous_86)
FNDA:0,(anonymous_87)
FNDA:0,(anonymous_88)
FNDA:0,(anonymous_89)
FNDA:0,(anonymous_90)
FNDA:0,(anonymous_91)
FNDA:0,(anonymous_92)
FNDA:0,(anonymous_93)
FNDA:0,(anonymous_94)
FNDA:0,(anonymous_95)
FNDA:0,(anonymous_96)
FNDA:0,(anonymous_97)
FNDA:0,(anonymous_98)
FNDA:0,(anonymous_99)
FNDA:0,(anonymous_100)
FNDA:0,(anonymous_101)
FNDA:0,(anonymous_102)
FNDA:0,(anonymous_103)
FNDA:0,(anonymous_104)
FNDA:0,(anonymous_105)
FNDA:0,(anonymous_106)
FNDA:0,(anonymous_107)
FNDA:0,(anonymous_108)
FNDA:0,(anonymous_109)
FNDA:0,(anonymous_110)
FNDA:0,(anonymous_111)
FNDA:0,(anonymous_112)
FNDA:0,(anonymous_113)
FNDA:0,(anonymous_114)
FNDA:0,(anonymous_115)
FNDA:0,(anonymous_116)
FNDA:0,(anonymous_117)
FNDA:0,(anonymous_118)
FNDA:0,(anonymous_119)
FNDA:0,(anonymous_120)
FNDA:0,(anonymous_121)
FNDA:0,(anonymous_122)
FNDA:0,(anonymous_123)
FNDA:0,(anonymous_124)
FNDA:0,(anonymous_125)
FNDA:0,(anonymous_126)
FNDA:0,(anonymous_127)
FNDA:0,(anonymous_128)
FNDA:0,(anonymous_129)
FNDA:0,(anonymous_130)
FNDA:0,(anonymous_131)
FNDA:0,(anonymous_132)
FNDA:0,(anonymous_133)
FNDA:0,(anonymous_134)
FNDA:0,(anonymous_135)
FNDA:0,(anonymous_136)
FNDA:0,(anonymous_137)
FNDA:0,(anonymous_138)
FNDA:0,(anonymous_139)
FNDA:0,(anonymous_140)
FNDA:0,(anonymous_141)
FNDA:0,(anonymous_142)
FNDA:0,(anonymous_143)
FNDA:0,(anonymous_144)
FNDA:0,(anonymous_145)
FNDA:0,(anonymous_146)
FNDA:0,(anonymous_147)
FNDA:0,(anonymous_148)
FNDA:0,(anonymous_149)
FNDA:0,(anonymous_150)
FNDA:0,(anonymous_151)
FNDA:0,(anonymous_152)
FNDA:0,(anonymous_153)
FNDA:0,(anonymous_154)
FNDA:0,(anonymous_155)
FNDA:0,(anonymous_156)
FNDA:0,(anonymous_157)
FNDA:0,(anonymous_158)
FNDA:0,(anonymous_159)
FNDA:0,(anonymous_160)
FNDA:0,(anonymous_161)
FNDA:0,(anonymous_162)
FNDA:0,(anonymous_163)
FNDA:0,(anonymous_164)
FNDA:0,(anonymous_165)
FNDA:0,(anonymous_166)
FNDA:0,(anonymous_167)
FNDA:0,(anonymous_168)
FNDA:0,(anonymous_169)
FNDA:0,(anonymous_170)
FNDA:0,(anonymous_171)
FNDA:0,(anonymous_172)
FNDA:0,(anonymous_173)
FNDA:0,(anonymous_174)
FNDA:0,(anonymous_175)
FNDA:0,(anonymous_176)
FNDA:0,(anonymous_177)
FNDA:0,(anonymous_178)
FNDA:0,(anonymous_179)
FNDA:0,(anonymous_180)
FNDA:0,(anonymous_181)
FNDA:0,(anonymous_182)
FNDA:0,(anonymous_183)
FNDA:0,(anonymous_184)
FNDA:0,(anonymous_185)
FNDA:0,(anonymous_186)
FNDA:0,(anonymous_187)
FNDA:0,(anonymous_188)
FNDA:0,(anonymous_189)
FNDA:0,(anonymous_190)
FNDA:0,(anonymous_191)
FNDA:0,(anonymous_192)
FNDA:0,(anonymous_193)
FNDA:0,(anonymous_194)
FNDA:0,(anonymous_195)
FNDA:0,(anonymous_196)
FNDA:0,(anonymous_197)
FNDA:0,(anonymous_198)
FNDA:0,(anonymous_199)
FNDA:0,(anonymous_200)
FNDA:0,(anonymous_201)
FNDA:0,(anonymous_202)
FNDA:0,(anonymous_203)
DA:7,0
DA:8,0
DA:16,0
DA:17,0
DA:18,0
DA:20,0
DA:26,0
DA:38,0
DA:59,0
DA:61,0
DA:62,0
DA:63,0
DA:64,0
DA:65,0
DA:66,0
DA:67,0
DA:68,0
DA:69,0
DA:72,0
DA:73,0
DA:74,0
DA:75,0
DA:81,0
DA:82,0
DA:83,0
DA:86,0
DA:87,0
DA:88,0
DA:89,0
DA:103,0
DA:104,0
DA:105,0
DA:106,0
DA:107,0
DA:108,0
DA:110,0
DA:111,0
DA:112,0
DA:113,0
DA:127,0
DA:128,0
DA:130,0
DA:131,0
DA:144,0
DA:146,0
DA:148,0
DA:149,0
DA:150,0
DA:151,0
DA:152,0
DA:155,0
DA:156,0
DA:157,0
DA:158,0
DA:159,0
DA:160,0
DA:163,0
DA:166,0
DA:167,0
DA:168,0
DA:169,0
DA:170,0
DA:171,0
DA:172,0
DA:173,0
DA:179,0
DA:180,0
DA:181,0
DA:182,0
DA:184,0
DA:185,0
DA:186,0
DA:188,0
DA:189,0
DA:190,0
DA:192,0
DA:198,0
DA:199,0
DA:200,0
DA:201,0
DA:203,0
DA:210,0
DA:211,0
DA:215,0
DA:216,0
DA:217,0
DA:221,0
DA:222,0
DA:223,0
DA:226,0
DA:227,0
DA:228,0
DA:232,0
DA:233,0
DA:234,0
DA:235,0
DA:238,0
DA:239,0
DA:240,0
DA:241,0
DA:244,0
DA:245,0
DA:246,0
DA:247,0
DA:250,0
DA:251,0
DA:252,0
DA:253,0
DA:256,0
DA:257,0
DA:258,0
DA:259,0
DA:262,0
DA:263,0
DA:264,0
DA:265,0
DA:268,0
DA:277,0
DA:278,0
DA:280,0
DA:281,0
DA:282,0
DA:283,0
DA:284,0
DA:286,0
DA:289,0
DA:290,0
DA:293,0
DA:294,0
DA:295,0
DA:297,0
DA:302,0
DA:303,0
DA:307,0
DA:308,0
DA:311,0
DA:312,0
DA:313,0
DA:317,0
DA:318,0
DA:319,0
DA:320,0
DA:323,0
DA:324,0
DA:325,0
DA:326,0
DA:327,0
DA:328,0
DA:331,0
DA:332,0
DA:334,0
DA:335,0
DA:336,0
DA:337,0
DA:338,0
DA:341,0
DA:342,0
DA:343,0
DA:344,0
DA:346,0
DA:347,0
DA:348,0
DA:350,0
DA:354,0
DA:355,0
DA:356,0
DA:358,0
DA:359,0
DA:361,0
DA:362,0
DA:363,0
DA:366,0
DA:367,0
DA:368,0
DA:369,0
DA:370,0
DA:371,0
DA:372,0
DA:381,0
DA:382,0
DA:383,0
DA:384,0
DA:385,0
DA:386,0
DA:394,0
DA:395,0
DA:396,0
DA:397,0
DA:398,0
DA:399,0
DA:402,0
DA:405,0
DA:406,0
DA:407,0
DA:408,0
DA:409,0
DA:410,0
DA:411,0
DA:412,0
DA:413,0
DA:416,0
DA:419,0
DA:420,0
DA:421,0
DA:422,0
DA:434,0
DA:435,0
DA:436,0
DA:437,0
DA:438,0
DA:439,0
DA:441,0
DA:442,0
DA:443,0
DA:444,0
DA:446,0
DA:447,0
DA:448,0
DA:450,0
DA:451,0
DA:457,0
DA:458,0
DA:459,0
DA:460,0
DA:462,0
DA:465,0
DA:466,0
DA:467,0
DA:468,0
DA:470,0
DA:471,0
DA:472,0
DA:475,0
DA:476,0
DA:477,0
DA:478,0
DA:479,0
DA:480,0
DA:481,0
DA:484,0
DA:485,0
DA:486,0
DA:489,0
DA:490,0
DA:493,0
DA:494,0
DA:495,0
DA:497,0
DA:498,0
DA:499,0
DA:501,0
DA:510,0
DA:511,0
DA:512,0
DA:513,0
DA:516,0
DA:517,0
DA:518,0
DA:527,0
DA:528,0
DA:529,0
DA:530,0
DA:531,0
DA:532,0
DA:533,0
DA:536,0
DA:537,0
DA:538,0
DA:539,0
DA:540,0
DA:543,0
DA:544,0
DA:546,0
DA:547,0
DA:548,0
DA:554,0
DA:555,0
DA:556,0
DA:557,0
DA:559,0
DA:560,0
DA:562,0
DA:564,0
DA:568,0
DA:569,0
DA:570,0
DA:571,0
DA:573,0
DA:574,0
DA:575,0
DA:576,0
DA:578,0
DA:579,0
DA:580,0
DA:581,0
DA:583,0
DA:584,0
DA:586,0
DA:590,0
DA:591,0
DA:592,0
DA:593,0
DA:595,0
DA:596,0
DA:597,0
DA:605,0
DA:606,0
DA:609,0
DA:610,0
DA:613,0
DA:614,0
DA:615,0
DA:616,0
DA:617,0
DA:618,0
DA:619,0
DA:621,0
DA:622,0
DA:624,0
DA:627,0
DA:633,0
DA:635,0
DA:638,0
DA:639,0
DA:640,0
DA:641,0
DA:642,0
DA:643,0
DA:644,0
DA:645,0
DA:648,0
DA:649,0
DA:655,0
DA:656,0
DA:659,0
DA:666,0
DA:667,0
DA:670,0
DA:675,0
DA:678,0
DA:679,0
DA:680,0
DA:681,0
DA:682,0
DA:683,0
DA:684,0
DA:685,0
DA:686,0
DA:687,0
DA:693,0
DA:697,0
DA:698,0
DA:699,0
DA:700,0
DA:701,0
DA:702,0
DA:703,0
DA:714,0
DA:718,0
DA:719,0
DA:720,0
DA:721,0
DA:722,0
DA:727,0
DA:728,0
DA:729,0
DA:730,0
DA:733,0
DA:734,0
DA:736,0
DA:737,0
DA:738,0
DA:742,0
DA:743,0
DA:745,0
DA:746,0
DA:747,0
DA:750,0
DA:752,0
DA:755,0
DA:756,0
DA:757,0
DA:760,0
DA:761,0
DA:762,0
DA:764,0
DA:765,0
DA:766,0
DA:767,0
DA:769,0
DA:772,0
DA:774,0
DA:785,0
DA:786,0
DA:787,0
DA:790,0
DA:798,0
DA:803,0
DA:804,0
DA:805,0
DA:806,0
DA:807,0
DA:811,0
DA:813,0
DA:814,0
DA:815,0
DA:818,0
DA:820,0
DA:821,0
DA:823,0
DA:828,0
DA:829,0
DA:831,0
DA:832,0
DA:833,0
DA:834,0
DA:837,0
DA:838,0
DA:839,0
DA:840,0
DA:841,0
DA:842,0
DA:843,0
DA:844,0
DA:846,0
DA:848,0
DA:851,0
DA:852,0
DA:853,0
DA:854,0
DA:855,0
DA:856,0
DA:857,0
DA:859,0
DA:861,0
DA:862,0
DA:863,0
DA:864,0
DA:865,0
DA:866,0
DA:867,0
DA:870,0
DA:871,0
DA:872,0
DA:873,0
DA:874,0
DA:875,0
DA:876,0
DA:878,0
DA:879,0
DA:880,0
DA:881,0
DA:882,0
DA:883,0
DA:885,0
DA:886,0
DA:887,0
DA:888,0
DA:889,0
DA:890,0
DA:892,0
DA:894,0
DA:895,0
DA:897,0
DA:898,0
DA:899,0
DA:900,0
DA:901,0
DA:902,0
DA:903,0
DA:905,0
DA:906,0
DA:907,0
DA:908,0
DA:911,0
DA:914,0
DA:993,0
DA:994,0
DA:995,0
DA:996,0
DA:997,0
DA:998,0
DA:999,0
DA:1033,0
DA:1037,0
DA:1044,0
DA:1049,0
DA:1050,0
DA:1051,0
DA:1054,0
DA:1089,0
DA:1093,0
DA:1097,0
DA:1122,0
DA:1127,0
DA:1132,0
DA:1137,0
DA:1142,0
DA:1155,0
DA:1170,0
DA:1173,0
DA:1180,0
DA:1199,0
DA:1200,0
DA:1206,0
DA:1216,0
DA:1224,0
DA:1225,0
DA:1226,0
DA:1228,0
DA:1232,0
DA:1234,0
DA:1236,0
DA:1239,0
DA:1240,0
DA:1241,0
DA:1243,0
DA:1245,0
DA:1256,0
DA:1265,0
DA:1299,0
DA:1300,0
DA:1307,0
DA:1308,0
DA:1315,0
DA:1316,0
DA:1323,0
DA:1330,0
DA:1331,0
DA:1338,0
DA:1339,0
DA:1340,0
DA:1364,0
DA:1365,0
DA:1366,0
DA:1367,0
DA:1368,0
DA:1369,0
DA:1370,0
DA:1400,0
DA:1408,0
DA:1421,0
DA:1422,0
DA:1428,0
DA:1437,0
DA:1443,0
DA:1444,0
DA:1447,0
DA:1456,0
DA:1460,0
DA:1472,0
DA:1475,0
DA:1491,0
DA:1496,0
DA:1566,0
DA:1584,0
DA:1593,0
DA:1604,0
DA:1605,0
DA:1606,0
DA:1609,0
DA:1621,0
DA:1622,0
DA:1623,0
DA:1624,0
DA:1630,0
DA:1642,0
DA:1643,0
DA:1644,0
DA:1650,0
DA:1663,0
DA:1664,0
DA:1665,0
DA:1675,0
DA:1708,0
DA:1728,0
DA:1739,0
DA:1751,0
DA:1763,0
DA:1764,0
LF:580
LH:0
BRDA:59,0,0,0
BRDA:59,0,1,0
BRDA:59,1,0,0
BRDA:59,1,1,0
BRDA:62,2,0,0
BRDA:62,2,1,0
BRDA:64,3,0,0
BRDA:64,3,1,0
BRDA:64,4,0,0
BRDA:64,4,1,0
BRDA:73,5,0,0
BRDA:73,5,1,0
BRDA:73,6,0,0
BRDA:73,6,1,0
BRDA:76,7,0,0
BRDA:76,7,1,0
BRDA:77,8,0,0
BRDA:77,8,1,0
BRDA:82,9,0,0
BRDA:82,9,1,0
BRDA:82,10,0,0
BRDA:82,10,1,0
BRDA:91,11,0,0
BRDA:91,11,1,0
BRDA:92,12,0,0
BRDA:92,12,1,0
BRDA:94,13,0,0
BRDA:94,13,1,0
BRDA:95,14,0,0
BRDA:95,14,1,0
BRDA:103,15,0,0
BRDA:104,16,0,0
BRDA:104,16,1,0
BRDA:104,17,0,0
BRDA:104,17,1,0
BRDA:106,18,0,0
BRDA:106,18,1,0
BRDA:107,19,0,0
BRDA:107,19,1,0
BRDA:112,20,0,0
BRDA:112,20,1,0
BRDA:114,21,0,0
BRDA:114,21,1,0
BRDA:115,22,0,0
BRDA:115,22,1,0
BRDA:115,22,2,0
BRDA:116,23,0,0
BRDA:116,23,1,0
BRDA:116,23,2,0
BRDA:118,24,0,0
BRDA:118,24,1,0
BRDA:118,25,0,0
BRDA:118,25,1,0
BRDA:119,26,0,0
BRDA:119,26,1,0
BRDA:119,27,0,0
BRDA:119,27,1,0
BRDA:120,28,0,0
BRDA:120,28,1,0
BRDA:121,29,0,0
BRDA:121,29,1,0
BRDA:122,30,0,0
BRDA:122,30,1,0
BRDA:128,31,0,0
BRDA:128,31,1,0
BRDA:186,32,0,0
BRDA:186,32,1,0
BRDA:188,33,0,0
BRDA:188,33,1,0
BRDA:188,34,0,0
BRDA:188,34,1,0
BRDA:189,35,0,0
BRDA:189,35,1,0
BRDA:189,36,0,0
BRDA:189,36,1,0
BRDA:201,37,0,0
BRDA:201,37,1,0
BRDA:201,37,2,0
BRDA:206,38,0,0
BRDA:206,38,1,0
BRDA:216,39,0,0
BRDA:216,39,1,0
BRDA:289,40,0,0
BRDA:289,40,1,0
BRDA:294,41,0,0
BRDA:294,41,1,0
BRDA:295,42,0,0
BRDA:295,42,1,0
BRDA:312,43,0,0
BRDA:312,43,1,0
BRDA:318,44,0,0
BRDA:318,44,1,0
BRDA:320,45,0,0
BRDA:320,45,1,0
BRDA:327,46,0,0
BRDA:327,46,1,0
BRDA:331,47,0,0
BRDA:331,47,1,0
BRDA:332,48,0,0
BRDA:332,48,1,0
BRDA:335,49,0,0
BRDA:335,49,1,0
BRDA:336,50,0,0
BRDA:336,50,1,0
BRDA:338,51,0,0
BRDA:338,51,1,0
BRDA:339,52,0,0
BRDA:339,52,1,0
BRDA:339,53,0,0
BRDA:339,53,1,0
BRDA:341,54,0,0
BRDA:341,54,1,0
BRDA:341,55,0,0
BRDA:341,55,1,0
BRDA:346,56,0,0
BRDA:346,56,1,0
BRDA:356,57,0,0
BRDA:356,57,1,0
BRDA:359,58,0,0
BRDA:359,58,1,0
BRDA:359,58,2,0
BRDA:363,59,0,0
BRDA:363,59,1,0
BRDA:368,60,0,0
BRDA:368,60,1,0
BRDA:369,61,0,0
BRDA:369,61,1,0
BRDA:371,62,0,0
BRDA:371,62,1,0
BRDA:371,63,0,0
BRDA:371,63,1,0
BRDA:375,64,0,0
BRDA:375,64,1,0
BRDA:376,65,0,0
BRDA:376,65,1,0
BRDA:377,66,0,0
BRDA:377,66,1,0
BRDA:381,67,0,0
BRDA:385,68,0,0
BRDA:385,68,1,0
BRDA:389,69,0,0
BRDA:389,69,1,0
BRDA:390,70,0,0
BRDA:390,70,1,0
BRDA:391,71,0,0
BRDA:391,71,1,0
BRDA:394,72,0,0
BRDA:394,72,1,0
BRDA:396,73,0,0
BRDA:396,73,1,0
BRDA:398,74,0,0
BRDA:398,74,1,0
BRDA:408,75,0,0
BRDA:408,75,1,0
BRDA:410,76,0,0
BRDA:410,76,1,0
BRDA:412,77,0,0
BRDA:412,77,1,0
BRDA:416,78,0,0
BRDA:416,78,1,0
BRDA:416,78,2,0
BRDA:419,79,0,0
BRDA:419,79,1,0
BRDA:425,80,0,0
BRDA:425,80,1,0
BRDA:425,80,2,0
BRDA:426,81,0,0
BRDA:426,81,1,0
BRDA:426,81,2,0
BRDA:429,82,0,0
BRDA:429,82,1,0
BRDA:437,83,0,0
BRDA:437,83,1,0
BRDA:442,84,0,0
BRDA:442,84,1,0
BRDA:446,85,0,0
BRDA:446,85,1,0
BRDA:446,86,0,0
BRDA:446,86,1,0
BRDA:453,87,0,0
BRDA:453,87,1,0
BRDA:457,88,0,0
BRDA:457,88,1,0
BRDA:466,89,0,0
BRDA:466,89,1,0
BRDA:466,90,0,0
BRDA:466,90,1,0
BRDA:470,91,0,0
BRDA:470,91,1,0
BRDA:477,92,0,0
BRDA:477,92,1,0
BRDA:479,93,0,0
BRDA:479,93,1,0
BRDA:484,94,0,0
BRDA:484,94,1,0
BRDA:484,95,0,0
BRDA:484,95,1,0
BRDA:484,95,2,0
BRDA:489,96,0,0
BRDA:489,96,1,0
BRDA:489,97,0,0
BRDA:489,97,1,0
BRDA:489,97,2,0
BRDA:494,98,0,0
BRDA:494,98,1,0
BRDA:499,99,0,0
BRDA:499,99,1,0
BRDA:504,100,0,0
BRDA:504,100,1,0
BRDA:517,101,0,0
BRDA:517,101,1,0
BRDA:521,102,0,0
BRDA:521,102,1,0
BRDA:527,103,0,0
BRDA:528,104,0,0
BRDA:531,105,0,0
BRDA:531,105,1,0
BRDA:532,106,0,0
BRDA:532,106,1,0
BRDA:538,107,0,0
BRDA:538,107,1,0
BRDA:539,108,0,0
BRDA:539,108,1,0
BRDA:544,109,0,0
BRDA:544,109,1,0
BRDA:546,110,0,0
BRDA:546,110,1,0
BRDA:550,111,0,0
BRDA:550,111,1,0
BRDA:559,112,0,0
BRDA:559,112,1,0
BRDA:562,113,0,0
BRDA:562,113,1,0
BRDA:562,114,0,0
BRDA:562,114,1,0
BRDA:564,115,0,0
BRDA:564,115,1,0
BRDA:569,116,0,0
BRDA:569,116,1,0
BRDA:569,117,0,0
BRDA:569,117,1,0
BRDA:574,118,0,0
BRDA:574,118,1,0
BRDA:591,119,0,0
BRDA:591,119,1,0
BRDA:591,120,0,0
BRDA:591,120,1,0
BRDA:601,121,0,0
BRDA:601,121,1,0
BRDA:602,122,0,0
BRDA:602,122,1,0
BRDA:603,123,0,0
BRDA:603,123,1,0
BRDA:615,124,0,0
BRDA:615,124,1,0
BRDA:618,125,0,0
BRDA:618,125,1,0
BRDA:621,126,0,0
BRDA:621,126,1,0
BRDA:622,127,0,0
BRDA:622,127,1,0
BRDA:624,128,0,0
BRDA:624,128,1,0
BRDA:624,129,0,0
BRDA:624,129,1,0
BRDA:626,130,0,0
BRDA:626,130,1,0
BRDA:626,130,2,0
BRDA:639,131,0,0
BRDA:639,131,1,0
BRDA:641,132,0,0
BRDA:641,132,1,0
BRDA:659,133,0,0
BRDA:659,133,1,0
BRDA:670,134,0,0
BRDA:670,134,1,0
BRDA:672,135,0,0
BRDA:672,135,1,0
BRDA:682,136,0,0
BRDA:682,136,1,0
BRDA:684,137,0,0
BRDA:684,137,1,0
BRDA:684,138,0,0
BRDA:684,138,1,0
BRDA:684,138,2,0
BRDA:685,139,0,0
BRDA:685,139,1,0
BRDA:685,140,0,0
BRDA:685,140,1,0
BRDA:685,140,2,0
BRDA:686,141,0,0
BRDA:686,141,1,0
BRDA:686,142,0,0
BRDA:686,142,1,0
BRDA:700,143,0,0
BRDA:700,143,1,0
BRDA:700,144,0,0
BRDA:700,144,1,0
BRDA:701,145,0,0
BRDA:701,145,1,0
BRDA:720,146,0,0
BRDA:720,146,1,0
BRDA:734,147,0,0
BRDA:734,147,1,0
BRDA:736,148,0,0
BRDA:736,148,1,0
BRDA:743,149,0,0
BRDA:743,149,1,0
BRDA:743,149,2,0
BRDA:745,150,0,0
BRDA:745,150,1,0
BRDA:752,151,0,0
BRDA:752,151,1,0
BRDA:752,151,2,0
BRDA:752,151,3,0
BRDA:755,152,0,0
BRDA:755,152,1,0
BRDA:762,153,0,0
BRDA:762,153,1,0
BRDA:762,153,2,0
BRDA:765,154,0,0
BRDA:765,154,1,0
BRDA:766,155,0,0
BRDA:766,155,1,0
BRDA:769,156,0,0
BRDA:769,156,1,0
BRDA:769,156,2,0
BRDA:777,157,0,0
BRDA:777,157,1,0
BRDA:778,158,0,0
BRDA:778,158,1,0
BRDA:781,159,0,0
BRDA:781,159,1,0
BRDA:785,160,0,0
BRDA:785,160,1,0
BRDA:792,161,0,0
BRDA:792,161,1,0
BRDA:803,162,0,0
BRDA:803,162,1,0
BRDA:821,163,0,0
BRDA:821,163,1,0
BRDA:829,164,0,0
BRDA:829,164,1,0
BRDA:829,165,0,0
BRDA:829,165,1,0
BRDA:833,166,0,0
BRDA:833,166,1,0
BRDA:833,167,0,0
BRDA:833,167,1,0
BRDA:842,168,0,0
BRDA:842,168,1,0
BRDA:843,169,0,0
BRDA:843,169,1,0
BRDA:852,170,0,0
BRDA:852,170,1,0
BRDA:856,171,0,0
BRDA:856,171,1,0
BRDA:857,172,0,0
BRDA:857,172,1,0
BRDA:857,173,0,0
BRDA:857,173,1,0
BRDA:871,174,0,0
BRDA:871,174,1,0
BRDA:901,175,0,0
BRDA:901,175,1,0
BRDA:906,176,0,0
BRDA:906,176,1,0
BRDA:917,177,0,0
BRDA:917,177,1,0
BRDA:919,178,0,0
BRDA:919,178,1,0
BRDA:921,179,0,0
BRDA:921,179,1,0
BRDA:933,180,0,0
BRDA:933,180,1,0
BRDA:941,181,0,0
BRDA:941,181,1,0
BRDA:941,181,2,0
BRDA:958,182,0,0
BRDA:958,182,1,0
BRDA:958,182,2,0
BRDA:977,183,0,0
BRDA:977,183,1,0
BRDA:986,184,0,0
BRDA:986,184,1,0
BRDA:993,185,0,0
BRDA:993,185,1,0
BRDA:993,186,0,0
BRDA:993,186,1,0
BRDA:994,187,0,0
BRDA:994,187,1,0
BRDA:994,188,0,0
BRDA:994,188,1,0
BRDA:995,189,0,0
BRDA:995,189,1,0
BRDA:1012,190,0,0
BRDA:1012,190,1,0
BRDA:1016,191,0,0
BRDA:1016,191,1,0
BRDA:1049,192,0,0
BRDA:1049,192,1,0
BRDA:1051,193,0,0
BRDA:1051,193,1,0
BRDA:1070,194,0,0
BRDA:1070,194,1,0
BRDA:1165,195,0,0
BRDA:1165,195,1,0
BRDA:1178,196,0,0
BRDA:1178,196,1,0
BRDA:1202,197,0,0
BRDA:1202,197,1,0
BRDA:1206,198,0,0
BRDA:1206,198,1,0
BRDA:1206,199,0,0
BRDA:1206,199,1,0
BRDA:1206,199,2,0
BRDA:1226,200,0,0
BRDA:1226,200,1,0
BRDA:1236,201,0,0
BRDA:1236,201,1,0
BRDA:1236,201,2,0
BRDA:1248,202,0,0
BRDA:1248,202,1,0
BRDA:1252,203,0,0
BRDA:1252,203,1,0
BRDA:1262,204,0,0
BRDA:1262,204,1,0
BRDA:1290,205,0,0
BRDA:1290,205,1,0
BRDA:1290,205,2,0
BRDA:1299,206,0,0
BRDA:1299,206,1,0
BRDA:1307,207,0,0
BRDA:1307,207,1,0
BRDA:1315,208,0,0
BRDA:1315,208,1,0
BRDA:1323,209,0,0
BRDA:1323,209,1,0
BRDA:1330,210,0,0
BRDA:1330,210,1,0
BRDA:1338,211,0,0
BRDA:1338,211,1,0
BRDA:1338,212,0,0
BRDA:1338,212,1,0
BRDA:1340,213,0,0
BRDA:1340,213,1,0
BRDA:1350,214,0,0
BRDA:1350,214,1,0
BRDA:1364,215,0,0
BRDA:1364,215,1,0
BRDA:1365,216,0,0
BRDA:1365,216,1,0
BRDA:1382,217,0,0
BRDA:1382,217,1,0
BRDA:1382,217,2,0
BRDA:1382,217,3,0
BRDA:1398,218,0,0
BRDA:1398,218,1,0
BRDA:1404,219,0,0
BRDA:1404,219,1,0
BRDA:1444,220,0,0
BRDA:1444,220,1,0
BRDA:1518,221,0,0
BRDA:1518,221,1,0
BRDA:1522,222,0,0
BRDA:1522,222,1,0
BRDA:1566,223,0,0
BRDA:1566,223,1,0
BRDA:1570,224,0,0
BRDA:1570,224,1,0
BRDA:1572,225,0,0
BRDA:1572,225,1,0
BRDA:1583,226,0,0
BRDA:1583,226,1,0
BRDA:1583,226,2,0
BRDA:1592,227,0,0
BRDA:1592,227,1,0
BRDA:1592,227,2,0
BRDA:1606,228,0,0
BRDA:1606,228,1,0
BRDA:1615,229,0,0
BRDA:1615,229,1,0
BRDA:1636,230,0,0
BRDA:1636,230,1,0
BRDA:1656,231,0,0
BRDA:1656,231,1,0
BRDA:1661,232,0,0
BRDA:1661,232,1,0
BRDA:1717,233,0,0
BRDA:1717,233,1,0
BRDA:1718,234,0,0
BRDA:1718,234,1,0
BRDA:1726,235,0,0
BRDA:1726,235,1,0
BRF:494
BRH:0
end_of_record
TN:
SF:src/admin/Staff.jsx
FN:32,(anonymous_0)
FN:40,(anonymous_1)
FN:49,(anonymous_2)
[...]
BRDA:55,1,1,0
BRF:4
BRH:0
end_of_record
TN:
SF:src/tryout/mcq.jsx
FN:23,MCQ
FN:28,(anonymous_1)
FN:32,(anonymous_2)
FN:33,(anonymous_3)
FN:37,(anonymous_4)
FN:62,(anonymous_5)
FN:71,(anonymous_6)
FN:82,(anonymous_7)
FN:87,(anonymous_8)
FN:101,(anonymous_9)
FN:110,(anonymous_10)
FNF:11
FNH:0
FNDA:0,MCQ
FNDA:0,(anonymous_1)
FNDA:0,(anonymous_2)
FNDA:0,(anonymous_3)
FNDA:0,(anonymous_4)
FNDA:0,(anonymous_5)
FNDA:0,(anonymous_6)
FNDA:0,(anonymous_7)
FNDA:0,(anonymous_8)
FNDA:0,(anonymous_9)
FNDA:0,(anonymous_10)
DA:3,0
DA:21,0
DA:24,0
DA:25,0
DA:26,0
DA:28,0
DA:29,0
DA:32,0
DA:33,0
DA:34,0
DA:37,0
DA:38,0
DA:39,0
DA:42,0
DA:44,0
DA:63,0
DA:64,0
DA:71,0
DA:83,0
DA:84,0
DA:87,0
DA:102,0
DA:103,0
DA:110,0
LF:24
LH:0
BRDA:56,0,0,0
BRDA:56,0,1,0
BRDA:60,1,0,0
BRDA:60,1,1,0
BRDA:65,2,0,0
BRDA:65,2,1,0
BRDA:74,3,0,0
BRDA:74,3,1,0
BRDA:80,4,0,0
BRDA:80,4,1,0
BRDA:90,5,0,0
BRDA:90,5,1,0
BRDA:104,6,0,0
BRDA:104,6,1,0
BRDA:113,7,0,0
BRDA:113,7,1,0
BRDA:121,8,0,0
BRDA:121,8,1,0
BRDA:128,9,0,0
BRDA:128,9,1,0
BRF:20
BRH:0
end_of_record
TN:
SF:src/tryout/plain_txt.jsx
FN:5,(anonymous_0)
FN:10,(anonymous_1)
FN:16,(anonymous_2)
FN:23,(anonymous_3)
FN:28,(anonymous_4)
FN:32,(anonymous_5)
FN:40,(anonymous_6)
FNF:7
FNH:0
FNDA:0,(anonymous_0)
FNDA:0,(anonymous_1)
FNDA:0,(anonymous_2)
FNDA:0,(anonymous_3)
FNDA:0,(anonymous_4)
FNDA:0,(anonymous_5)
FNDA:0,(anonymous_6)
DA:3,0
DA:5,0
DA:6,0
DA:7,0
DA:8,0
DA:10,0
DA:11,0
DA:16,0
DA:17,0
DA:18,0
DA:19,0
DA:23,0
DA:24,0
DA:25,0
DA:26,0
DA:27,0
DA:28,0
DA:32,0
DA:33,0
DA:34,0
DA:35,0
DA:36,0
DA:40,0
DA:41,0
DA:42,0
DA:43,0
DA:44,0
DA:46,0
DA:50,0
LF:29
LH:0
BRDA:11,0,0,0
BRDA:11,0,1,0
BRDA:18,1,0,0
BRDA:18,1,1,0
BRDA:24,2,0,0
BRDA:24,2,1,0
BRDA:33,3,0,0
BRDA:33,3,1,0
BRDA:43,4,0,0
BRDA:43,4,1,0
BRDA:89,5,0,0
BRDA:89,5,1,0
BRF:12
BRH:0
end_of_record
TN:
SF:src/tryout/rich_text.jsx
FN:4,RichText
FN:11,(anonymous_1)
FN:18,QuestionCard
FN:23,(anonymous_3)
FN:47,(anonymous_4)
FN:52,(anonymous_5)
FNF:6
FNH:0
FNDA:0,RichText
FNDA:0,(anonymous_1)
FNDA:0,QuestionCard
FNDA:0,(anonymous_3)
FNDA:0,(anonymous_4)
FNDA:0,(anonymous_5)
DA:5,0
DA:9,0
DA:12,0
DA:20,0
DA:21,0
DA:23,0
DA:24,0
DA:40,0
DA:47,0
DA:48,0
DA:49,0
DA:51,0
DA:52,0
DA:53,0
DA:57,0
LF:15
LH:0
BRF:0
BRH:0
end_of_record
TN:
SF:src/tryout/sort_list.jsx
FN:4,SortList
FN:15,(anonymous_1)
FN:23,QuestionCard
FN:27,(anonymous_3)
FN:28,handleSort
FN:35,(anonymous_5)
FN:46,(anonymous_6)
FN:49,(anonymous_7)
FN:50,(anonymous_8)
FN:52,(anonymous_9)
FN:58,(anonymous_10)
FN:59,(anonymous_11)
FN:65,(anonymous_12)
FN:66,(anonymous_13)
FNF:14
FNH:0
FNDA:0,SortList
FNDA:0,(anonymous_1)
FNDA:0,QuestionCard
FNDA:0,(anonymous_3)
FNDA:0,handleSort
FNDA:0,(anonymous_5)
FNDA:0,(anonymous_6)
FNDA:0,(anonymous_7)
FNDA:0,(anonymous_8)
FNDA:0,(anonymous_9)
FNDA:0,(anonymous_10)
FNDA:0,(anonymous_11)
FNDA:0,(anonymous_12)
FNDA:0,(anonymous_13)
DA:5,0
DA:11,0
DA:16,0
DA:24,0
DA:25,0
DA:26,0
DA:27,0
DA:29,0
DA:30,0
DA:31,0
DA:32,0
DA:33,0
DA:34,0
DA:35,0
DA:36,0
DA:37,0
DA:38,0
DA:41,0
DA:47,0
DA:49,0
DA:51,0
DA:52,0
DA:53,0
DA:54,0
DA:55,0
DA:59,0
DA:60,0
DA:61,0
DA:62,0
DA:65,0
DA:66,0
LF:31
LH:0
BRDA:47,0,0,0
BRDA:47,0,1,0
BRF:2
BRH:0
end_of_record
TN:
SF:src/utils/authSession.js
FN:8,(anonymous_0)
FN:17,(anonymous_1)
FN:31,(anonymous_2)
FN:38,(anonymous_3)
FN:43,(anonymous_4)
FN:51,(anonymous_5)
FNF:6
FNH:1
FNDA:0,(anonymous_0)
FNDA:0,(anonymous_1)
FNDA:0,(anonymous_2)
FNDA:0,(anonymous_3)
FNDA:18,(anonymous_4)
FNDA:0,(anonymous_5)
DA:1,1
DA:3,1
DA:8,1
DA:9,0
DA:10,0
DA:11,0
DA:13,0
DA:14,0
DA:17,1
DA:18,0
DA:19,0
DA:20,0
DA:21,0
DA:22,0
DA:23,0
DA:24,0
DA:25,0
DA:27,0
DA:31,1
DA:32,0
DA:33,0
DA:34,0
DA:35,0
DA:38,1
DA:39,0
DA:40,0
DA:43,1
DA:44,18
DA:45,18
DA:46,0
DA:48,18
DA:51,1
DA:57,0
DA:58,0
DA:59,0
DA:60,0
LF:36
LH:11
BRDA:8,0,0,0
BRDA:8,1,0,0
BRDA:9,2,0,0
BRDA:9,2,1,0
BRDA:18,3,0,0
BRDA:18,3,1,0
BRDA:18,4,0,0
BRDA:18,4,1,0
BRDA:20,5,0,0
BRDA:20,5,1,0
BRDA:34,6,0,0
BRDA:34,6,1,0
BRDA:34,7,0,0
BRDA:34,7,1,0
BRDA:39,8,0,0
BRDA:39,8,1,0
BRDA:45,9,0,0
BRDA:45,9,1,18
BRDA:51,10,0,0
BRDA:53,11,0,0
BRDA:54,12,0,0
BRDA:55,13,0,0
BRDA:59,14,0,0
BRDA:59,14,1,0
BRF:24
BRH:1
end_of_record
TN:
SF:src/utils/chatCache.js
FN:3,(anonymous_0)
FN:5,(anonymous_1)
FN:13,(anonymous_2)
FN:20,(anonymous_3)
FN:21,(anonymous_4)
FN:22,(anonymous_5)
FN:25,(anonymous_6)
FN:36,(anonymous_7)
FNF:8
FNH:0
FNDA:0,(anonymous_0)
FNDA:0,(anonymous_1)
FNDA:0,(anonymous_2)
FNDA:0,(anonymous_3)
FNDA:0,(anonymous_4)
FNDA:0,(anonymous_5)
FNDA:0,(anonymous_6)
FNDA:0,(anonymous_7)
DA:1,0
DA:3,0
DA:5,0
DA:6,0
DA:7,0
DA:9,0
DA:13,0
DA:14,0
DA:15,0
DA:16,0
DA:19,0
DA:20,0
DA:21,0
DA:22,0
DA:25,0
DA:26,0
DA:27,0
DA:28,0
DA:29,0
DA:30,0
DA:31,0
DA:32,0
DA:33,0
DA:36,0
DA:37,0
DA:38,0
DA:39,0
LF:27
LH:0
BRDA:3,0,0,0
BRDA:3,0,1,0
BRDA:13,1,0,0
BRDA:14,2,0,0
BRDA:14,2,1,0
BRDA:15,3,0,0
BRDA:15,3,1,0
BRDA:26,4,0,0
BRDA:26,4,1,0
BRDA:26,5,0,0
BRDA:26,5,1,0
BRDA:28,6,0,0
BRDA:28,6,1,0
BRDA:30,7,0,0
BRDA:30,7,1,0
BRDA:30,8,0,0
BRDA:30,8,1,0
BRDA:31,9,0,0
BRDA:31,9,1,0
BRDA:32,10,0,0
BRDA:32,10,1,0
BRDA:32,11,0,0
BRDA:32,11,1,0
BRDA:33,12,0,0
BRDA:33,12,1,0
BRDA:37,13,0,0
BRDA:37,13,1,0
BRDA:37,14,0,0
BRDA:37,14,1,0
BRF:29
BRH:0
end_of_record
TN:
SF:src/utils/chatE2EE.js
FN:6,(anonymous_0)
FN:13,(anonymous_1)
FN:20,(anonymous_2)
FN:22,(anonymous_3)
FN:41,(anonymous_4)
FN:50,(anonymous_5)
FN:59,(anonymous_6)
FN:99,(anonymous_7)
FN:103,(anonymous_8)
FN:131,(anonymous_9)
FN:144,(anonymous_10)
FN:159,(anonymous_11)
FNF:12
FNH:0
FNDA:0,(anonymous_0)
FNDA:0,(anonymous_1)
FNDA:0,(anonymous_2)
FNDA:0,(anonymous_3)
FNDA:0,(anonymous_4)
FNDA:0,(anonymous_5)
FNDA:0,(anonymous_6)
FNDA:0,(anonymous_7)
FNDA:0,(anonymous_8)
FNDA:0,(anonymous_9)
FNDA:0,(anonymous_10)
FNDA:0,(anonymous_11)
DA:1,0
DA:3,0
DA:4,0
DA:6,0
DA:7,0
DA:8,0
DA:9,0
DA:10,0
DA:13,0
DA:14,0
DA:15,0
DA:16,0
DA:17,0
DA:20,0
DA:22,0
DA:23,0
DA:33,0
DA:34,0
DA:35,0
DA:41,0
DA:42,0
DA:50,0
DA:51,0
DA:59,0
DA:60,0
DA:61,0
DA:62,0
DA:63,0
DA:64,0
DA:66,0
DA:69,0
DA:70,0
DA:71,0
DA:73,0
DA:77,0
DA:78,0
DA:79,0
DA:82,0
DA:83,0
DA:84,0
DA:88,0
DA:89,0
DA:96,0
DA:99,0
DA:100,0
DA:101,0
DA:102,0
DA:103,0
DA:104,0
DA:106,0
DA:111,0
DA:112,0
DA:117,0
DA:119,0
DA:120,0
DA:121,0
DA:122,0
DA:123,0
DA:124,0
DA:131,0
DA:132,0
DA:135,0
DA:144,0
DA:145,0
DA:146,0
DA:148,0
DA:149,0
DA:150,0
DA:151,0
DA:152,0
DA:153,0
DA:155,0
DA:158,0
DA:159,0
DA:160,0
DA:162,0
DA:163,0
DA:164,0
DA:169,0
DA:176,0
DA:181,0
DA:183,0
LF:82
LH:0
BRDA:7,0,0,0
BRDA:7,0,1,0
BRDA:14,1,0,0
BRDA:14,1,1,0
BRDA:60,2,0,0
BRDA:60,2,1,0
BRDA:60,3,0,0
BRDA:60,3,1,0
BRDA:64,4,0,0
BRDA:64,4,1,0
BRDA:77,5,0,0
BRDA:77,5,1,0
BRDA:77,6,0,0
BRDA:77,6,1,0
BRDA:82,7,0,0
BRDA:82,7,1,0
BRDA:82,8,0,0
BRDA:82,8,1,0
BRDA:100,9,0,0
BRDA:100,9,1,0
BRDA:100,10,0,0
BRDA:100,10,1,0
BRDA:100,10,2,0
BRDA:100,10,3,0
BRDA:102,11,0,0
BRDA:102,11,1,0
BRDA:104,12,0,0
BRDA:104,12,1,0
BRDA:131,13,0,0
BRDA:131,13,1,0
BRDA:131,14,0,0
BRDA:131,14,1,0
BRDA:145,15,0,0
BRDA:145,15,1,0
BRDA:145,16,0,0
BRDA:145,16,1,0
BRDA:145,16,2,0
BRDA:146,17,0,0
BRDA:146,17,1,0
BRDA:148,18,0,0
BRDA:148,18,1,0
BRDA:148,19,0,0
BRDA:148,19,1,0
BRDA:149,20,0,0
BRDA:149,20,1,0
BRDA:150,21,0,0
BRDA:150,21,1,0
BRDA:152,22,0,0
BRDA:152,22,1,0
BRDA:153,23,0,0
BRDA:153,23,1,0
BRDA:158,24,0,0
BRDA:158,24,1,0
BRDA:158,25,0,0
BRDA:158,25,1,0
BRDA:160,26,0,0
BRDA:160,26,1,0
BRDA:160,27,0,0
BRDA:160,27,1,0
BRDA:183,28,0,0
BRDA:183,28,1,0
BRF:61
BRH:0
end_of_record
TN:
SF:src/utils/feeReceiptPdf.js
FN:3,(anonymous_0)
FN:10,(anonymous_1)
FN:17,(anonymous_2)
FN:22,(anonymous_3)
FN:32,(anonymous_4)
FN:43,(anonymous_5)
FN:49,(anonymous_6)
FN:51,(anonymous_7)
FN:52,(anonymous_8)
FN:60,(anonymous_9)
FN:233,(anonymous_10)
FN:243,(anonymous_11)
FN:301,(anonymous_12)
FNF:13
FNH:0
FNDA:0,(anonymous_0)
FNDA:0,(anonymous_1)
FNDA:0,(anonymous_2)
FNDA:0,(anonymous_3)
FNDA:0,(anonymous_4)
FNDA:0,(anonymous_5)
FNDA:0,(anonymous_6)
FNDA:0,(anonymous_7)
FNDA:0,(anonymous_8)
FNDA:0,(anonymous_9)
FNDA:0,(anonymous_10)
FNDA:0,(anonymous_11)
FNDA:0,(anonymous_12)
DA:3,0
DA:4,0
DA:10,0
DA:11,0
DA:12,0
DA:13,0
DA:14,0
DA:17,0
DA:18,0
DA:19,0
DA:22,0
DA:23,0
DA:24,0
DA:25,0
DA:26,0
DA:27,0
DA:29,0
DA:32,0
DA:33,0
DA:34,0
DA:35,0
DA:36,0
DA:38,0
DA:39,0
DA:40,0
DA:43,0
DA:44,0
DA:45,0
DA:46,0
DA:47,0
DA:48,0
DA:49,0
DA:50,0
DA:51,0
DA:52,0
DA:53,0
DA:56,0
DA:60,0
DA:70,0
DA:72,0
DA:73,0
DA:74,0
DA:76,0
DA:77,0
DA:78,0
DA:79,0
DA:80,0
DA:82,0
DA:83,0
DA:84,0
DA:86,0
DA:90,0
DA:92,0
DA:93,0
DA:94,0
DA:95,0
DA:96,0
DA:97,0
DA:99,0
DA:107,0
DA:108,0
DA:109,0
DA:110,0
DA:111,0
DA:113,0
DA:114,0
DA:115,0
DA:117,0
DA:118,0
DA:119,0
DA:120,0
DA:126,0
DA:127,0
DA:128,0
DA:129,0
DA:132,0
DA:133,0
DA:134,0
DA:136,0
DA:137,0
DA:138,0
DA:141,0
DA:144,0
DA:145,0
DA:146,0
DA:148,0
DA:149,0
DA:150,0
DA:151,0
DA:152,0
DA:153,0
DA:154,0
DA:155,0
DA:156,0
DA:157,0
DA:158,0
DA:160,0
DA:161,0
DA:162,0
DA:163,0
DA:164,0
DA:165,0
DA:166,0
DA:167,0
DA:169,0
DA:175,0
DA:176,0
DA:177,0
DA:178,0
DA:179,0
DA:180,0
DA:181,0
DA:182,0
DA:184,0
DA:185,0
DA:186,0
DA:187,0
DA:188,0
DA:194,0
DA:196,0
DA:197,0
DA:198,0
DA:199,0
DA:200,0
DA:201,0
DA:207,0
DA:208,0
DA:209,0
DA:215,0
DA:216,0
DA:218,0
DA:219,0
DA:220,0
DA:221,0
DA:222,0
DA:223,0
DA:225,0
DA:226,0
DA:227,0
DA:228,0
DA:229,0
DA:230,0
DA:232,0
DA:233,0
DA:234,0
DA:235,0
DA:236,0
DA:237,0
DA:238,0
DA:239,0
DA:243,0
DA:244,0
DA:245,0
DA:246,0
DA:247,0
DA:249,0
DA:250,0
DA:251,0
DA:252,0
DA:253,0
DA:257,0
DA:258,0
DA:259,0
DA:260,0
DA:261,0
DA:262,0
DA:263,0
DA:264,0
DA:266,0
DA:267,0
DA:268,0
DA:269,0
DA:270,0
DA:271,0
DA:272,0
DA:273,0
DA:274,0
DA:275,0
DA:276,0
DA:279,0
DA:280,0
DA:281,0
DA:282,0
DA:283,0
DA:296,0
DA:297,0
DA:298,0
DA:299,0
DA:300,0
DA:301,0
DA:302,0
DA:305,0
DA:306,0
DA:307,0
DA:308,0
DA:310,0
DA:311,0
DA:312,0
DA:313,0
DA:314,0
DA:315,0
DA:324,0
DA:325,0
LF:203
LH:0
BRDA:8,0,0,0
BRDA:8,0,1,0
BRDA:11,1,0,0
BRDA:11,1,1,0
BRDA:13,2,0,0
BRDA:13,2,1,0
BRDA:17,3,0,0
BRDA:18,4,0,0
BRDA:18,4,1,0
BRDA:19,5,0,0
BRDA:19,5,1,0
BRDA:24,6,0,0
BRDA:24,6,1,0
BRDA:26,7,0,0
BRDA:26,7,1,0
BRDA:44,8,0,0
BRDA:44,8,1,0
BRDA:47,9,0,0
BRDA:47,9,1,0
BRDA:51,10,0,0
BRDA:51,10,1,0
BRDA:66,11,0,0
BRDA:67,12,0,0
BRDA:68,13,0,0
BRDA:70,14,0,0
BRDA:70,14,1,0
BRDA:70,15,0,0
BRDA:70,15,1,0
BRDA:82,16,0,0
BRDA:82,16,1,0
BRDA:83,17,0,0
BRDA:83,17,1,0
BRDA:83,17,2,0
BRDA:84,18,0,0
BRDA:84,18,1,0
BRDA:84,18,2,0
BRDA:86,19,0,0
BRDA:86,19,1,0
BRDA:87,20,0,0
BRDA:87,20,1,0
BRDA:87,20,2,0
BRDA:87,21,0,0
BRDA:87,21,1,0
BRDA:87,21,2,0
BRDA:90,22,0,0
BRDA:90,22,1,0
BRDA:90,22,2,0
BRDA:92,23,0,0
BRDA:92,23,1,0
BRDA:92,23,2,0
BRDA:92,23,3,0
BRDA:92,23,4,0
BRDA:93,24,0,0
BRDA:93,24,1,0
BRDA:93,24,2,0
BRDA:93,24,3,0
BRDA:94,25,0,0
BRDA:94,25,1,0
BRDA:94,25,2,0
BRDA:95,26,0,0
BRDA:95,26,1,0
BRDA:95,26,2,0
BRDA:96,27,0,0
BRDA:96,27,1,0
BRDA:96,27,2,0
BRDA:97,28,0,0
BRDA:97,28,1,0
BRDA:97,28,2,0
BRDA:99,29,0,0
BRDA:99,29,1,0
BRDA:99,30,0,0
BRDA:99,30,1,0
BRDA:118,31,0,0
BRDA:118,31,1,0
BRDA:136,32,0,0
BRDA:136,32,1,0
BRDA:136,33,0,0
BRDA:136,33,1,0
BRDA:136,33,2,0
BRDA:150,34,0,0
BRDA:150,34,1,0
BRDA:156,35,0,0
BRDA:156,35,1,0
BRDA:171,36,0,0
BRDA:171,36,1,0
BRDA:171,37,0,0
BRDA:171,37,1,0
BRDA:202,38,0,0
BRDA:202,38,1,0
BRDA:210,39,0,0
BRDA:210,39,1,0
BRDA:215,40,0,0
BRDA:215,40,1,0
BRDA:218,41,0,0
BRDA:218,41,1,0
BRDA:237,42,0,0
BRDA:237,42,1,0
BRDA:238,43,0,0
BRDA:238,43,1,0
BRDA:243,44,0,0
BRDA:243,44,1,0
BRDA:244,45,0,0
BRDA:244,45,1,0
BRDA:246,46,0,0
BRDA:246,46,1,0
BRDA:247,47,0,0
BRDA:247,47,1,0
BRDA:287,48,0,0
BRDA:287,48,1,0
BRDA:288,49,0,0
BRDA:288,49,1,0
BRDA:289,50,0,0
BRDA:289,50,1,0
BRDA:324,51,0,0
BRDA:324,51,1,0
BRDA:324,51,2,0
BRF:116
BRH:0
end_of_record
TN:
SF:src/utils/points.js
FN:4,getPoints
FN:14,setPoints
FN:26,addPoints
FN:33,hasAward
FN:41,markAwarded
FNF:5
FNH:0
FNDA:0,getPoints
FNDA:0,setPoints
FNDA:0,addPoints
FNDA:0,hasAward
FNDA:0,markAwarded
DA:2,0
DA:5,0
DA:6,0
DA:7,0
DA:8,0
DA:10,0
DA:15,0
DA:16,0
DA:17,0
DA:19,0
DA:20,0
DA:22,0
DA:27,0
DA:28,0
DA:29,0
DA:30,0
DA:34,0
DA:35,0
DA:37,0
DA:42,0
DA:43,0
LF:21
LH:0
BRDA:7,0,0,0
BRDA:7,0,1,0
BRDA:8,1,0,0
BRDA:8,1,1,0
BRDA:16,2,0,0
BRDA:16,2,1,0
BRDA:27,3,0,0
BRDA:27,3,1,0
BRDA:28,4,0,0
BRDA:28,4,1,0
BRF:10
BRH:0
end_of_record
TN:
SF:src/utils/quill.jsx
FN:7,QuillEditor
FN:11,(anonymous_1)
FN:18,(anonymous_2)
FN:25,(anonymous_3)
FN:51,(anonymous_4)
FN:71,(anonymous_5)
FN:86,(anonymous_6)
FN:96,(anonymous_7)
FNF:8
FNH:0
FNDA:0,QuillEditor
FNDA:0,(anonymous_1)
FNDA:0,(anonymous_2)
FNDA:0,(anonymous_3)
FNDA:0,(anonymous_4)
FNDA:0,(anonymous_5)
FNDA:0,(anonymous_6)
FNDA:0,(anonymous_7)
DA:14,0
DA:15,0
DA:16,0
DA:18,0
DA:20,0
DA:22,0
DA:23,0
DA:25,0
DA:26,0
DA:27,0
DA:29,0
DA:31,0
DA:33,0
DA:35,0
DA:36,0
DA:39,0
DA:40,0
DA:41,0
DA:44,0
DA:52,0
DA:53,0
DA:54,0
DA:62,0
DA:65,0
DA:66,0
DA:67,0
DA:68,0
DA:71,0
DA:72,0
DA:73,0
DA:74,0
DA:75,0
DA:76,0
DA:84,0
DA:86,0
DA:87,0
DA:88,0
DA:89,0
DA:91,0
DA:96,0
DA:97,0
DA:98,0
DA:100,0
DA:101,0
DA:102,0
DA:103,0
DA:107,0
LF:47
LH:0
BRDA:9,0,0,0
BRDA:10,1,0,0
BRDA:11,2,0,0
BRDA:12,3,0,0
BRDA:20,4,0,0
BRDA:20,4,1,0
BRDA:29,5,0,0
BRDA:29,5,1,0
BRDA:33,6,0,0
BRDA:33,6,1,0
BRDA:39,7,0,0
BRDA:39,7,1,0
BRDA:53,8,0,0
BRDA:53,8,1,0
BRDA:65,9,0,0
BRDA:65,9,1,0
BRDA:67,10,0,0
BRDA:67,10,1,0
BRDA:74,11,0,0
BRDA:74,11,1,0
BRDA:88,12,0,0
BRDA:88,12,1,0
BRDA:88,13,0,0
BRDA:88,13,1,0
BRDA:98,14,0,0
BRDA:98,14,1,0
BRDA:100,15,0,0
BRDA:100,15,1,0
BRDA:102,16,0,0
BRDA:102,16,1,0
BRDA:103,17,0,0
BRDA:103,17,1,0
BRDA:180,18,0,0
BRDA:180,18,1,0
BRF:34
BRH:0
end_of_record
TN:
SF:src/utils/reportCardPdf.js
FN:17,(anonymous_0)
FN:19,(anonymous_1)
FN:25,(anonymous_2)
FN:35,(anonymous_3)
FN:42,(anonymous_4)
FN:44,(anonymous_5)
FN:45,(anonymous_6)
FN:53,(anonymous_7)
FN:123,(anonymous_8)
FN:136,(anonymous_9)
FN:144,(anonymous_10)
FN:149,(anonymous_11)
FN:161,(anonymous_12)
FN:171,(anonymous_13)
FN:183,(anonymous_14)
FN:198,(anonymous_15)
FN:205,(anonymous_16)
FN:215,(anonymous_17)
FN:220,(anonymous_18)
FNF:19
FNH:0
FNDA:0,(anonymous_0)
FNDA:0,(anonymous_1)
FNDA:0,(anonymous_2)
FNDA:0,(anonymous_3)
FNDA:0,(anonymous_4)
FNDA:0,(anonymous_5)
FNDA:0,(anonymous_6)
FNDA:0,(anonymous_7)
FNDA:0,(anonymous_8)
FNDA:0,(anonymous_9)
FNDA:0,(anonymous_10)
FNDA:0,(anonymous_11)
FNDA:0,(anonymous_12)
FNDA:0,(anonymous_13)
FNDA:0,(anonymous_14)
FNDA:0,(anonymous_15)
FNDA:0,(anonymous_16)
FNDA:0,(anonymous_17)
FNDA:0,(anonymous_18)
DA:3,0
DA:17,0
DA:19,0
DA:20,0
DA:25,0
DA:26,0
DA:27,0
DA:28,0
DA:35,0
DA:36,0
DA:37,0
DA:38,0
DA:39,0
DA:40,0
DA:41,0
DA:42,0
DA:43,0
DA:44,0
DA:45,0
DA:46,0
DA:49,0
DA:53,0
DA:54,0
DA:55,0
DA:56,0
DA:57,0
DA:59,0
DA:60,0
DA:61,0
DA:62,0
DA:65,0
DA:66,0
DA:68,0
DA:69,0
DA:70,0
DA:71,0
DA:72,0
DA:73,0
DA:74,0
DA:76,0
DA:77,0
DA:80,0
DA:81,0
DA:82,0
DA:83,0
DA:84,0
DA:86,0
DA:87,0
DA:88,0
DA:89,0
DA:95,0
DA:96,0
DA:97,0
DA:98,0
DA:99,0
DA:105,0
DA:106,0
DA:107,0
DA:108,0
DA:109,0
DA:110,0
DA:111,0
DA:116,0
DA:123,0
DA:124,0
DA:125,0
DA:126,0
DA:127,0
DA:128,0
DA:129,0
DA:130,0
DA:131,0
DA:132,0
DA:133,0
DA:136,0
DA:137,0
DA:138,0
DA:139,0
DA:140,0
DA:141,0
DA:143,0
DA:144,0
DA:145,0
DA:146,0
DA:148,0
DA:149,0
DA:150,0
DA:151,0
DA:153,0
DA:155,0
DA:156,0
DA:157,0
DA:158,0
DA:159,0
DA:161,0
DA:162,0
DA:163,0
DA:164,0
DA:171,0
DA:172,0
DA:173,0
DA:174,0
DA:175,0
DA:177,0
DA:180,0
DA:183,0
DA:184,0
DA:185,0
DA:186,0
DA:187,0
DA:189,0
DA:190,0
DA:191,0
DA:192,0
DA:193,0
DA:194,0
DA:195,0
DA:198,0
DA:199,0
DA:200,0
DA:201,0
DA:202,0
DA:205,0
DA:206,0
DA:207,0
DA:208,0
DA:209,0
DA:210,0
DA:211,0
DA:212,0
DA:215,0
DA:216,0
DA:217,0
DA:218,0
DA:219,0
DA:220,0
DA:221,0
DA:222,0
DA:224,0
DA:225,0
LF:140
LH:0
BRDA:17,0,0,0
BRDA:17,0,1,0
BRDA:27,1,0,0
BRDA:27,1,1,0
BRDA:37,2,0,0
BRDA:37,2,1,0
BRDA:40,3,0,0
BRDA:40,3,1,0
BRDA:44,4,0,0
BRDA:44,4,1,0
BRDA:54,5,0,0
BRDA:54,5,1,0
BRDA:59,6,0,0
BRDA:59,6,1,0
BRDA:71,7,0,0
BRDA:71,7,1,0
BRDA:73,8,0,0
BRDA:73,8,1,0
BRDA:76,9,0,0
BRDA:76,9,1,0
BRDA:81,10,0,0
BRDA:81,10,1,0
BRDA:84,11,0,0
BRDA:84,11,1,0
BRDA:86,12,0,0
BRDA:86,12,1,0
BRDA:95,13,0,0
BRDA:95,13,1,0
BRDA:108,14,0,0
BRDA:108,14,1,0
BRDA:112,15,0,0
BRDA:112,15,1,0
BRDA:117,16,0,0
BRDA:117,16,1,0
BRDA:117,17,0,0
BRDA:117,17,1,0
BRDA:126,18,0,0
BRDA:126,18,1,0
BRDA:131,19,0,0
BRDA:131,19,1,0
BRDA:131,20,0,0
BRDA:131,20,1,0
BRDA:132,21,0,0
BRDA:132,21,1,0
BRDA:133,22,0,0
BRDA:133,22,1,0
BRDA:156,23,0,0
BRDA:156,23,1,0
BRDA:157,24,0,0
BRDA:157,24,1,0
BRDA:162,25,0,0
BRDA:162,25,1,0
BRDA:165,26,0,0
BRDA:165,26,1,0
BRDA:166,27,0,0
BRDA:166,27,1,0
BRDA:167,28,0,0
BRDA:167,28,1,0
BRDA:168,29,0,0
BRDA:168,29,1,0
BRDA:169,30,0,0
BRDA:169,30,1,0
BRDA:173,31,0,0
BRDA:173,31,1,0
BRDA:184,32,0,0
BRDA:184,32,1,0
BRDA:199,33,0,0
BRDA:199,33,1,0
BRDA:200,34,0,0
BRDA:200,34,1,0
BRDA:201,35,0,0
BRDA:201,35,1,0
BRDA:206,36,0,0
BRDA:206,36,1,0
BRDA:208,37,0,0
BRDA:208,37,1,0
BRDA:210,38,0,0
BRDA:210,38,1,0
BRDA:210,39,0,0
BRDA:210,39,1,0
BRDA:216,40,0,0
BRDA:216,40,1,0
BRDA:217,41,0,0
BRDA:217,41,1,0
BRDA:219,42,0,0
BRDA:219,42,1,0
BRDA:221,43,0,0
BRDA:221,43,1,0
BRDA:224,44,0,0
BRDA:224,44,1,0
BRF:90
BRH:0
end_of_record
TN:
SF:src/utils/studentApiCache.js
FN:3,(anonymous_0)
FN:12,(anonymous_1)
FN:24,(anonymous_2)
FN:26,(anonymous_3)
FN:28,(anonymous_4)
FN:46,(anonymous_5)
FN:64,(anonymous_6)
FN:74,(anonymous_7)
FNF:8
FNH:0
FNDA:0,(anonymous_0)
FNDA:0,(anonymous_1)
FNDA:0,(anonymous_2)
FNDA:0,(anonymous_3)
FNDA:0,(anonymous_4)
FNDA:0,(anonymous_5)
FNDA:0,(anonymous_6)
FNDA:0,(anonymous_7)
DA:1,0
DA:3,0
DA:4,0
DA:5,0
DA:6,0
DA:8,0
DA:12,0
DA:13,0
DA:14,0
DA:15,0
DA:16,0
DA:17,0
DA:18,0
DA:20,0
DA:24,0
DA:26,0
DA:28,0
DA:29,0
DA:30,0
DA:31,0
DA:32,0
DA:33,0
DA:34,0
DA:35,0
DA:36,0
DA:37,0
DA:38,0
DA:40,0
DA:42,0
DA:46,0
DA:47,0
DA:48,0
DA:49,0
DA:50,0
DA:51,0
DA:64,0
DA:65,0
DA:66,0
DA:67,0
DA:68,0
DA:74,0
DA:79,0
DA:81,0
DA:82,0
DA:83,0
DA:84,0
DA:85,0
DA:86,0
DA:90,0
DA:91,0
DA:92,0
DA:93,0
DA:94,0
DA:95,0
DA:99,0
DA:102,0
DA:103,0
DA:104,0
LF:58
LH:0
BRDA:5,0,0,0
BRDA:5,0,1,0
BRDA:5,1,0,0
BRDA:5,1,1,0
BRDA:14,2,0,0
BRDA:14,2,1,0
BRDA:15,3,0,0
BRDA:15,3,1,0
BRDA:24,4,0,0
BRDA:24,4,1,0
BRDA:30,5,0,0
BRDA:30,5,1,0
BRDA:33,6,0,0
BRDA:33,6,1,0
BRDA:35,7,0,0
BRDA:35,7,1,0
BRDA:35,8,0,0
BRDA:35,8,1,0
BRDA:36,9,0,0
BRDA:36,9,1,0
BRDA:36,10,0,0
BRDA:36,10,1,0
BRDA:48,11,0,0
BRDA:48,11,1,0
BRDA:56,12,0,0
BRDA:56,12,1,0
BRDA:66,13,0,0
BRDA:66,13,1,0
BRDA:74,14,0,0
BRDA:76,15,0,0
BRDA:77,16,0,0
BRDA:78,17,0,0
BRDA:83,18,0,0
BRDA:83,18,1,0
BRDA:85,19,0,0
BRDA:85,19,1,0
BRDA:85,20,0,0
BRDA:85,20,1,0
BRDA:91,21,0,0
BRDA:91,21,1,0
BRDA:95,22,0,0
BRDA:95,22,1,0
BRDA:95,22,2,0
BRF:43
BRH:0
end_of_record
TN:
SF:src/utils/studentCache.js
FN:1,(anonymous_0)
FN:10,(anonymous_1)
FN:19,(anonymous_2)
FN:41,(anonymous_3)
FN:51,(anonymous_4)
FNF:5
FNH:0
FNDA:0,(anonymous_0)
FNDA:0,(anonymous_1)
FNDA:0,(anonymous_2)
FNDA:0,(anonymous_3)
FNDA:0,(anonymous_4)
DA:1,0
DA:2,0
DA:3,0
DA:10,0
DA:11,0
DA:12,0
DA:13,0
DA:15,0
DA:19,0
DA:20,0
DA:21,0
DA:22,0
DA:23,0
DA:24,0
DA:25,0
DA:26,0
DA:27,0
DA:28,0
DA:29,0
DA:31,0
DA:32,0
DA:33,0
DA:35,0
DA:37,0
DA:41,0
DA:42,0
DA:43,0
DA:44,0
DA:45,0
DA:51,0
DA:52,0
DA:53,0
DA:54,0
DA:55,0
LF:34
LH:0
BRDA:6,0,0,0
BRDA:6,0,1,0
BRDA:6,1,0,0
BRDA:6,1,1,0
BRDA:12,2,0,0
BRDA:12,2,1,0
BRDA:12,3,0,0
BRDA:12,3,1,0
BRDA:21,4,0,0
BRDA:21,4,1,0
BRDA:24,5,0,0
BRDA:24,5,1,0
BRDA:26,6,0,0
BRDA:26,6,1,0
BRDA:26,7,0,0
BRDA:26,7,1,0
BRDA:27,8,0,0
BRDA:27,8,1,0
BRDA:27,9,0,0
BRDA:27,9,1,0
BRDA:31,10,0,0
BRDA:31,10,1,0
BRDA:31,11,0,0
BRDA:31,11,1,0
BRDA:43,12,0,0
BRDA:43,12,1,0
BRDA:53,13,0,0
BRDA:53,13,1,0
BRF:28
BRH:0
end_of_record
TN:
SF:src/utils/studentDisplay.js
FN:1,(anonymous_0)
FN:10,(anonymous_1)
FN:17,(anonymous_2)
FN:20,(anonymous_3)
FN:34,(anonymous_4)
FN:37,(anonymous_5)
FNF:6
FNH:0
FNDA:0,(anonymous_0)
FNDA:0,(anonymous_1)
FNDA:0,(anonymous_2)
FNDA:0,(anonymous_3)
FNDA:0,(anonymous_4)
FNDA:0,(anonymous_5)
DA:1,0
DA:2,0
DA:3,0
DA:4,0
DA:5,0
DA:7,0
DA:10,0
DA:11,0
DA:12,0
DA:14,0
DA:17,0
DA:18,0
DA:20,0
DA:21,0
DA:34,0
DA:35,0
DA:37,0
DA:38,0
DA:39,0
DA:40,0
DA:41,0
LF:21
LH:0
BRDA:3,0,0,0
BRDA:3,0,1,0
BRDA:3,1,0,0
BRDA:3,1,1,0
BRDA:5,2,0,0
BRDA:5,2,1,0
BRDA:11,3,0,0
BRDA:11,3,1,0
BRDA:11,4,0,0
BRDA:11,4,1,0
BRDA:17,5,0,0
BRDA:20,6,0,0
BRDA:34,7,0,0
BRDA:37,8,0,0
BRDA:39,9,0,0
BRDA:39,9,1,0
BRDA:40,10,0,0
BRDA:40,10,1,0
BRF:18
BRH:0
end_of_record
