TN:
SF:src/components/SchoolRegistrationForm.jsx
FN:14,(anonymous_0)
FN:19,(anonymous_1)
FN:23,(anonymous_2)
FN:51,(anonymous_3)
FN:60,(anonymous_4)
FN:69,(anonymous_5)
FN:86,(anonymous_6)
FN:102,(anonymous_7)
FN:133,(anonymous_8)
FN:135,(anonymous_9)
FN:146,(anonymous_10)
FN:153,(anonymous_11)
FN:154,(anonymous_12)
FN:155,(anonymous_13)
FN:156,(anonymous_14)
FN:161,(anonymous_15)
FN:162,(anonymous_16)
FN:167,(anonymous_17)
FN:169,(anonymous_18)
FN:169,(anonymous_19)
FN:170,(anonymous_20)
FN:172,(anonymous_21)
FN:172,(anonymous_22)
FN:177,(anonymous_23)
FN:178,(anonymous_24)
FN:180,(anonymous_25)
FN:183,(anonymous_26)
FN:187,(anonymous_27)
FN:189,(anonymous_28)
FN:190,(anonymous_29)
FN:194,(anonymous_30)
FN:202,(anonymous_31)
FN:229,(anonymous_32)
FN:257,(anonymous_33)
FN:267,(anonymous_34)
FN:278,(anonymous_35)
FN:283,(anonymous_36)
FN:286,(anonymous_37)
FN:289,(anonymous_38)
FN:298,(anonymous_39)
FN:302,(anonymous_40)
FN:309,(anonymous_41)
FN:313,(anonymous_42)
FN:317,(anonymous_43)
FN:318,(anonymous_44)
FN:321,(anonymous_45)
FN:324,(anonymous_46)
FN:329,(anonymous_47)
FN:330,(anonymous_48)
FN:331,(anonymous_49)
FN:331,(anonymous_50)
FN:334,(anonymous_51)
FN:341,(anonymous_52)
FN:342,(anonymous_53)
FN:342,(anonymous_54)
FN:343,(anonymous_55)
FN:343,(anonymous_56)
FN:349,(anonymous_57)
FN:351,(anonymous_58)
FN:356,(anonymous_59)
FN:358,(anonymous_60)
FN:364,(anonymous_61)
FN:406,(anonymous_62)
FN:416,(anonymous_63)
FN:455,(anonymous_64)
FN:466,(anonymous_65)
FN:481,(anonymous_66)
FN:495,(anonymous_67)
FN:498,(anonymous_68)
FN:507,(anonymous_69)
FN:523,(anonymous_70)
FN:533,(anonymous_71)
FN:554,(anonymous_72)
FN:562,(anonymous_73)
FN:587,(anonymous_74)
FN:679,(anonymous_75)
FN:716,(anonymous_76)
FN:716,(anonymous_77)
FN:780,(anonymous_78)
FN:786,(anonymous_79)
FN:836,(anonymous_80)
FN:859,(anonymous_81)
FN:886,(anonymous_82)
FNF:83
FNH:41
FNDA:6,(anonymous_0)
FNDA:3,(anonymous_1)
FNDA:0,(anonymous_2)
FNDA:1417,(anonymous_3)
FNDA:1735,(anonymous_4)
FNDA:271,(anonymous_5)
FNDA:38,(anonymous_6)
FNDA:195,(anonymous_7)
FNDA:0,(anonymous_8)
FNDA:0,(anonymous_9)
FNDA:0,(anonymous_10)
FNDA:0,(anonymous_11)
FNDA:0,(anonymous_12)
FNDA:0,(anonymous_13)
FNDA:0,(anonymous_14)
FNDA:2,(anonymous_15)
FNDA:2,(anonymous_16)
FNDA:1,(anonymous_17)
FNDA:1,(anonymous_18)
FNDA:2,(anonymous_19)
FNDA:1,(anonymous_20)
FNDA:0,(anonymous_21)
FNDA:0,(anonymous_22)
FNDA:37,(anonymous_23)
FNDA:37,(anonymous_24)
FNDA:37,(anonymous_25)
FNDA:1,(anonymous_26)
FNDA:81,(anonymous_27)
FNDA:81,(anonymous_28)
FNDA:1,(anonymous_29)
FNDA:24,(anonymous_30)
FNDA:24,(anonymous_31)
FNDA:9,(anonymous_32)
FNDA:0,(anonymous_33)
FNDA:0,(anonymous_34)
FNDA:0,(anonymous_35)
FNDA:0,(anonymous_36)
FNDA:0,(anonymous_37)
FNDA:0,(anonymous_38)
FNDA:0,(anonymous_39)
FNDA:0,(anonymous_40)
FNDA:0,(anonymous_41)
FNDA:0,(anonymous_42)
FNDA:0,(anonymous_43)
FNDA:0,(anonymous_44)
FNDA:0,(anonymous_45)
FNDA:0,(anonymous_46)
FNDA:0,(anonymous_47)
FNDA:0,(anonymous_48)
FNDA:0,(anonymous_49)
FNDA:0,(anonymous_50)
FNDA:0,(anonymous_51)
FNDA:0,(anonymous_52)
FNDA:0,(anonymous_53)
FNDA:0,(anonymous_54)
FNDA:0,(anonymous_55)
FNDA:0,(anonymous_56)
FNDA:33,(anonymous_57)
FNDA:12,(anonymous_58)
FNDA:2,(anonymous_59)
FNDA:2,(anonymous_60)
FNDA:0,(anonymous_61)
FNDA:471,(anonymous_62)
FNDA:195,(anonymous_63)
FNDA:159,(anonymous_64)
FNDA:1,(anonymous_65)
FNDA:19,(anonymous_66)
FNDA:0,(anonymous_67)
FNDA:318,(anonymous_68)
FNDA:17,(anonymous_69)
FNDA:0,(anonymous_70)
FNDA:1,(anonymous_71)
FNDA:628,(anonymous_72)
FNDA:1099,(anonymous_73)
FNDA:471,(anonymous_74)
FNDA:0,(anonymous_75)
FNDA:0,(anonymous_76)
FNDA:0,(anonymous_77)
FNDA:0,(anonymous_78)
FNDA:0,(anonymous_79)
FNDA:780,(anonymous_80)
FNDA:780,(anonymous_81)
FNDA:195,(anonymous_82)
DA:11,1
DA:14,1
DA:15,6
DA:16,6
DA:19,1
DA:20,3
DA:23,1
DA:24,0
DA:25,0
DA:26,0
DA:28,0
DA:32,1
DA:39,1
DA:40,1
DA:41,1
DA:42,1
DA:48,1
DA:51,1
DA:52,1417
DA:60,1
DA:61,1735
DA:69,1
DA:70,271
DA:86,1
DA:87,38
DA:102,1
DA:103,195
DA:104,195
DA:105,195
DA:107,195
DA:126,195
DA:127,195
DA:128,195
DA:129,195
DA:130,195
DA:131,195
DA:133,195
DA:134,0
DA:135,0
DA:137,0
DA:138,0
DA:139,0
DA:140,0
DA:143,0
DA:146,195
DA:147,0
DA:148,0
DA:149,0
DA:150,0
DA:151,0
DA:153,0
DA:154,0
DA:155,0
DA:156,0
DA:157,0
DA:161,195
DA:162,2
DA:167,195
DA:168,1
DA:169,2
DA:170,1
DA:171,1
DA:172,1
DA:173,1
DA:177,195
DA:178,37
DA:180,37
DA:182,37
DA:183,37
DA:187,195
DA:188,81
DA:189,81
DA:190,81
DA:194,195
DA:195,24
DA:196,24
DA:197,20
DA:199,24
DA:200,0
DA:202,24
DA:203,24
DA:204,6
DA:205,24
DA:206,7
DA:207,17
DA:208,1
DA:209,24
DA:210,1
DA:214,24
DA:215,9
DA:217,24
DA:218,10
DA:219,14
DA:220,1
DA:222,24
DA:223,12
DA:225,24
DA:226,24
DA:229,195
DA:230,9
DA:231,9
DA:232,1
DA:233,8
DA:234,1
DA:235,7
DA:236,1
DA:238,9
DA:239,4
DA:240,5
DA:241,1
DA:243,9
DA:244,6
DA:245,3
DA:246,1
DA:248,9
DA:249,8
DA:250,1
DA:251,1
DA:253,9
DA:254,9
DA:257,195
DA:258,0
DA:259,0
DA:260,0
DA:261,0
DA:262,0
DA:263,0
DA:264,0
DA:267,195
DA:268,0
DA:269,0
DA:270,0
DA:271,0
DA:272,0
DA:273,0
DA:274,0
DA:278,195
DA:279,0
DA:280,0
DA:281,0
DA:282,0
DA:283,0
DA:285,0
DA:286,0
DA:288,0
DA:289,0
DA:290,0
DA:291,0
DA:292,0
DA:293,0
DA:294,0
DA:295,0
DA:296,0
DA:297,0
DA:298,0
DA:299,0
DA:300,0
DA:302,0
DA:303,0
DA:305,0
DA:309,195
DA:310,0
DA:311,0
DA:312,0
DA:313,0
DA:315,0
DA:316,0
DA:317,0
DA:318,0
DA:320,0
DA:321,0
DA:322,0
DA:323,0
DA:324,0
DA:325,0
DA:326,0
DA:327,0
DA:328,0
DA:329,0
DA:330,0
DA:331,0
DA:332,0
DA:334,0
DA:335,0
DA:337,0
DA:341,195
DA:342,0
DA:343,0
DA:347,195
DA:349,195
DA:350,33
DA:351,12
DA:352,12
DA:356,195
DA:357,2
DA:358,2
DA:359,2
DA:364,195
DA:365,0
DA:366,0
DA:367,0
DA:368,0
DA:369,0
DA:374,0
DA:375,0
DA:376,0
DA:377,0
DA:378,0
DA:379,0
DA:380,0
DA:382,0
DA:384,0
DA:386,0
DA:387,0
DA:388,0
DA:389,0
DA:390,0
DA:392,0
DA:393,0
DA:395,0
DA:396,0
DA:397,0
DA:399,0
DA:401,0
DA:406,195
DA:407,471
DA:416,195
DA:417,195
DA:420,157
DA:456,159
DA:466,1
DA:481,19
DA:495,0
DA:498,318
DA:507,17
DA:523,0
DA:533,1
DA:554,628
DA:562,1099
DA:587,471
DA:596,38
DA:659,0
DA:680,0
DA:698,0
DA:716,0
DA:781,0
DA:786,0
DA:802,0
DA:809,195
DA:837,780
DA:838,780
DA:839,780
DA:860,780
DA:861,780
DA:886,195
LF:255
LH:135
BRDA:25,0,0,0
BRDA:25,0,1,0
BRDA:52,1,0,86
BRDA:52,1,1,1331
BRDA:63,2,0,1735
BRDA:63,2,1,1258
BRDA:64,3,0,1735
BRDA:64,3,1,318
BRDA:76,4,0,271
BRDA:76,4,1,271
BRDA:77,5,0,21
BRDA:77,5,1,250
BRDA:93,6,0,38
BRDA:93,6,1,38
BRDA:94,7,0,9
BRDA:94,7,1,29
BRDA:133,8,0,0
BRDA:138,9,0,0
BRDA:138,9,1,0
BRDA:146,10,0,0
BRDA:147,11,0,0
BRDA:147,11,1,0
BRDA:153,12,0,0
BRDA:153,12,1,0
BRDA:154,13,0,0
BRDA:154,13,1,0
BRDA:155,14,0,0
BRDA:155,14,1,0
BRDA:156,15,0,0
BRDA:156,15,1,0
BRDA:156,16,0,0
BRDA:156,16,1,0
BRDA:168,17,0,0
BRDA:168,17,1,1
BRDA:180,18,0,37
BRDA:180,18,1,0
BRDA:183,19,0,1
BRDA:183,19,1,36
BRDA:190,20,0,1
BRDA:190,20,1,80
BRDA:196,21,0,4
BRDA:196,21,1,20
BRDA:197,22,0,1
BRDA:197,22,1,19
BRDA:199,23,0,0
BRDA:199,23,1,24
BRDA:203,24,0,6
BRDA:203,24,1,18
BRDA:205,25,0,7
BRDA:205,25,1,17
BRDA:207,26,0,1
BRDA:207,26,1,16
BRDA:209,27,0,1
BRDA:209,27,1,23
BRDA:209,28,0,24
BRDA:209,28,1,1
BRDA:214,29,0,9
BRDA:214,29,1,15
BRDA:217,30,0,10
BRDA:217,30,1,14
BRDA:219,31,0,1
BRDA:219,31,1,13
BRDA:219,32,0,14
BRDA:219,32,1,1
BRDA:222,33,0,12
BRDA:222,33,1,12
BRDA:231,34,0,1
BRDA:231,34,1,8
BRDA:233,35,0,1
BRDA:233,35,1,7
BRDA:235,36,0,1
BRDA:235,36,1,6
BRDA:238,37,0,4
BRDA:238,37,1,5
BRDA:240,38,0,1
BRDA:240,38,1,4
BRDA:243,39,0,6
BRDA:243,39,1,3
BRDA:245,40,0,1
BRDA:245,40,1,2
BRDA:248,41,0,8
BRDA:248,41,1,1
BRDA:250,42,0,1
BRDA:250,42,1,0
BRDA:259,43,0,0
BRDA:259,43,1,0
BRDA:259,44,0,0
BRDA:259,44,1,0
BRDA:261,45,0,0
BRDA:261,45,1,0
BRDA:269,46,0,0
BRDA:269,46,1,0
BRDA:271,47,0,0
BRDA:271,47,1,0
BRDA:280,48,0,0
BRDA:280,48,1,0
BRDA:282,49,0,0
BRDA:282,49,1,0
BRDA:285,50,0,0
BRDA:285,50,1,0
BRDA:295,51,0,0
BRDA:295,51,1,0
BRDA:311,52,0,0
BRDA:311,52,1,0
BRDA:312,53,0,0
BRDA:312,53,1,0
BRDA:317,54,0,0
BRDA:317,54,1,0
BRDA:318,55,0,0
BRDA:318,55,1,0
BRDA:327,56,0,0
BRDA:327,56,1,0
BRDA:332,57,0,0
BRDA:332,57,1,0
BRDA:350,58,0,12
BRDA:350,58,1,21
BRDA:350,59,0,33
BRDA:350,59,1,12
BRDA:357,60,0,2
BRDA:357,60,1,0
BRDA:366,61,0,0
BRDA:366,61,1,0
BRDA:375,62,0,0
BRDA:375,62,1,0
BRDA:376,63,0,0
BRDA:376,63,1,0
BRDA:378,64,0,0
BRDA:378,64,1,0
BRDA:378,65,0,0
BRDA:378,65,1,0
BRDA:380,66,0,0
BRDA:380,66,1,0
BRDA:382,67,0,0
BRDA:382,67,1,0
BRDA:386,68,0,0
BRDA:386,68,1,0
BRDA:392,69,0,0
BRDA:392,69,1,0
BRDA:399,70,0,0
BRDA:399,70,1,0
BRDA:408,71,0,37
BRDA:408,71,1,434
BRDA:417,72,0,157
BRDA:417,72,1,38
BRDA:417,72,2,0
BRDA:417,72,3,0
BRDA:417,72,4,0
BRDA:442,73,0,2
BRDA:442,73,1,155
BRDA:461,74,0,159
BRDA:461,74,1,157
BRDA:463,75,0,159
BRDA:463,75,1,4
BRDA:484,76,0,7
BRDA:484,76,1,152
BRDA:511,77,0,10
BRDA:511,77,1,149
BRDA:536,78,0,1
BRDA:536,78,1,158
BRDA:568,79,0,157
BRDA:568,79,1,3
BRDA:577,80,0,1
BRDA:577,80,1,2
BRDA:707,81,0,0
BRDA:707,81,1,0
BRDA:729,82,0,0
BRDA:729,82,1,0
BRDA:730,83,0,0
BRDA:730,83,1,0
BRDA:732,84,0,0
BRDA:732,84,1,0
BRDA:750,85,0,0
BRDA:750,85,1,0
BRDA:764,86,0,0
BRDA:764,86,1,0
BRDA:765,87,0,0
BRDA:765,87,1,0
BRDA:767,88,0,0
BRDA:767,88,1,0
BRDA:778,89,0,0
BRDA:778,89,1,0
BRDA:843,90,0,38
BRDA:843,90,1,742
BRDA:845,91,0,195
BRDA:845,91,1,547
BRDA:850,92,0,38
BRDA:850,92,1,742
BRDA:865,93,0,195
BRDA:865,93,1,585
BRDA:895,94,0,38
BRDA:895,94,1,157
BRDA:908,95,0,195
BRDA:908,95,1,0
BRDA:923,96,0,0
BRDA:923,96,1,0
BRF:195
BRH:98
end_of_record
